/home/smg13363/pkg/optavc/optimize.py:46: FutureWarning: Using `psi4.core.set_gradient` (only used internally for C++ optking; deprecated silently in 1.2) is deprecated, and in 1.4 (or whenever Py optking is adopted) it will stop working

  psi4.core.set_gradient(grad)
/home/smg13363/pkg/optavc/optimize.py:46: FutureWarning: Using `psi4.core.set_gradient` (only used internally for C++ optking; deprecated silently in 1.2) is deprecated, and in 1.4 (or whenever Py optking is adopted) it will stop working

  psi4.core.set_gradient(grad)
/home/smg13363/pkg/optavc/optimize.py:46: FutureWarning: Using `psi4.core.set_gradient` (only used internally for C++ optking; deprecated silently in 1.2) is deprecated, and in 1.4 (or whenever Py optking is adopted) it will stop working

  psi4.core.set_gradient(grad)
/home/smg13363/pkg/optavc/optimize.py:46: FutureWarning: Using `psi4.core.set_gradient` (only used internally for C++ optking; deprecated silently in 1.2) is deprecated, and in 1.4 (or whenever Py optking is adopted) it will stop working

  psi4.core.set_gradient(grad)
/home/smg13363/pkg/optavc/optimize.py:46: FutureWarning: Using `psi4.core.set_gradient` (only used internally for C++ optking; deprecated silently in 1.2) is deprecated, and in 1.4 (or whenever Py optking is adopted) it will stop working

  psi4.core.set_gradient(grad)
/home/smg13363/pkg/optavc/optimize.py:46: FutureWarning: Using `psi4.core.set_gradient` (only used internally for C++ optking; deprecated silently in 1.2) is deprecated, and in 1.4 (or whenever Py optking is adopted) it will stop working

  psi4.core.set_gradient(grad)
/home/smg13363/pkg/optavc/optimize.py:46: FutureWarning: Using `psi4.core.set_gradient` (only used internally for C++ optking; deprecated silently in 1.2) is deprecated, and in 1.4 (or whenever Py optking is adopted) it will stop working

  psi4.core.set_gradient(grad)

====================Beginning new step 0======================

Creating correct gradient class
[ 0.00000000e+00  0.00000000e+00 -1.36405317e-01  4.43178310e-17
 -1.44753021e+00  1.08242569e+00 -4.43178310e-17  1.44753021e+00
  1.08242569e+00]
[ 0.00000000e+00  0.00000000e+00 -1.35568842e-01  4.43178310e-17
 -1.44753021e+00  1.07578795e+00 -4.43178310e-17  1.44753021e+00
  1.07578795e+00]
[ 0.00000000e+00  0.00000000e+00 -1.35987080e-01  4.43178310e-17
 -1.45105199e+00  1.07910682e+00 -4.43178310e-17  1.45105199e+00
  1.07910682e+00]
[ 0.00000000e+00  0.00000000e+00 -1.35987080e-01  4.43178310e-17
 -1.44400843e+00  1.07910682e+00 -4.43178310e-17  1.44400843e+00
  1.07910682e+00]
Could not open output file for singlepoint: 1
Tried to open /scratch/smg13363/workDir/0_oh_dimer/h2o_o/opts/ccsd_t/adz/STEP00/1/output.dat
Could not open output file for singlepoint: 2
Tried to open /scratch/smg13363/workDir/0_oh_dimer/h2o_o/opts/ccsd_t/adz/STEP00/2/output.dat
Could not open output file for singlepoint: 3
Tried to open /scratch/smg13363/workDir/0_oh_dimer/h2o_o/opts/ccsd_t/adz/STEP00/3/output.dat
Could not open output file for singlepoint: 4
Tried to open /scratch/smg13363/workDir/0_oh_dimer/h2o_o/opts/ccsd_t/adz/STEP00/4/output.dat
Could not open output file for singlepoint: 5
Tried to open /scratch/smg13363/workDir/0_oh_dimer/h2o_o/opts/ccsd_t/adz/STEP00/5/output.dat
state: False
output:        JobID                                                      JobName      State 
------------        ----------------------------------------------------- ---------- 
1917509                                                         h2o--00-1    RUNNING 

state: True
output:        JobID                                                      JobName      State 
------------        ----------------------------------------------------- ---------- 
1917510                                                         h2o--00-2  COMPLETED 

state: True
output:        JobID                                                      JobName      State 
------------        ----------------------------------------------------- ---------- 
1917511                                                         h2o--00-3  COMPLETED 

state: True
output:        JobID                                                      JobName      State 
------------        ----------------------------------------------------- ---------- 
1917512                                                         h2o--00-4  COMPLETED 

state: True
output:        JobID                                                      JobName      State 
------------        ----------------------------------------------------- ---------- 
1917513                                                         h2o--00-5  COMPLETED 


====================Beginning new step 1======================

Creating correct gradient class
[ 0.00000000e+00  0.00000000e+00 -1.28076307e-01  4.35849903e-17
 -1.42359382e+00  1.01633196e+00 -4.35849903e-17  1.42359382e+00
  1.01633196e+00]
[ 0.00000000e+00  0.00000000e+00 -1.27239832e-01  4.35849903e-17
 -1.42359382e+00  1.00969423e+00 -4.35849903e-17  1.42359382e+00
  1.00969423e+00]
[ 0.00000000e+00  0.00000000e+00 -1.27658069e-01  4.35849903e-17
 -1.42711560e+00  1.01301310e+00 -4.35849903e-17  1.42711560e+00
  1.01301310e+00]
[ 0.00000000e+00  0.00000000e+00 -1.27658069e-01  4.35849903e-17
 -1.42007203e+00  1.01301310e+00 -4.35849903e-17  1.42007203e+00
  1.01301310e+00]
Could not open output file for singlepoint: 1
Tried to open /scratch/smg13363/workDir/0_oh_dimer/h2o_o/opts/ccsd_t/adz/STEP01/1/output.dat
Could not open output file for singlepoint: 2
Tried to open /scratch/smg13363/workDir/0_oh_dimer/h2o_o/opts/ccsd_t/adz/STEP01/2/output.dat
Could not open output file for singlepoint: 3
Tried to open /scratch/smg13363/workDir/0_oh_dimer/h2o_o/opts/ccsd_t/adz/STEP01/3/output.dat
Could not open output file for singlepoint: 4
Tried to open /scratch/smg13363/workDir/0_oh_dimer/h2o_o/opts/ccsd_t/adz/STEP01/4/output.dat
Could not open output file for singlepoint: 5
Tried to open /scratch/smg13363/workDir/0_oh_dimer/h2o_o/opts/ccsd_t/adz/STEP01/5/output.dat
state: False
output:        JobID                                                      JobName      State 
------------        ----------------------------------------------------- ---------- 
1917515                                                         h2o--01-1    RUNNING 

state: True
output:        JobID                                                      JobName      State 
------------        ----------------------------------------------------- ---------- 
1917516                                                         h2o--01-2  COMPLETED 

state: True
output:        JobID                                                      JobName      State 
------------        ----------------------------------------------------- ---------- 
1917517                                                         h2o--01-3  COMPLETED 

state: True
output:        JobID                                                      JobName      State 
------------        ----------------------------------------------------- ---------- 
1917518                                                         h2o--01-4  COMPLETED 

state: True
output:        JobID                                                      JobName      State 
------------        ----------------------------------------------------- ---------- 
1917519                                                         h2o--01-5  COMPLETED 


====================Beginning new step 2======================

Creating correct gradient class
[ 0.00000000e+00  0.00000000e+00 -1.25142727e-01  4.39089762e-17
 -1.43417600e+00  9.93052948e-01 -4.39089762e-17  1.43417600e+00
  9.93052948e-01]
[ 0.00000000e+00  0.00000000e+00 -1.24306252e-01  4.39089762e-17
 -1.43417600e+00  9.86415215e-01 -4.39089762e-17  1.43417600e+00
  9.86415215e-01]
[ 0.00000000e+00  0.00000000e+00 -1.24724490e-01  4.39089762e-17
 -1.43769778e+00  9.89734081e-01 -4.39089762e-17  1.43769778e+00
  9.89734081e-01]
[ 0.00000000e+00  0.00000000e+00 -1.24724490e-01  4.39089762e-17
 -1.43065422e+00  9.89734081e-01 -4.39089762e-17  1.43065422e+00
  9.89734081e-01]
Could not open output file for singlepoint: 1
Tried to open /scratch/smg13363/workDir/0_oh_dimer/h2o_o/opts/ccsd_t/adz/STEP02/1/output.dat
Could not open output file for singlepoint: 2
Tried to open /scratch/smg13363/workDir/0_oh_dimer/h2o_o/opts/ccsd_t/adz/STEP02/2/output.dat
Could not open output file for singlepoint: 3
Tried to open /scratch/smg13363/workDir/0_oh_dimer/h2o_o/opts/ccsd_t/adz/STEP02/3/output.dat
Could not open output file for singlepoint: 4
Tried to open /scratch/smg13363/workDir/0_oh_dimer/h2o_o/opts/ccsd_t/adz/STEP02/4/output.dat
Could not open output file for singlepoint: 5
Tried to open /scratch/smg13363/workDir/0_oh_dimer/h2o_o/opts/ccsd_t/adz/STEP02/5/output.dat
state: False
output:        JobID                                                      JobName      State 
------------        ----------------------------------------------------- ---------- 
1917522                                                         h2o--02-1    RUNNING 

state: True
output:        JobID                                                      JobName      State 
------------        ----------------------------------------------------- ---------- 
1917523                                                         h2o--02-2  COMPLETED 

state: True
output:        JobID                                                      JobName      State 
------------        ----------------------------------------------------- ---------- 
1917524                                                         h2o--02-3  COMPLETED 

state: True
output:        JobID                                                      JobName      State 
------------        ----------------------------------------------------- ---------- 
1917525                                                         h2o--02-4  COMPLETED 

state: True
output:        JobID                                                      JobName      State 
------------        ----------------------------------------------------- ---------- 
1917526                                                         h2o--02-5  COMPLETED 


====================Beginning new step 3======================

Creating correct gradient class
[ 0.00000000e+00  0.00000000e+00 -1.25383748e-01  4.38945676e-17
 -1.43370538e+00  9.94965535e-01 -4.38945676e-17  1.43370538e+00
  9.94965535e-01]
[ 0.00000000e+00  0.00000000e+00 -1.24547273e-01  4.38945676e-17
 -1.43370538e+00  9.88327803e-01 -4.38945676e-17  1.43370538e+00
  9.88327803e-01]
[ 0.00000000e+00  0.00000000e+00 -1.24965511e-01  4.38945676e-17
 -1.43722716e+00  9.91646669e-01 -4.38945676e-17  1.43722716e+00
  9.91646669e-01]
[ 0.00000000e+00  0.00000000e+00 -1.24965511e-01  4.38945676e-17
 -1.43018360e+00  9.91646669e-01 -4.38945676e-17  1.43018360e+00
  9.91646669e-01]
Could not open output file for singlepoint: 1
Tried to open /scratch/smg13363/workDir/0_oh_dimer/h2o_o/opts/ccsd_t/adz/STEP03/1/output.dat
Could not open output file for singlepoint: 2
Tried to open /scratch/smg13363/workDir/0_oh_dimer/h2o_o/opts/ccsd_t/adz/STEP03/2/output.dat
Could not open output file for singlepoint: 3
Tried to open /scratch/smg13363/workDir/0_oh_dimer/h2o_o/opts/ccsd_t/adz/STEP03/3/output.dat
Could not open output file for singlepoint: 4
Tried to open /scratch/smg13363/workDir/0_oh_dimer/h2o_o/opts/ccsd_t/adz/STEP03/4/output.dat
Could not open output file for singlepoint: 5
Tried to open /scratch/smg13363/workDir/0_oh_dimer/h2o_o/opts/ccsd_t/adz/STEP03/5/output.dat
state: False
output:        JobID                                                      JobName      State 
------------        ----------------------------------------------------- ---------- 
1917529                                                         h2o--03-1    RUNNING 

state: True
output:        JobID                                                      JobName      State 
------------        ----------------------------------------------------- ---------- 
1917530                                                         h2o--03-2  COMPLETED 

state: True
output:        JobID                                                      JobName      State 
------------        ----------------------------------------------------- ---------- 
1917531                                                         h2o--03-3  COMPLETED 

state: True
output:        JobID                                                      JobName      State 
------------        ----------------------------------------------------- ---------- 
1917532                                                         h2o--03-4  COMPLETED 

state: True
output:        JobID                                                      JobName      State 
------------        ----------------------------------------------------- ---------- 
1917533                                                         h2o--03-5  COMPLETED 


====================Beginning new step 4======================

Creating correct gradient class
[ 0.00000000e+00  0.00000000e+00 -1.25369334e-01  4.38931780e-17
 -1.43365999e+00  9.94851155e-01 -4.38931780e-17  1.43365999e+00
  9.94851155e-01]
[ 0.00000000e+00  0.00000000e+00 -1.24532859e-01  4.38931780e-17
 -1.43365999e+00  9.88213422e-01 -4.38931780e-17  1.43365999e+00
  9.88213422e-01]
[ 0.00000000e+00  0.00000000e+00 -1.24951097e-01  4.38931780e-17
 -1.43718177e+00  9.91532289e-01 -4.38931780e-17  1.43718177e+00
  9.91532289e-01]
[ 0.00000000e+00  0.00000000e+00 -1.24951097e-01  4.38931780e-17
 -1.43013821e+00  9.91532289e-01 -4.38931780e-17  1.43013821e+00
  9.91532289e-01]
Could not open output file for singlepoint: 1
Tried to open /scratch/smg13363/workDir/0_oh_dimer/h2o_o/opts/ccsd_t/adz/STEP04/1/output.dat
Could not open output file for singlepoint: 2
Tried to open /scratch/smg13363/workDir/0_oh_dimer/h2o_o/opts/ccsd_t/adz/STEP04/2/output.dat
Could not open output file for singlepoint: 3
Tried to open /scratch/smg13363/workDir/0_oh_dimer/h2o_o/opts/ccsd_t/adz/STEP04/3/output.dat
Could not open output file for singlepoint: 4
Tried to open /scratch/smg13363/workDir/0_oh_dimer/h2o_o/opts/ccsd_t/adz/STEP04/4/output.dat
Could not open output file for singlepoint: 5
Tried to open /scratch/smg13363/workDir/0_oh_dimer/h2o_o/opts/ccsd_t/adz/STEP04/5/output.dat
state: False
output:        JobID                                                      JobName      State 
------------        ----------------------------------------------------- ---------- 
1917536                                                         h2o--04-1    RUNNING 

state: True
output:        JobID                                                      JobName      State 
------------        ----------------------------------------------------- ---------- 
1917537                                                         h2o--04-2  COMPLETED 

state: True
output:        JobID                                                      JobName      State 
------------        ----------------------------------------------------- ---------- 
1917538                                                         h2o--04-3  COMPLETED 

state: True
output:        JobID                                                      JobName      State 
------------        ----------------------------------------------------- ---------- 
1917539                                                         h2o--04-4  COMPLETED 

state: True
output:        JobID                                                      JobName      State 
------------        ----------------------------------------------------- ---------- 
1917540                                                         h2o--04-5  COMPLETED 


====================Beginning new step 5======================

Creating correct gradient class
[ 0.00000000e+00  0.00000000e+00 -1.25369171e-01  4.38935336e-17
 -1.43367161e+00  9.94849859e-01 -4.38935336e-17  1.43367161e+00
  9.94849859e-01]
[ 0.00000000e+00  0.00000000e+00 -1.24532696e-01  4.38935336e-17
 -1.43367161e+00  9.88212126e-01 -4.38935336e-17  1.43367161e+00
  9.88212126e-01]
[ 0.00000000e+00  0.00000000e+00 -1.24950933e-01  4.38935336e-17
 -1.43719339e+00  9.91530993e-01 -4.38935336e-17  1.43719339e+00
  9.91530993e-01]
[ 0.00000000e+00  0.00000000e+00 -1.24950933e-01  4.38935336e-17
 -1.43014982e+00  9.91530993e-01 -4.38935336e-17  1.43014982e+00
  9.91530993e-01]
Could not open output file for singlepoint: 1
Tried to open /scratch/smg13363/workDir/0_oh_dimer/h2o_o/opts/ccsd_t/adz/STEP05/1/output.dat
Could not open output file for singlepoint: 2
Tried to open /scratch/smg13363/workDir/0_oh_dimer/h2o_o/opts/ccsd_t/adz/STEP05/2/output.dat
Could not open output file for singlepoint: 3
Tried to open /scratch/smg13363/workDir/0_oh_dimer/h2o_o/opts/ccsd_t/adz/STEP05/3/output.dat
Could not open output file for singlepoint: 4
Tried to open /scratch/smg13363/workDir/0_oh_dimer/h2o_o/opts/ccsd_t/adz/STEP05/4/output.dat
Could not open output file for singlepoint: 5
Tried to open /scratch/smg13363/workDir/0_oh_dimer/h2o_o/opts/ccsd_t/adz/STEP05/5/output.dat
state: False
output:        JobID                                                      JobName      State 
------------        ----------------------------------------------------- ---------- 
1917545                                                         h2o--05-1    RUNNING 

state: True
output:        JobID                                                      JobName      State 
------------        ----------------------------------------------------- ---------- 
1917546                                                         h2o--05-2  COMPLETED 

state: True
output:        JobID                                                      JobName      State 
------------        ----------------------------------------------------- ---------- 
1917547                                                         h2o--05-3  COMPLETED 

state: True
output:        JobID                                                      JobName      State 
------------        ----------------------------------------------------- ---------- 
1917548                                                         h2o--05-4  COMPLETED 

state: True
output:        JobID                                                      JobName      State 
------------        ----------------------------------------------------- ---------- 
1917549                                                         h2o--05-5  COMPLETED 


====================Beginning new step 6======================

Creating correct gradient class
[ 0.00000000e+00  0.00000000e+00 -1.25369175e-01  4.38935048e-17
 -1.43367067e+00  9.94849894e-01 -4.38935048e-17  1.43367067e+00
  9.94849894e-01]
[ 0.00000000e+00  0.00000000e+00 -1.24532700e-01  4.38935048e-17
 -1.43367067e+00  9.88212162e-01 -4.38935048e-17  1.43367067e+00
  9.88212162e-01]
[ 0.00000000e+00  0.00000000e+00 -1.24950938e-01  4.38935048e-17
 -1.43719245e+00  9.91531028e-01 -4.38935048e-17  1.43719245e+00
  9.91531028e-01]
[ 0.00000000e+00  0.00000000e+00 -1.24950938e-01  4.38935048e-17
 -1.43014889e+00  9.91531028e-01 -4.38935048e-17  1.43014889e+00
  9.91531028e-01]
Could not open output file for singlepoint: 1
Tried to open /scratch/smg13363/workDir/0_oh_dimer/h2o_o/opts/ccsd_t/adz/STEP06/1/output.dat
Could not open output file for singlepoint: 2
Tried to open /scratch/smg13363/workDir/0_oh_dimer/h2o_o/opts/ccsd_t/adz/STEP06/2/output.dat
Could not open output file for singlepoint: 3
Tried to open /scratch/smg13363/workDir/0_oh_dimer/h2o_o/opts/ccsd_t/adz/STEP06/3/output.dat
Could not open output file for singlepoint: 4
Tried to open /scratch/smg13363/workDir/0_oh_dimer/h2o_o/opts/ccsd_t/adz/STEP06/4/output.dat
Could not open output file for singlepoint: 5
Tried to open /scratch/smg13363/workDir/0_oh_dimer/h2o_o/opts/ccsd_t/adz/STEP06/5/output.dat
state: False
output:        JobID                                                      JobName      State 
------------        ----------------------------------------------------- ---------- 
1917554                                                         h2o--06-1    RUNNING 

state: True
output:        JobID                                                      JobName      State 
------------        ----------------------------------------------------- ---------- 
1917555                                                         h2o--06-2  COMPLETED 

state: True
output:        JobID                                                      JobName      State 
------------        ----------------------------------------------------- ---------- 
1917556                                                         h2o--06-3  COMPLETED 

state: True
output:        JobID                                                      JobName      State 
------------        ----------------------------------------------------- ---------- 
1917557                                                         h2o--06-4  COMPLETED 

state: True
output:        JobID                                                      JobName      State 
------------        ----------------------------------------------------- ---------- 
1917558                                                         h2o--06-5  COMPLETED 



 OPTIMIZATION HAS FINISHED!


