 Running cfour on c1-1.compute.lan
 Running calculation...
 @GETMEM-I,  Allocated   38146 MB of main memory.
 ENERGY    MP2         -151.255971851643     
 ENERGY    CCSDT       -151.297988733683     
 ENERGY    CCSDT       -151.297988733683     
  -151.297988733683     
  1.279468296256086E-002 -3.324619765560755E-003  0.000000000000000E+000
 -1.279468296256086E-002  3.324619765560755E-003  0.000000000000000E+000
  3.234227406399321E-003  6.541764550460738E-003  0.000000000000000E+000
 -3.234227406399321E-003 -6.541764550460738E-003  0.000000000000000E+000
 @CHECKOUT-I, Total execution time (CPU/WALL):        0.00/       0.02 seconds.
 Saving data and cleaning up...
OPTARC
JOBARC
JAINDX
FJOBARC
MOLDEN
NEWMOS
den.dat
 Job complete on c1-1.compute.lan.
