 Running cfour on c5-8.compute.lan
 Running calculation...
 @GETMEM-I,  Allocated   38146 MB of main memory.
 ENERGY    MP2         -151.216629644626     
 ENERGY    CCSDT       -151.258980191002     
 ENERGY    CCSDT       -151.258980191002     
  -151.258980191002     
  7.151243997095005E-002 -4.175720263305721E-002  0.000000000000000E+000
 -7.151243997095005E-002  4.175720263305721E-002  0.000000000000000E+000
 -2.364320318022145E-002  8.031609381911503E-002  0.000000000000000E+000
  2.364320318022145E-002 -8.031609381911503E-002  0.000000000000000E+000
 @CHECKOUT-I, Total execution time (CPU/WALL):        0.00/       0.03 seconds.
 Saving data and cleaning up...
OPTARC
JOBARC
JAINDX
FJOBARC
MOLDEN
NEWMOS
den.dat
 Job complete on c5-8.compute.lan.
