[-2.84355452e+00 -2.25225656e-03  0.00000000e+00 -1.04681680e+00
  2.95972122e-01  0.00000000e+00 -3.57936841e+00  1.65765863e+00
  0.00000000e+00  3.13504625e+00 -1.20844242e-01  0.00000000e+00]
[-2.84173483e+00 -2.25109755e-03  0.00000000e+00 -1.04843272e+00
  2.95972549e-01  0.00000000e+00 -3.58098377e+00  1.65766009e+00
  0.00000000e+00  3.13343016e+00 -1.20845520e-01  0.00000000e+00]
[-2.84264468e+00 -2.65439000e-03  0.00000000e+00 -1.04745382e+00
  2.98407050e-01  0.00000000e+00 -3.57921338e+00  1.66156667e+00
  0.00000000e+00  3.13416677e+00 -1.20841773e-01  0.00000000e+00]
[-2.84264468e+00 -1.84896412e-03  0.00000000e+00 -1.04779569e+00
  2.93537621e-01  0.00000000e+00 -3.58113880e+00  1.65375206e+00
  0.00000000e+00  3.13430963e+00 -1.20847989e-01  0.00000000e+00]
[-2.84264468e+00 -2.25167706e-03  0.00000000e+00 -1.05246020e+00
  2.96063651e-01  0.00000000e+00 -3.57984670e+00  1.65781542e+00
  0.00000000e+00  3.13452213e+00 -1.20860467e-01  0.00000000e+00]
[-2.84264468e+00 -2.25167706e-03  0.00000000e+00 -1.04278932e+00
  2.95881021e-01  0.00000000e+00 -3.58050548e+00  1.65750331e+00
  0.00000000e+00  3.13395428e+00 -1.20829294e-01  0.00000000e+00]
[-2.84264468e+00 -2.25167706e-03  0.00000000e+00 -1.04762476e+00
  2.91724497e-01  0.00000000e+00 -3.57958358e+00  1.66014806e+00
  0.00000000e+00  3.13420087e+00 -1.20734038e-01  0.00000000e+00]
[-2.84264468e+00 -2.25167706e-03  0.00000000e+00 -1.04762476e+00
  3.00220175e-01  0.00000000e+00 -3.58076860e+00  1.65517067e+00
  0.00000000e+00  3.13427554e+00 -1.20955723e-01  0.00000000e+00]
[-2.84264468e+00 -2.25167706e-03  0.00000000e+00 -1.04762476e+00
  2.95972336e-01  0.00000000e+00 -3.58484574e+00  1.65889625e+00
  0.00000000e+00  3.13453243e+00 -1.20922816e-01  0.00000000e+00]
[-2.84264468e+00 -2.25167706e-03  0.00000000e+00 -1.04762476e+00
  2.95972336e-01  0.00000000e+00 -3.57550644e+00  1.65642247e+00
  0.00000000e+00  3.13394397e+00 -1.20766945e-01  0.00000000e+00]
[-2.84173483e+00 -1.84838461e-03  0.00000000e+00 -1.04860366e+00
  2.93537835e-01  0.00000000e+00 -3.58194648e+00  1.65375279e+00
  0.00000000e+00  3.13350159e+00 -1.20848628e-01  0.00000000e+00]
[-2.84355452e+00 -2.65496950e-03  0.00000000e+00 -1.04664586e+00
  2.98406837e-01  0.00000000e+00 -3.57840570e+00  1.66156594e+00
  0.00000000e+00  3.13497482e+00 -1.20841134e-01  0.00000000e+00]
[-2.84173483e+00 -2.25109755e-03  0.00000000e+00 -1.04359728e+00
  2.95881235e-01  0.00000000e+00 -3.58131316e+00  1.65750404e+00
  0.00000000e+00  3.13314623e+00 -1.20829933e-01  0.00000000e+00]
[-2.84355452e+00 -2.25225656e-03  0.00000000e+00 -1.05165224e+00
  2.96063437e-01  0.00000000e+00 -3.57903902e+00  1.65781469e+00
  0.00000000e+00  3.13533017e+00 -1.20859828e-01  0.00000000e+00]
[-2.84264468e+00 -1.84896412e-03  0.00000000e+00 -1.04296025e+00
  2.93446307e-01  0.00000000e+00 -3.58146819e+00  1.65359601e+00
  0.00000000e+00  3.13402571e+00 -1.20832402e-01  0.00000000e+00]
[-2.84264468e+00 -2.65439000e-03  0.00000000e+00 -1.05228927e+00
  2.98498365e-01  0.00000000e+00 -3.57888400e+00  1.66172272e+00
  0.00000000e+00  3.13445070e+00 -1.20857359e-01  0.00000000e+00]
[-2.84173483e+00 -2.25109755e-03  0.00000000e+00 -1.04843272e+00
  3.00220388e-01  0.00000000e+00 -3.58157628e+00  1.65517140e+00
  0.00000000e+00  3.13346749e+00 -1.20956362e-01  0.00000000e+00]
[-2.84355452e+00 -2.25225656e-03  0.00000000e+00 -1.04681680e+00
  2.91724283e-01  0.00000000e+00 -3.57877590e+00  1.66014733e+00
  0.00000000e+00  3.13500892e+00 -1.20733399e-01  0.00000000e+00]
[-2.84264468e+00 -1.84896412e-03  0.00000000e+00 -1.04779569e+00
  2.97785460e-01  0.00000000e+00 -3.58173131e+00  1.65126337e+00
  0.00000000e+00  3.13434697e+00 -1.20958831e-01  0.00000000e+00]
[-2.84264468e+00 -2.65439000e-03  0.00000000e+00 -1.04745382e+00
  2.94159211e-01  0.00000000e+00 -3.57862088e+00  1.66405536e+00
  0.00000000e+00  3.13412944e+00 -1.20730930e-01  0.00000000e+00]
[-2.84264468e+00 -2.25167706e-03  0.00000000e+00 -1.04278932e+00
  3.00128860e-01  0.00000000e+00 -3.58109799e+00  1.65501462e+00
  0.00000000e+00  3.13399161e+00 -1.20940136e-01  0.00000000e+00]
[-2.84264468e+00 -2.25167706e-03  0.00000000e+00 -1.05246020e+00
  2.91815812e-01  0.00000000e+00 -3.57925420e+00  1.66030411e+00
  0.00000000e+00  3.13448479e+00 -1.20749625e-01  0.00000000e+00]
[-2.84173483e+00 -2.25109755e-03  0.00000000e+00 -1.04843272e+00
  2.95972549e-01  0.00000000e+00 -3.57631412e+00  1.65642320e+00
  0.00000000e+00  3.13313593e+00 -1.20767584e-01  0.00000000e+00]
[-2.84355452e+00 -2.25225656e-03  0.00000000e+00 -1.04681680e+00
  2.95972122e-01  0.00000000e+00 -3.58403806e+00  1.65889552e+00
  0.00000000e+00  3.13534048e+00 -1.20922177e-01  0.00000000e+00]
[-2.84264468e+00 -1.84896412e-03  0.00000000e+00 -1.04779569e+00
  2.93537621e-01  0.00000000e+00 -3.57646915e+00  1.65251517e+00
  0.00000000e+00  3.13401540e+00 -1.20770053e-01  0.00000000e+00]
[-2.84264468e+00 -2.65439000e-03  0.00000000e+00 -1.04745382e+00
  2.98407050e-01  0.00000000e+00 -3.58388303e+00  1.66280356e+00
  0.00000000e+00  3.13446100e+00 -1.20919708e-01  0.00000000e+00]
[-2.84264468e+00 -2.25167706e-03  0.00000000e+00 -1.04278932e+00
  2.95881021e-01  0.00000000e+00 -3.57583583e+00  1.65626642e+00
  0.00000000e+00  3.13366005e+00 -1.20751359e-01  0.00000000e+00]
[-2.84264468e+00 -2.25167706e-03  0.00000000e+00 -1.05246020e+00
  2.96063651e-01  0.00000000e+00 -3.58451636e+00  1.65905231e+00
  0.00000000e+00  3.13481636e+00 -1.20938403e-01  0.00000000e+00]
[-2.84264468e+00 -2.25167706e-03  0.00000000e+00 -1.04762476e+00
  3.00220175e-01  0.00000000e+00 -3.57609895e+00  1.65393378e+00
  0.00000000e+00  3.13398131e+00 -1.20877788e-01  0.00000000e+00]
[-2.84264468e+00 -2.25167706e-03  0.00000000e+00 -1.04762476e+00
  2.91724497e-01  0.00000000e+00 -3.58425323e+00  1.66138495e+00
  0.00000000e+00  3.13449510e+00 -1.20811974e-01  0.00000000e+00]
[-2.84264468e+00 -2.25167706e-03 -1.43660087e-04 -1.04762476e+00
  2.95972336e-01  4.83329302e-03 -3.58017609e+00  1.65765936e+00
 -9.80716492e-04  3.13423820e+00 -1.20844881e-01 -9.90872579e-05]
Could not open output file for singlepoint: 1
Tried to open /scratch/smg13363/workDir/0_oh_dimer/h2o_o/cs/opts/ccsd_t/atz/freq/HESS/1/output.dat
Could not open output file for singlepoint: 2
Tried to open /scratch/smg13363/workDir/0_oh_dimer/h2o_o/cs/opts/ccsd_t/atz/freq/HESS/2/output.dat
Could not open output file for singlepoint: 3
Tried to open /scratch/smg13363/workDir/0_oh_dimer/h2o_o/cs/opts/ccsd_t/atz/freq/HESS/3/output.dat
Could not open output file for singlepoint: 4
Tried to open /scratch/smg13363/workDir/0_oh_dimer/h2o_o/cs/opts/ccsd_t/atz/freq/HESS/4/output.dat
Could not open output file for singlepoint: 5
Tried to open /scratch/smg13363/workDir/0_oh_dimer/h2o_o/cs/opts/ccsd_t/atz/freq/HESS/5/output.dat
Could not open output file for singlepoint: 6
Tried to open /scratch/smg13363/workDir/0_oh_dimer/h2o_o/cs/opts/ccsd_t/atz/freq/HESS/6/output.dat
Could not open output file for singlepoint: 7
Tried to open /scratch/smg13363/workDir/0_oh_dimer/h2o_o/cs/opts/ccsd_t/atz/freq/HESS/7/output.dat
Could not open output file for singlepoint: 8
Tried to open /scratch/smg13363/workDir/0_oh_dimer/h2o_o/cs/opts/ccsd_t/atz/freq/HESS/8/output.dat
Could not open output file for singlepoint: 9
Tried to open /scratch/smg13363/workDir/0_oh_dimer/h2o_o/cs/opts/ccsd_t/atz/freq/HESS/9/output.dat
Could not open output file for singlepoint: 10
Tried to open /scratch/smg13363/workDir/0_oh_dimer/h2o_o/cs/opts/ccsd_t/atz/freq/HESS/10/output.dat
Could not open output file for singlepoint: 11
Tried to open /scratch/smg13363/workDir/0_oh_dimer/h2o_o/cs/opts/ccsd_t/atz/freq/HESS/11/output.dat
Could not open output file for singlepoint: 12
Tried to open /scratch/smg13363/workDir/0_oh_dimer/h2o_o/cs/opts/ccsd_t/atz/freq/HESS/12/output.dat
Could not open output file for singlepoint: 13
Tried to open /scratch/smg13363/workDir/0_oh_dimer/h2o_o/cs/opts/ccsd_t/atz/freq/HESS/13/output.dat
Could not open output file for singlepoint: 14
Tried to open /scratch/smg13363/workDir/0_oh_dimer/h2o_o/cs/opts/ccsd_t/atz/freq/HESS/14/output.dat
Could not open output file for singlepoint: 15
Tried to open /scratch/smg13363/workDir/0_oh_dimer/h2o_o/cs/opts/ccsd_t/atz/freq/HESS/15/output.dat
Could not open output file for singlepoint: 16
Tried to open /scratch/smg13363/workDir/0_oh_dimer/h2o_o/cs/opts/ccsd_t/atz/freq/HESS/16/output.dat
Could not open output file for singlepoint: 17
Tried to open /scratch/smg13363/workDir/0_oh_dimer/h2o_o/cs/opts/ccsd_t/atz/freq/HESS/17/output.dat
Could not open output file for singlepoint: 18
Tried to open /scratch/smg13363/workDir/0_oh_dimer/h2o_o/cs/opts/ccsd_t/atz/freq/HESS/18/output.dat
Could not open output file for singlepoint: 19
Tried to open /scratch/smg13363/workDir/0_oh_dimer/h2o_o/cs/opts/ccsd_t/atz/freq/HESS/19/output.dat
Could not open output file for singlepoint: 20
Tried to open /scratch/smg13363/workDir/0_oh_dimer/h2o_o/cs/opts/ccsd_t/atz/freq/HESS/20/output.dat
Could not open output file for singlepoint: 21
Tried to open /scratch/smg13363/workDir/0_oh_dimer/h2o_o/cs/opts/ccsd_t/atz/freq/HESS/21/output.dat
Could not open output file for singlepoint: 22
Tried to open /scratch/smg13363/workDir/0_oh_dimer/h2o_o/cs/opts/ccsd_t/atz/freq/HESS/22/output.dat
Could not open output file for singlepoint: 23
Tried to open /scratch/smg13363/workDir/0_oh_dimer/h2o_o/cs/opts/ccsd_t/atz/freq/HESS/23/output.dat
Could not open output file for singlepoint: 24
Tried to open /scratch/smg13363/workDir/0_oh_dimer/h2o_o/cs/opts/ccsd_t/atz/freq/HESS/24/output.dat
Could not open output file for singlepoint: 25
Tried to open /scratch/smg13363/workDir/0_oh_dimer/h2o_o/cs/opts/ccsd_t/atz/freq/HESS/25/output.dat
Could not open output file for singlepoint: 26
Tried to open /scratch/smg13363/workDir/0_oh_dimer/h2o_o/cs/opts/ccsd_t/atz/freq/HESS/26/output.dat
Could not open output file for singlepoint: 27
Tried to open /scratch/smg13363/workDir/0_oh_dimer/h2o_o/cs/opts/ccsd_t/atz/freq/HESS/27/output.dat
Could not open output file for singlepoint: 28
Tried to open /scratch/smg13363/workDir/0_oh_dimer/h2o_o/cs/opts/ccsd_t/atz/freq/HESS/28/output.dat
Could not open output file for singlepoint: 29
Tried to open /scratch/smg13363/workDir/0_oh_dimer/h2o_o/cs/opts/ccsd_t/atz/freq/HESS/29/output.dat
Could not open output file for singlepoint: 30
Tried to open /scratch/smg13363/workDir/0_oh_dimer/h2o_o/cs/opts/ccsd_t/atz/freq/HESS/30/output.dat
Could not open output file for singlepoint: 31
Tried to open /scratch/smg13363/workDir/0_oh_dimer/h2o_o/cs/opts/ccsd_t/atz/freq/HESS/31/output.dat
Could not open output file for singlepoint: 32
Tried to open /scratch/smg13363/workDir/0_oh_dimer/h2o_o/cs/opts/ccsd_t/atz/freq/HESS/32/output.dat
state: False
output:        JobID                                                      JobName      State 
------------        ----------------------------------------------------- ---------- 
1998118                                                              cs-1    RUNNING 

state: False
output:        JobID                                                      JobName      State 
------------        ----------------------------------------------------- ---------- 
1998119                                                              cs-2    RUNNING 

state: False
output:        JobID                                                      JobName      State 
------------        ----------------------------------------------------- ---------- 
1998120                                                              cs-3    RUNNING 

state: False
output:        JobID                                                      JobName      State 
------------        ----------------------------------------------------- ---------- 
1998121                                                              cs-4    RUNNING 

state: False
output:        JobID                                                      JobName      State 
------------        ----------------------------------------------------- ---------- 
1998122                                                              cs-5    RUNNING 

state: True
output:        JobID                                                      JobName      State 
------------        ----------------------------------------------------- ---------- 
1998123                                                              cs-6  COMPLETED 

state: False
output:        JobID                                                      JobName      State 
------------        ----------------------------------------------------- ---------- 
1998124                                                              cs-7    RUNNING 

state: True
output:        JobID                                                      JobName      State 
------------        ----------------------------------------------------- ---------- 
1998125                                                              cs-8  COMPLETED 

state: True
output:        JobID                                                      JobName      State 
------------        ----------------------------------------------------- ---------- 
1998126                                                              cs-9  COMPLETED 

state: True
output:        JobID                                                      JobName      State 
------------        ----------------------------------------------------- ---------- 
1998127                                                             cs-10  COMPLETED 

state: True
output:        JobID                                                      JobName      State 
------------        ----------------------------------------------------- ---------- 
1998128                                                             cs-11  COMPLETED 

state: True
output:        JobID                                                      JobName      State 
------------        ----------------------------------------------------- ---------- 
1998129                                                             cs-12  COMPLETED 

state: True
output:        JobID                                                      JobName      State 
------------        ----------------------------------------------------- ---------- 
1998130                                                             cs-13  COMPLETED 

state: True
output:        JobID                                                      JobName      State 
------------        ----------------------------------------------------- ---------- 
1998131                                                             cs-14  COMPLETED 

state: True
output:        JobID                                                      JobName      State 
------------        ----------------------------------------------------- ---------- 
1998132                                                             cs-15  COMPLETED 

state: True
output:        JobID                                                      JobName      State 
------------        ----------------------------------------------------- ---------- 
1998133                                                             cs-16  COMPLETED 

state: True
output:        JobID                                                      JobName      State 
------------        ----------------------------------------------------- ---------- 
1998134                                                             cs-17  COMPLETED 

state: True
output:        JobID                                                      JobName      State 
------------        ----------------------------------------------------- ---------- 
1998135                                                             cs-18  COMPLETED 

state: True
output:        JobID                                                      JobName      State 
------------        ----------------------------------------------------- ---------- 
1998136                                                             cs-19  COMPLETED 

state: True
output:        JobID                                                      JobName      State 
------------        ----------------------------------------------------- ---------- 
1998137                                                             cs-20  COMPLETED 

state: True
output:        JobID                                                      JobName      State 
------------        ----------------------------------------------------- ---------- 
1998138                                                             cs-21  COMPLETED 

state: True
output:        JobID                                                      JobName      State 
------------        ----------------------------------------------------- ---------- 
1998139                                                             cs-22  COMPLETED 

state: True
output:        JobID                                                      JobName      State 
------------        ----------------------------------------------------- ---------- 
1998140                                                             cs-23  COMPLETED 

state: True
output:        JobID                                                      JobName      State 
------------        ----------------------------------------------------- ---------- 
1998141                                                             cs-24  COMPLETED 

state: True
output:        JobID                                                      JobName      State 
------------        ----------------------------------------------------- ---------- 
1998142                                                             cs-25  COMPLETED 

state: True
output:        JobID                                                      JobName      State 
------------        ----------------------------------------------------- ---------- 
1998143                                                             cs-26  COMPLETED 

state: True
output:        JobID                                                      JobName      State 
------------        ----------------------------------------------------- ---------- 
1998144                                                             cs-27  COMPLETED 

state: True
output:        JobID                                                      JobName      State 
------------        ----------------------------------------------------- ---------- 
1998145                                                             cs-28  COMPLETED 

state: True
output:        JobID                                                      JobName      State 
------------        ----------------------------------------------------- ---------- 
1998146                                                             cs-29  COMPLETED 

state: True
output:        JobID                                                      JobName      State 
------------        ----------------------------------------------------- ---------- 
1998147                                                             cs-30  COMPLETED 

state: True
output:        JobID                                                      JobName      State 
------------        ----------------------------------------------------- ---------- 
1998148                                                             cs-31  COMPLETED 

state: False
output:        JobID                                                      JobName      State 
------------        ----------------------------------------------------- ---------- 
1998149                                                             cs-32    RUNNING 

state: True
output:        JobID                                                      JobName      State 
------------        ----------------------------------------------------- ---------- 
1998118                                                              cs-1  COMPLETED 

state: True
output:        JobID                                                      JobName      State 
------------        ----------------------------------------------------- ---------- 
1998119                                                              cs-2  COMPLETED 

state: True
output:        JobID                                                      JobName      State 
------------        ----------------------------------------------------- ---------- 
1998120                                                              cs-3  COMPLETED 

state: True
output:        JobID                                                      JobName      State 
------------        ----------------------------------------------------- ---------- 
1998121                                                              cs-4  COMPLETED 

state: True
output:        JobID                                                      JobName      State 
------------        ----------------------------------------------------- ---------- 
1998122                                                              cs-5  COMPLETED 

state: True
output:        JobID                                                      JobName      State 
------------        ----------------------------------------------------- ---------- 
1998123                                                              cs-6  COMPLETED 

state: True
output:        JobID                                                      JobName      State 
------------        ----------------------------------------------------- ---------- 
1998124                                                              cs-7  COMPLETED 

state: True
output:        JobID                                                      JobName      State 
------------        ----------------------------------------------------- ---------- 
1998125                                                              cs-8  COMPLETED 

state: True
output:        JobID                                                      JobName      State 
------------        ----------------------------------------------------- ---------- 
1998126                                                              cs-9  COMPLETED 

state: True
output:        JobID                                                      JobName      State 
------------        ----------------------------------------------------- ---------- 
1998127                                                             cs-10  COMPLETED 

state: True
output:        JobID                                                      JobName      State 
------------        ----------------------------------------------------- ---------- 
1998128                                                             cs-11  COMPLETED 

state: True
output:        JobID                                                      JobName      State 
------------        ----------------------------------------------------- ---------- 
1998129                                                             cs-12  COMPLETED 

state: True
output:        JobID                                                      JobName      State 
------------        ----------------------------------------------------- ---------- 
1998130                                                             cs-13  COMPLETED 

state: True
output:        JobID                                                      JobName      State 
------------        ----------------------------------------------------- ---------- 
1998131                                                             cs-14  COMPLETED 

state: True
output:        JobID                                                      JobName      State 
------------        ----------------------------------------------------- ---------- 
1998132                                                             cs-15  COMPLETED 

state: True
output:        JobID                                                      JobName      State 
------------        ----------------------------------------------------- ---------- 
1998133                                                             cs-16  COMPLETED 

state: True
output:        JobID                                                      JobName      State 
------------        ----------------------------------------------------- ---------- 
1998134                                                             cs-17  COMPLETED 

state: True
output:        JobID                                                      JobName      State 
------------        ----------------------------------------------------- ---------- 
1998135                                                             cs-18  COMPLETED 

state: True
output:        JobID                                                      JobName      State 
------------        ----------------------------------------------------- ---------- 
1998136                                                             cs-19  COMPLETED 

state: True
output:        JobID                                                      JobName      State 
------------        ----------------------------------------------------- ---------- 
1998137                                                             cs-20  COMPLETED 

state: True
output:        JobID                                                      JobName      State 
------------        ----------------------------------------------------- ---------- 
1998138                                                             cs-21  COMPLETED 

state: True
output:        JobID                                                      JobName      State 
------------        ----------------------------------------------------- ---------- 
1998139                                                             cs-22  COMPLETED 

state: True
output:        JobID                                                      JobName      State 
------------        ----------------------------------------------------- ---------- 
1998140                                                             cs-23  COMPLETED 

state: True
output:        JobID                                                      JobName      State 
------------        ----------------------------------------------------- ---------- 
1998141                                                             cs-24  COMPLETED 

state: True
output:        JobID                                                      JobName      State 
------------        ----------------------------------------------------- ---------- 
1998142                                                             cs-25  COMPLETED 

state: True
output:        JobID                                                      JobName      State 
------------        ----------------------------------------------------- ---------- 
1998143                                                             cs-26  COMPLETED 

state: True
output:        JobID                                                      JobName      State 
------------        ----------------------------------------------------- ---------- 
1998144                                                             cs-27  COMPLETED 

state: True
output:        JobID                                                      JobName      State 
------------        ----------------------------------------------------- ---------- 
1998145                                                             cs-28  COMPLETED 

state: True
output:        JobID                                                      JobName      State 
------------        ----------------------------------------------------- ---------- 
1998146                                                             cs-29  COMPLETED 

state: True
output:        JobID                                                      JobName      State 
------------        ----------------------------------------------------- ---------- 
1998147                                                             cs-30  COMPLETED 

state: True
output:        JobID                                                      JobName      State 
------------        ----------------------------------------------------- ---------- 
1998148                                                             cs-31  COMPLETED 

state: False
output:        JobID                                                      JobName      State 
------------        ----------------------------------------------------- ---------- 
1998149                                                             cs-32    RUNNING 

state: True
output:        JobID                                                      JobName      State 
------------        ----------------------------------------------------- ---------- 
1998118                                                              cs-1  COMPLETED 

state: True
output:        JobID                                                      JobName      State 
------------        ----------------------------------------------------- ---------- 
1998119                                                              cs-2  COMPLETED 

state: True
output:        JobID                                                      JobName      State 
------------        ----------------------------------------------------- ---------- 
1998120                                                              cs-3  COMPLETED 

state: True
output:        JobID                                                      JobName      State 
------------        ----------------------------------------------------- ---------- 
1998121                                                              cs-4  COMPLETED 

state: True
output:        JobID                                                      JobName      State 
------------        ----------------------------------------------------- ---------- 
1998122                                                              cs-5  COMPLETED 

state: True
output:        JobID                                                      JobName      State 
------------        ----------------------------------------------------- ---------- 
1998123                                                              cs-6  COMPLETED 

state: True
output:        JobID                                                      JobName      State 
------------        ----------------------------------------------------- ---------- 
1998124                                                              cs-7  COMPLETED 

state: True
output:        JobID                                                      JobName      State 
------------        ----------------------------------------------------- ---------- 
1998125                                                              cs-8  COMPLETED 

state: True
output:        JobID                                                      JobName      State 
------------        ----------------------------------------------------- ---------- 
1998126                                                              cs-9  COMPLETED 

state: True
output:        JobID                                                      JobName      State 
------------        ----------------------------------------------------- ---------- 
1998127                                                             cs-10  COMPLETED 

state: True
output:        JobID                                                      JobName      State 
------------        ----------------------------------------------------- ---------- 
1998128                                                             cs-11  COMPLETED 

state: True
output:        JobID                                                      JobName      State 
------------        ----------------------------------------------------- ---------- 
1998129                                                             cs-12  COMPLETED 

state: True
output:        JobID                                                      JobName      State 
------------        ----------------------------------------------------- ---------- 
1998130                                                             cs-13  COMPLETED 

state: True
output:        JobID                                                      JobName      State 
------------        ----------------------------------------------------- ---------- 
1998131                                                             cs-14  COMPLETED 

state: True
output:        JobID                                                      JobName      State 
------------        ----------------------------------------------------- ---------- 
1998132                                                             cs-15  COMPLETED 

state: True
output:        JobID                                                      JobName      State 
------------        ----------------------------------------------------- ---------- 
1998133                                                             cs-16  COMPLETED 

state: True
output:        JobID                                                      JobName      State 
------------        ----------------------------------------------------- ---------- 
1998134                                                             cs-17  COMPLETED 

state: True
output:        JobID                                                      JobName      State 
------------        ----------------------------------------------------- ---------- 
1998135                                                             cs-18  COMPLETED 

state: True
output:        JobID                                                      JobName      State 
------------        ----------------------------------------------------- ---------- 
1998136                                                             cs-19  COMPLETED 

state: True
output:        JobID                                                      JobName      State 
------------        ----------------------------------------------------- ---------- 
1998137                                                             cs-20  COMPLETED 

state: True
output:        JobID                                                      JobName      State 
------------        ----------------------------------------------------- ---------- 
1998138                                                             cs-21  COMPLETED 

state: True
output:        JobID                                                      JobName      State 
------------        ----------------------------------------------------- ---------- 
1998139                                                             cs-22  COMPLETED 

state: True
output:        JobID                                                      JobName      State 
------------        ----------------------------------------------------- ---------- 
1998140                                                             cs-23  COMPLETED 

state: True
output:        JobID                                                      JobName      State 
------------        ----------------------------------------------------- ---------- 
1998141                                                             cs-24  COMPLETED 

state: True
output:        JobID                                                      JobName      State 
------------        ----------------------------------------------------- ---------- 
1998142                                                             cs-25  COMPLETED 

state: True
output:        JobID                                                      JobName      State 
------------        ----------------------------------------------------- ---------- 
1998143                                                             cs-26  COMPLETED 

state: True
output:        JobID                                                      JobName      State 
------------        ----------------------------------------------------- ---------- 
1998144                                                             cs-27  COMPLETED 

state: True
output:        JobID                                                      JobName      State 
------------        ----------------------------------------------------- ---------- 
1998145                                                             cs-28  COMPLETED 

state: True
output:        JobID                                                      JobName      State 
------------        ----------------------------------------------------- ---------- 
1998146                                                             cs-29  COMPLETED 

state: True
output:        JobID                                                      JobName      State 
------------        ----------------------------------------------------- ---------- 
1998147                                                             cs-30  COMPLETED 

state: True
output:        JobID                                                      JobName      State 
------------        ----------------------------------------------------- ---------- 
1998148                                                             cs-31  COMPLETED 

state: False
output:        JobID                                                      JobName      State 
------------        ----------------------------------------------------- ---------- 
1998149                                                             cs-32    RUNNING 

state: True
output:        JobID                                                      JobName      State 
------------        ----------------------------------------------------- ---------- 
1998118                                                              cs-1  COMPLETED 

state: True
output:        JobID                                                      JobName      State 
------------        ----------------------------------------------------- ---------- 
1998119                                                              cs-2  COMPLETED 

state: True
output:        JobID                                                      JobName      State 
------------        ----------------------------------------------------- ---------- 
1998120                                                              cs-3  COMPLETED 

state: True
output:        JobID                                                      JobName      State 
------------        ----------------------------------------------------- ---------- 
1998121                                                              cs-4  COMPLETED 

state: True
output:        JobID                                                      JobName      State 
------------        ----------------------------------------------------- ---------- 
1998122                                                              cs-5  COMPLETED 

state: True
output:        JobID                                                      JobName      State 
------------        ----------------------------------------------------- ---------- 
1998123                                                              cs-6  COMPLETED 

state: True
output:        JobID                                                      JobName      State 
------------        ----------------------------------------------------- ---------- 
1998124                                                              cs-7  COMPLETED 

state: True
output:        JobID                                                      JobName      State 
------------        ----------------------------------------------------- ---------- 
1998125                                                              cs-8  COMPLETED 

state: True
output:        JobID                                                      JobName      State 
------------        ----------------------------------------------------- ---------- 
1998126                                                              cs-9  COMPLETED 

state: True
output:        JobID                                                      JobName      State 
------------        ----------------------------------------------------- ---------- 
1998127                                                             cs-10  COMPLETED 

state: True
output:        JobID                                                      JobName      State 
------------        ----------------------------------------------------- ---------- 
1998128                                                             cs-11  COMPLETED 

state: True
output:        JobID                                                      JobName      State 
------------        ----------------------------------------------------- ---------- 
1998129                                                             cs-12  COMPLETED 

state: True
output:        JobID                                                      JobName      State 
------------        ----------------------------------------------------- ---------- 
1998130                                                             cs-13  COMPLETED 

state: True
output:        JobID                                                      JobName      State 
------------        ----------------------------------------------------- ---------- 
1998131                                                             cs-14  COMPLETED 

state: True
output:        JobID                                                      JobName      State 
------------        ----------------------------------------------------- ---------- 
1998132                                                             cs-15  COMPLETED 

state: True
output:        JobID                                                      JobName      State 
------------        ----------------------------------------------------- ---------- 
1998133                                                             cs-16  COMPLETED 

state: True
output:        JobID                                                      JobName      State 
------------        ----------------------------------------------------- ---------- 
1998134                                                             cs-17  COMPLETED 

state: True
output:        JobID                                                      JobName      State 
------------        ----------------------------------------------------- ---------- 
1998135                                                             cs-18  COMPLETED 

state: True
output:        JobID                                                      JobName      State 
------------        ----------------------------------------------------- ---------- 
1998136                                                             cs-19  COMPLETED 

state: True
output:        JobID                                                      JobName      State 
------------        ----------------------------------------------------- ---------- 
1998137                                                             cs-20  COMPLETED 

state: True
output:        JobID                                                      JobName      State 
------------        ----------------------------------------------------- ---------- 
1998138                                                             cs-21  COMPLETED 

state: True
output:        JobID                                                      JobName      State 
------------        ----------------------------------------------------- ---------- 
1998139                                                             cs-22  COMPLETED 

state: True
output:        JobID                                                      JobName      State 
------------        ----------------------------------------------------- ---------- 
1998140                                                             cs-23  COMPLETED 

state: True
output:        JobID                                                      JobName      State 
------------        ----------------------------------------------------- ---------- 
1998141                                                             cs-24  COMPLETED 

state: True
output:        JobID                                                      JobName      State 
------------        ----------------------------------------------------- ---------- 
1998142                                                             cs-25  COMPLETED 

state: True
output:        JobID                                                      JobName      State 
------------        ----------------------------------------------------- ---------- 
1998143                                                             cs-26  COMPLETED 

state: True
output:        JobID                                                      JobName      State 
------------        ----------------------------------------------------- ---------- 
1998144                                                             cs-27  COMPLETED 

state: True
output:        JobID                                                      JobName      State 
------------        ----------------------------------------------------- ---------- 
1998145                                                             cs-28  COMPLETED 

state: True
output:        JobID                                                      JobName      State 
------------        ----------------------------------------------------- ---------- 
1998146                                                             cs-29  COMPLETED 

state: True
output:        JobID                                                      JobName      State 
------------        ----------------------------------------------------- ---------- 
1998147                                                             cs-30  COMPLETED 

state: True
output:        JobID                                                      JobName      State 
------------        ----------------------------------------------------- ---------- 
1998148                                                             cs-31  COMPLETED 

state: False
output:        JobID                                                      JobName      State 
------------        ----------------------------------------------------- ---------- 
1998149                                                             cs-32    RUNNING 

state: True
output:        JobID                                                      JobName      State 
------------        ----------------------------------------------------- ---------- 
1998118                                                              cs-1  COMPLETED 

state: True
output:        JobID                                                      JobName      State 
------------        ----------------------------------------------------- ---------- 
1998119                                                              cs-2  COMPLETED 

state: True
output:        JobID                                                      JobName      State 
------------        ----------------------------------------------------- ---------- 
1998120                                                              cs-3  COMPLETED 

state: True
output:        JobID                                                      JobName      State 
------------        ----------------------------------------------------- ---------- 
1998121                                                              cs-4  COMPLETED 

state: True
output:        JobID                                                      JobName      State 
------------        ----------------------------------------------------- ---------- 
1998122                                                              cs-5  COMPLETED 

state: True
output:        JobID                                                      JobName      State 
------------        ----------------------------------------------------- ---------- 
1998123                                                              cs-6  COMPLETED 

state: True
output:        JobID                                                      JobName      State 
------------        ----------------------------------------------------- ---------- 
1998124                                                              cs-7  COMPLETED 

state: True
output:        JobID                                                      JobName      State 
------------        ----------------------------------------------------- ---------- 
1998125                                                              cs-8  COMPLETED 

state: True
output:        JobID                                                      JobName      State 
------------        ----------------------------------------------------- ---------- 
1998126                                                              cs-9  COMPLETED 

state: True
output:        JobID                                                      JobName      State 
------------        ----------------------------------------------------- ---------- 
1998127                                                             cs-10  COMPLETED 

state: True
output:        JobID                                                      JobName      State 
------------        ----------------------------------------------------- ---------- 
1998128                                                             cs-11  COMPLETED 

state: True
output:        JobID                                                      JobName      State 
------------        ----------------------------------------------------- ---------- 
1998129                                                             cs-12  COMPLETED 

state: True
output:        JobID                                                      JobName      State 
------------        ----------------------------------------------------- ---------- 
1998130                                                             cs-13  COMPLETED 

state: True
output:        JobID                                                      JobName      State 
------------        ----------------------------------------------------- ---------- 
1998131                                                             cs-14  COMPLETED 

state: True
output:        JobID                                                      JobName      State 
------------        ----------------------------------------------------- ---------- 
1998132                                                             cs-15  COMPLETED 

state: True
output:        JobID                                                      JobName      State 
------------        ----------------------------------------------------- ---------- 
1998133                                                             cs-16  COMPLETED 

state: True
output:        JobID                                                      JobName      State 
------------        ----------------------------------------------------- ---------- 
1998134                                                             cs-17  COMPLETED 

state: True
output:        JobID                                                      JobName      State 
------------        ----------------------------------------------------- ---------- 
1998135                                                             cs-18  COMPLETED 

state: True
output:        JobID                                                      JobName      State 
------------        ----------------------------------------------------- ---------- 
1998136                                                             cs-19  COMPLETED 

state: True
output:        JobID                                                      JobName      State 
------------        ----------------------------------------------------- ---------- 
1998137                                                             cs-20  COMPLETED 

state: True
output:        JobID                                                      JobName      State 
------------        ----------------------------------------------------- ---------- 
1998138                                                             cs-21  COMPLETED 

state: True
output:        JobID                                                      JobName      State 
------------        ----------------------------------------------------- ---------- 
1998139                                                             cs-22  COMPLETED 

state: True
output:        JobID                                                      JobName      State 
------------        ----------------------------------------------------- ---------- 
1998140                                                             cs-23  COMPLETED 

state: True
output:        JobID                                                      JobName      State 
------------        ----------------------------------------------------- ---------- 
1998141                                                             cs-24  COMPLETED 

state: True
output:        JobID                                                      JobName      State 
------------        ----------------------------------------------------- ---------- 
1998142                                                             cs-25  COMPLETED 

state: True
output:        JobID                                                      JobName      State 
------------        ----------------------------------------------------- ---------- 
1998143                                                             cs-26  COMPLETED 

state: True
output:        JobID                                                      JobName      State 
------------        ----------------------------------------------------- ---------- 
1998144                                                             cs-27  COMPLETED 

state: True
output:        JobID                                                      JobName      State 
------------        ----------------------------------------------------- ---------- 
1998145                                                             cs-28  COMPLETED 

state: True
output:        JobID                                                      JobName      State 
------------        ----------------------------------------------------- ---------- 
1998146                                                             cs-29  COMPLETED 

state: True
output:        JobID                                                      JobName      State 
------------        ----------------------------------------------------- ---------- 
1998147                                                             cs-30  COMPLETED 

state: True
output:        JobID                                                      JobName      State 
------------        ----------------------------------------------------- ---------- 
1998148                                                             cs-31  COMPLETED 

state: True
output:        JobID                                                      JobName      State 
------------        ----------------------------------------------------- ---------- 
1998149                                                             cs-32 CANCELLED+ 

Resub has not been turned on. The following jobs are currently markedas failed: [32]calculation 31 - <optavc.calculations.SinglePoint object at 0x2b838631c940> has triggered this message
Traceback (most recent call last):
  File "main.py", line 13, in <module>
    optavc.run_optavc('HESS', options, sow = True)
  File "/home/smg13363/pkg/optavc/main.py", line 85, in run_optavc
    hess_obj.compute_result()
  File "/home/smg13363/pkg/optavc/findifcalcs.py", line 161, in compute_result
    return self.reap()
  File "/home/smg13363/pkg/optavc/findifcalcs.py", line 395, in reap
    super().reap(force_resub)
  File "/home/smg13363/pkg/optavc/findifcalcs.py", line 147, in reap
    raise RuntimeError("Jobs have finished but one or more have failed")
RuntimeError: Jobs have finished but one or more have failed
