 Running cfour on c2-2.compute.lan
 Running calculation...
 @GETMEM-I,  Allocated   38146 MB of main memory.
 ENERGY    MP2         -151.294056271182     
 ENERGY    CCSDT       -151.337745699733     
 ENERGY    CCSDT       -151.337745699733     
  -151.337745699733     
 -5.622554805756533E-004  1.482448767477773E-004  0.000000000000000E+000
  5.622554805756533E-004 -1.482448767477773E-004  0.000000000000000E+000
 -1.515066605976209E-004 -2.708488142929011E-004  0.000000000000000E+000
  1.515066605976209E-004  2.708488142929011E-004  0.000000000000000E+000
 @CHECKOUT-I, Total execution time (CPU/WALL):        0.00/       0.07 seconds.
 Saving data and cleaning up...
OPTARC
JOBARC
JAINDX
FJOBARC
MOLDEN
NEWMOS
den.dat
 Job complete on c2-2.compute.lan.
