[ 0.00000000e+00  0.00000000e+00 -3.11413926e+00  4.36398844e-17
 -1.42538680e+00 -1.98532651e+00 -4.36398844e-17  1.42538680e+00
 -1.98532651e+00  0.00000000e+00  0.00000000e+00  3.36432650e+00]
[ 0.00000000e+00  0.00000000e+00 -3.11231956e+00  4.36398844e-17
 -1.42538680e+00 -1.98694256e+00 -4.36398844e-17  1.42538680e+00
 -1.98694256e+00  0.00000000e+00  0.00000000e+00  3.36271045e+00]
[ 0.00000000e+00  0.00000000e+00 -3.11322941e+00  4.36398844e-17
 -1.42890858e+00 -1.98613454e+00 -4.36398844e-17  1.42890858e+00
 -1.98613454e+00  0.00000000e+00  0.00000000e+00  3.36351847e+00]
[ 0.00000000e+00  0.00000000e+00 -3.11322941e+00  4.36398844e-17
 -1.42186501e+00 -1.98613454e+00 -4.36398844e-17  1.42186501e+00
 -1.98613454e+00  0.00000000e+00  0.00000000e+00  3.36351847e+00]
[ 0.00000000e+00  0.00000000e+00 -3.11322941e+00  4.36398844e-17
 -1.42538680e+00 -1.98945340e+00 -4.36398844e-17  1.42538680e+00
 -1.98945340e+00  0.00000000e+00  0.00000000e+00  3.36393671e+00]
[ 0.00000000e+00  0.00000000e+00 -3.11322941e+00  4.36398844e-17
 -1.42538680e+00 -1.98281567e+00 -4.36398844e-17  1.42538680e+00
 -1.98281567e+00  0.00000000e+00  0.00000000e+00  3.36310024e+00]
[ 0.00000000e+00  0.00000000e+00 -3.11231956e+00  4.36398844e-17
 -1.42186501e+00 -1.98694256e+00 -4.36398844e-17  1.42186501e+00
 -1.98694256e+00  0.00000000e+00  0.00000000e+00  3.36271045e+00]
[ 0.00000000e+00  0.00000000e+00 -3.11413926e+00  4.36398844e-17
 -1.42890858e+00 -1.98532651e+00 -4.36398844e-17  1.42890858e+00
 -1.98532651e+00  0.00000000e+00  0.00000000e+00  3.36432650e+00]
[ 0.00000000e+00  0.00000000e+00 -3.11231956e+00  4.36398844e-17
 -1.42538680e+00 -1.98362369e+00 -4.36398844e-17  1.42538680e+00
 -1.98362369e+00  0.00000000e+00  0.00000000e+00  3.36229221e+00]
[ 0.00000000e+00  0.00000000e+00 -3.11413926e+00  4.36398844e-17
 -1.42538680e+00 -1.98864538e+00 -4.36398844e-17  1.42538680e+00
 -1.98864538e+00  0.00000000e+00  0.00000000e+00  3.36474473e+00]
[ 0.00000000e+00  0.00000000e+00 -3.11322941e+00  4.36398844e-17
 -1.42186501e+00 -1.98281567e+00 -4.36398844e-17  1.42186501e+00
 -1.98281567e+00  0.00000000e+00  0.00000000e+00  3.36310024e+00]
[ 0.00000000e+00  0.00000000e+00 -3.11322941e+00  4.36398844e-17
 -1.42890858e+00 -1.98945340e+00 -4.36398844e-17  1.42890858e+00
 -1.98945340e+00  0.00000000e+00  0.00000000e+00  3.36393671e+00]
[-3.51150000e-04  0.00000000e+00 -3.11322941e+00  3.37357865e-03
 -1.42538680e+00 -1.98613454e+00  3.37357865e-03  1.42538680e+00
 -1.98613454e+00 -7.39822497e-05  0.00000000e+00  3.36351847e+00]
[ 0.00000000e+00 -3.62762163e-04 -3.11322941e+00  4.36398844e-17
 -1.42213579e+00 -1.98701325e+00 -4.36398844e-17  1.42863781e+00
 -1.98525582e+00  0.00000000e+00 -4.69241872e-05  3.36351847e+00]
[ 0.00000000e+00  0.00000000e+00 -3.11322941e+00  4.36398844e-17
 -1.42628976e+00 -1.98952347e+00 -4.36398844e-17  1.42448383e+00
 -1.98274560e+00  0.00000000e+00  1.13789743e-04  3.36351847e+00]
[ 0.00000000e+00  3.62762163e-04 -3.11322941e+00  4.36398844e-17
 -1.42773484e+00 -1.98186689e+00 -4.36398844e-17  1.42303875e+00
 -1.99040218e+00  0.00000000e+00 -6.68655560e-05  3.36351847e+00]
[ 0.00000000e+00 -3.62762163e-04 -3.11322941e+00  4.36398844e-17
 -1.42303875e+00 -1.99040218e+00 -4.36398844e-17  1.42773484e+00
 -1.98186689e+00  0.00000000e+00  6.68655560e-05  3.36351847e+00]
Could not open output file for singlepoint: 1
Tried to open /scratch/smg13363/workDir/0_oh_dimer/h2o_o/c2v_p/opts/ccsd_t/atz/freq/HESS/1/output.dat
Could not open output file for singlepoint: 2
Tried to open /scratch/smg13363/workDir/0_oh_dimer/h2o_o/c2v_p/opts/ccsd_t/atz/freq/HESS/2/output.dat
Could not open output file for singlepoint: 3
Tried to open /scratch/smg13363/workDir/0_oh_dimer/h2o_o/c2v_p/opts/ccsd_t/atz/freq/HESS/3/output.dat
Could not open output file for singlepoint: 4
Tried to open /scratch/smg13363/workDir/0_oh_dimer/h2o_o/c2v_p/opts/ccsd_t/atz/freq/HESS/4/output.dat
Could not open output file for singlepoint: 5
Tried to open /scratch/smg13363/workDir/0_oh_dimer/h2o_o/c2v_p/opts/ccsd_t/atz/freq/HESS/5/output.dat
Could not open output file for singlepoint: 6
Tried to open /scratch/smg13363/workDir/0_oh_dimer/h2o_o/c2v_p/opts/ccsd_t/atz/freq/HESS/6/output.dat
Could not open output file for singlepoint: 7
Tried to open /scratch/smg13363/workDir/0_oh_dimer/h2o_o/c2v_p/opts/ccsd_t/atz/freq/HESS/7/output.dat
Could not open output file for singlepoint: 8
Tried to open /scratch/smg13363/workDir/0_oh_dimer/h2o_o/c2v_p/opts/ccsd_t/atz/freq/HESS/8/output.dat
Could not open output file for singlepoint: 9
Tried to open /scratch/smg13363/workDir/0_oh_dimer/h2o_o/c2v_p/opts/ccsd_t/atz/freq/HESS/9/output.dat
Could not open output file for singlepoint: 10
Tried to open /scratch/smg13363/workDir/0_oh_dimer/h2o_o/c2v_p/opts/ccsd_t/atz/freq/HESS/10/output.dat
Could not open output file for singlepoint: 11
Tried to open /scratch/smg13363/workDir/0_oh_dimer/h2o_o/c2v_p/opts/ccsd_t/atz/freq/HESS/11/output.dat
Could not open output file for singlepoint: 12
Tried to open /scratch/smg13363/workDir/0_oh_dimer/h2o_o/c2v_p/opts/ccsd_t/atz/freq/HESS/12/output.dat
Could not open output file for singlepoint: 13
Tried to open /scratch/smg13363/workDir/0_oh_dimer/h2o_o/c2v_p/opts/ccsd_t/atz/freq/HESS/13/output.dat
Could not open output file for singlepoint: 14
Tried to open /scratch/smg13363/workDir/0_oh_dimer/h2o_o/c2v_p/opts/ccsd_t/atz/freq/HESS/14/output.dat
Could not open output file for singlepoint: 15
Tried to open /scratch/smg13363/workDir/0_oh_dimer/h2o_o/c2v_p/opts/ccsd_t/atz/freq/HESS/15/output.dat
Could not open output file for singlepoint: 16
Tried to open /scratch/smg13363/workDir/0_oh_dimer/h2o_o/c2v_p/opts/ccsd_t/atz/freq/HESS/16/output.dat
Could not open output file for singlepoint: 17
Tried to open /scratch/smg13363/workDir/0_oh_dimer/h2o_o/c2v_p/opts/ccsd_t/atz/freq/HESS/17/output.dat
Could not open output file for singlepoint: 18
Tried to open /scratch/smg13363/workDir/0_oh_dimer/h2o_o/c2v_p/opts/ccsd_t/atz/freq/HESS/18/output.dat
state: False
output:        JobID                                                      JobName      State 
------------        ----------------------------------------------------- ---------- 
1998078                                                           h2o_o-1    RUNNING 

state: True
output:        JobID                                                      JobName      State 
------------        ----------------------------------------------------- ---------- 
1998079                                                           h2o_o-2  COMPLETED 

state: False
output:        JobID                                                      JobName      State 
------------        ----------------------------------------------------- ---------- 
1998080                                                           h2o_o-3    RUNNING 

state: False
output:        JobID                                                      JobName      State 
------------        ----------------------------------------------------- ---------- 
1998081                                                           h2o_o-4    RUNNING 

state: True
output:        JobID                                                      JobName      State 
------------        ----------------------------------------------------- ---------- 
1998082                                                           h2o_o-5  COMPLETED 

state: True
output:        JobID                                                      JobName      State 
------------        ----------------------------------------------------- ---------- 
1998083                                                           h2o_o-6  COMPLETED 

state: True
output:        JobID                                                      JobName      State 
------------        ----------------------------------------------------- ---------- 
1998084                                                           h2o_o-7  COMPLETED 

state: True
output:        JobID                                                      JobName      State 
------------        ----------------------------------------------------- ---------- 
1998085                                                           h2o_o-8  COMPLETED 

state: True
output:        JobID                                                      JobName      State 
------------        ----------------------------------------------------- ---------- 
1998086                                                           h2o_o-9  COMPLETED 

state: True
output:        JobID                                                      JobName      State 
------------        ----------------------------------------------------- ---------- 
1998087                                                          h2o_o-10  COMPLETED 

state: True
output:        JobID                                                      JobName      State 
------------        ----------------------------------------------------- ---------- 
1998088                                                          h2o_o-11  COMPLETED 

state: True
output:        JobID                                                      JobName      State 
------------        ----------------------------------------------------- ---------- 
1998089                                                          h2o_o-12  COMPLETED 

state: True
output:        JobID                                                      JobName      State 
------------        ----------------------------------------------------- ---------- 
1998090                                                          h2o_o-13  COMPLETED 

state: False
output:        JobID                                                      JobName      State 
------------        ----------------------------------------------------- ---------- 
1998091                                                          h2o_o-14    RUNNING 

state: True
output:        JobID                                                      JobName      State 
------------        ----------------------------------------------------- ---------- 
1998092                                                          h2o_o-15  COMPLETED 

state: False
output:        JobID                                                      JobName      State 
------------        ----------------------------------------------------- ---------- 
1998093                                                          h2o_o-16    RUNNING 

state: True
output:        JobID                                                      JobName      State 
------------        ----------------------------------------------------- ---------- 
1998094                                                          h2o_o-17  COMPLETED 

state: True
output:        JobID                                                      JobName      State 
------------        ----------------------------------------------------- ---------- 
1998095                                                          h2o_o-18  COMPLETED 

energy
key reference result -151.322474574331
key 0: -1 result -151.32247389227325
key 0: 1 result -151.32247389155845
key 1: -1 result -151.32246961900003
key 1: 1 result -151.32246961849975
key 2: -1 result -151.32247203593923
key 2: 1 result -151.3224720373551
key 0: 1, 1: 1 result -151.32246647311564
key 0: -1, 1: -1 result -151.32246652122535
key 0: 1, 2: 1 result -151.32247397912857
key 0: -1, 2: -1 result -151.3224739823356
key 1: 1, 2: 1 result -151.32247183493737
key 1: -1, 2: -1 result -151.32247181159033
key 3: -1 result -151.32247457136054
key 4: -1 result -151.32246836866912
key 5: -1 result -151.32247354892442
key 4: 1, 5: 1 result -151.32246223089027
key 4: -1, 5: -1 result -151.3224622308909
Warning: thermodynamics relations excluded imaginary frequencies: ['223.0671i']
Warning: used thermodynamics relations inappropriate for low-frequency modes: ['68.1074' '79.2431']
