 Running cfour on c5-20.compute.lan
 Running calculation...
 @GETMEM-I,  Allocated   38146 MB of main memory.
 ENERGY    MP2         -151.248614517436     
 ENERGY    CCSDT       -151.288661160587     
 ENERGY    CCSDT       -151.288661160587     
  -151.288661160587     
 -1.441016110285714E-003  1.109323219807692E-002  0.000000000000000E+000
  1.441016110285714E-003 -1.109323219807692E-002  0.000000000000000E+000
  1.135108281186462E-002 -8.218138148628151E-003  0.000000000000000E+000
 -1.135108281186462E-002  8.218138148628151E-003  0.000000000000000E+000
 @CHECKOUT-I, Total execution time (CPU/WALL):        0.00/       0.03 seconds.
 Saving data and cleaning up...
OPTARC
JOBARC
JAINDX
FJOBARC
MOLDEN
NEWMOS
den.dat
 Job complete on c5-20.compute.lan.
