 Running cfour on c1-1.compute.lan
 Running calculation...
 @GETMEM-I,  Allocated   38146 MB of main memory.
 ENERGY    MP2         -151.213685039969     
 ENERGY    CCSDT       -151.253045111501     
 ENERGY    CCSDT       -151.253045111501     
  -151.253045111501     
  0.103971163578035      -7.887058662621169E-002  0.000000000000000E+000
 -0.103971163578035       7.887058662621169E-002  0.000000000000000E+000
 -4.380151302018531E-002  8.283759568435850E-002  0.000000000000000E+000
  4.380151302018531E-002 -8.283759568435850E-002  0.000000000000000E+000
 @CHECKOUT-I, Total execution time (CPU/WALL):        0.00/       0.03 seconds.
 Saving data and cleaning up...
OPTARC
JOBARC
JAINDX
FJOBARC
MOLDEN
NEWMOS
den.dat
 Job complete on c1-1.compute.lan.
