Traceback (most recent call last):
  File "/apps/gb/PSI4/1.3.2/bin/psi4", line 287, in <module>
    exec(content)
  File "<string>", line 35, in <module>
  File "/apps/gb/PSI4/1.3.2/lib//python3.6/site-packages/psi4/driver/driver.py", line 556, in energy
    wfn = procedures['energy'][lowername](lowername, molecule=molecule, **kwargs)
  File "/apps/gb/PSI4/1.3.2/lib//python3.6/site-packages/psi4/driver/procrouting/proc.py", line 856, in select_ccsd_t_
    return func(name, **kwargs)
  File "/apps/gb/PSI4/1.3.2/lib//python3.6/site-packages/psi4/driver/procrouting/proc.py", line 2289, in run_ccenergy
    ccwfn = core.ccenergy(ref_wfn)

RuntimeError: 
Fatal Error: Timer ccenergy is not on.
Error occurred in file: /scratch/psilocaluser/conda-builds/psi4-multiout_1563933640427/work/psi4/src/psi4/libqt/timer.cc on line: 1142
The most recent 5 function calls were:

psi::timer_off(std::__cxx11::basic_string<char, std::char_traits<char>, std::allocator<char> > const&)


Printing out the relevant lines from the Psithon --> Python processed input file:
    core.set_global_option("E_CONVERGENCE", 10)
    core.set_global_option("SCF_TYPE", "pk")
    core.set_global_option("FREEZE_CORE", "true")
    core.set_local_option("CCENERGY", "E_CONVERGENCE", 10)
    core.set_local_option("CCENERGY", "R_CONVERGENCE", 10)
--> e = energy('ccsd(t)')
    print_out('Stephenergy {}'.format(e))

