/home/smg13363/pkg/optavc/optimize.py:46: FutureWarning: Using `psi4.core.set_gradient` (only used internally for C++ optking; deprecated silently in 1.2) is deprecated, and in 1.4 (or whenever Py optking is adopted) it will stop working

  psi4.core.set_gradient(grad)
/home/smg13363/pkg/optavc/optimize.py:46: FutureWarning: Using `psi4.core.set_gradient` (only used internally for C++ optking; deprecated silently in 1.2) is deprecated, and in 1.4 (or whenever Py optking is adopted) it will stop working

  psi4.core.set_gradient(grad)
/home/smg13363/pkg/optavc/optimize.py:46: FutureWarning: Using `psi4.core.set_gradient` (only used internally for C++ optking; deprecated silently in 1.2) is deprecated, and in 1.4 (or whenever Py optking is adopted) it will stop working

  psi4.core.set_gradient(grad)
/home/smg13363/pkg/optavc/optimize.py:46: FutureWarning: Using `psi4.core.set_gradient` (only used internally for C++ optking; deprecated silently in 1.2) is deprecated, and in 1.4 (or whenever Py optking is adopted) it will stop working

  psi4.core.set_gradient(grad)
/home/smg13363/pkg/optavc/optimize.py:46: FutureWarning: Using `psi4.core.set_gradient` (only used internally for C++ optking; deprecated silently in 1.2) is deprecated, and in 1.4 (or whenever Py optking is adopted) it will stop working

  psi4.core.set_gradient(grad)
/home/smg13363/pkg/optavc/optimize.py:46: FutureWarning: Using `psi4.core.set_gradient` (only used internally for C++ optking; deprecated silently in 1.2) is deprecated, and in 1.4 (or whenever Py optking is adopted) it will stop working

  psi4.core.set_gradient(grad)
/home/smg13363/pkg/optavc/optimize.py:46: FutureWarning: Using `psi4.core.set_gradient` (only used internally for C++ optking; deprecated silently in 1.2) is deprecated, and in 1.4 (or whenever Py optking is adopted) it will stop working

  psi4.core.set_gradient(grad)
/home/smg13363/pkg/optavc/optimize.py:46: FutureWarning: Using `psi4.core.set_gradient` (only used internally for C++ optking; deprecated silently in 1.2) is deprecated, and in 1.4 (or whenever Py optking is adopted) it will stop working

  psi4.core.set_gradient(grad)
/home/smg13363/pkg/optavc/optimize.py:46: FutureWarning: Using `psi4.core.set_gradient` (only used internally for C++ optking; deprecated silently in 1.2) is deprecated, and in 1.4 (or whenever Py optking is adopted) it will stop working

  psi4.core.set_gradient(grad)
/home/smg13363/pkg/optavc/optimize.py:46: FutureWarning: Using `psi4.core.set_gradient` (only used internally for C++ optking; deprecated silently in 1.2) is deprecated, and in 1.4 (or whenever Py optking is adopted) it will stop working

  psi4.core.set_gradient(grad)
/home/smg13363/pkg/optavc/optimize.py:46: FutureWarning: Using `psi4.core.set_gradient` (only used internally for C++ optking; deprecated silently in 1.2) is deprecated, and in 1.4 (or whenever Py optking is adopted) it will stop working

  psi4.core.set_gradient(grad)
/home/smg13363/pkg/optavc/optimize.py:46: FutureWarning: Using `psi4.core.set_gradient` (only used internally for C++ optking; deprecated silently in 1.2) is deprecated, and in 1.4 (or whenever Py optking is adopted) it will stop working

  psi4.core.set_gradient(grad)
/home/smg13363/pkg/optavc/optimize.py:46: FutureWarning: Using `psi4.core.set_gradient` (only used internally for C++ optking; deprecated silently in 1.2) is deprecated, and in 1.4 (or whenever Py optking is adopted) it will stop working

  psi4.core.set_gradient(grad)
/home/smg13363/pkg/optavc/optimize.py:46: FutureWarning: Using `psi4.core.set_gradient` (only used internally for C++ optking; deprecated silently in 1.2) is deprecated, and in 1.4 (or whenever Py optking is adopted) it will stop working

  psi4.core.set_gradient(grad)
/home/smg13363/pkg/optavc/optimize.py:46: FutureWarning: Using `psi4.core.set_gradient` (only used internally for C++ optking; deprecated silently in 1.2) is deprecated, and in 1.4 (or whenever Py optking is adopted) it will stop working

  psi4.core.set_gradient(grad)

====================Beginning new step 0======================

Creating correct gradient class
[ 0.00000000e+00  0.00000000e+00 -2.33141726e+00  4.38934964e-17
 -1.43367039e+00 -1.21321763e+00 -4.38934964e-17  1.43367039e+00
 -1.21321763e+00  0.00000000e+00  0.00000000e+00  2.48430474e+00]
[ 0.00000000e+00  0.00000000e+00 -2.32959757e+00  4.38934964e-17
 -1.43367039e+00 -1.21483368e+00 -4.38934964e-17  1.43367039e+00
 -1.21483368e+00  0.00000000e+00  0.00000000e+00  2.48268870e+00]
[ 0.00000000e+00  0.00000000e+00 -2.33050741e+00  4.38934964e-17
 -1.43719217e+00 -1.21402566e+00 -4.38934964e-17  1.43719217e+00
 -1.21402566e+00  0.00000000e+00  0.00000000e+00  2.48349672e+00]
[ 0.00000000e+00  0.00000000e+00 -2.33050741e+00  4.38934964e-17
 -1.43014861e+00 -1.21402566e+00 -4.38934964e-17  1.43014861e+00
 -1.21402566e+00  0.00000000e+00  0.00000000e+00  2.48349672e+00]
[ 0.00000000e+00  0.00000000e+00 -2.33050741e+00  4.38934964e-17
 -1.43367039e+00 -1.21734452e+00 -4.38934964e-17  1.43367039e+00
 -1.21734452e+00  0.00000000e+00  0.00000000e+00  2.48391496e+00]
[ 0.00000000e+00  0.00000000e+00 -2.33050741e+00  4.38934964e-17
 -1.43367039e+00 -1.21070679e+00 -4.38934964e-17  1.43367039e+00
 -1.21070679e+00  0.00000000e+00  0.00000000e+00  2.48307848e+00]
Could not open output file for singlepoint: 1
Tried to open /scratch/smg13363/workDir/0_oh_dimer/h2o_o/c2v_p/opts/ccsd_t/atz/STEP00/1/output.dat
Could not open output file for singlepoint: 2
Tried to open /scratch/smg13363/workDir/0_oh_dimer/h2o_o/c2v_p/opts/ccsd_t/atz/STEP00/2/output.dat
Could not open output file for singlepoint: 3
Tried to open /scratch/smg13363/workDir/0_oh_dimer/h2o_o/c2v_p/opts/ccsd_t/atz/STEP00/3/output.dat
Could not open output file for singlepoint: 4
Tried to open /scratch/smg13363/workDir/0_oh_dimer/h2o_o/c2v_p/opts/ccsd_t/atz/STEP00/4/output.dat
Could not open output file for singlepoint: 5
Tried to open /scratch/smg13363/workDir/0_oh_dimer/h2o_o/c2v_p/opts/ccsd_t/atz/STEP00/5/output.dat
Could not open output file for singlepoint: 6
Tried to open /scratch/smg13363/workDir/0_oh_dimer/h2o_o/c2v_p/opts/ccsd_t/atz/STEP00/6/output.dat
Could not open output file for singlepoint: 7
Tried to open /scratch/smg13363/workDir/0_oh_dimer/h2o_o/c2v_p/opts/ccsd_t/atz/STEP00/7/output.dat
state: False
output:        JobID                                                      JobName      State 
------------        ----------------------------------------------------- ---------- 
1997285                                                       h2o_o--00-1    RUNNING 

state: False
output:        JobID                                                      JobName      State 
------------        ----------------------------------------------------- ---------- 
1997286                                                       h2o_o--00-2    RUNNING 

state: False
output:        JobID                                                      JobName      State 
------------        ----------------------------------------------------- ---------- 
1997287                                                       h2o_o--00-3    RUNNING 

state: True
output:        JobID                                                      JobName      State 
------------        ----------------------------------------------------- ---------- 
1997288                                                       h2o_o--00-4  COMPLETED 

state: True
output:        JobID                                                      JobName      State 
------------        ----------------------------------------------------- ---------- 
1997289                                                       h2o_o--00-5  COMPLETED 

state: True
output:        JobID                                                      JobName      State 
------------        ----------------------------------------------------- ---------- 
1997290                                                       h2o_o--00-6  COMPLETED 

state: True
output:        JobID                                                      JobName      State 
------------        ----------------------------------------------------- ---------- 
1997291                                                       h2o_o--00-7  COMPLETED 


====================Beginning new step 1======================

Creating correct gradient class
[ 0.00000000e+00  0.00000000e+00 -2.38457105e+00  4.41089566e-17
 -1.44070786e+00 -1.26843243e+00 -4.41089566e-17  1.44070786e+00
 -1.26843243e+00  0.00000000e+00  0.00000000e+00  2.54441660e+00]
[ 0.00000000e+00  0.00000000e+00 -2.38275136e+00  4.41089566e-17
 -1.44070786e+00 -1.27004848e+00 -4.41089566e-17  1.44070786e+00
 -1.27004848e+00  0.00000000e+00  0.00000000e+00  2.54280056e+00]
[ 0.00000000e+00  0.00000000e+00 -2.38366120e+00  4.41089566e-17
 -1.44422964e+00 -1.26924046e+00 -4.41089566e-17  1.44422964e+00
 -1.26924046e+00  0.00000000e+00  0.00000000e+00  2.54360858e+00]
[ 0.00000000e+00  0.00000000e+00 -2.38366120e+00  4.41089566e-17
 -1.43718608e+00 -1.26924046e+00 -4.41089566e-17  1.43718608e+00
 -1.26924046e+00  0.00000000e+00  0.00000000e+00  2.54360858e+00]
[ 0.00000000e+00  0.00000000e+00 -2.38366120e+00  4.41089566e-17
 -1.44070786e+00 -1.27255932e+00 -4.41089566e-17  1.44070786e+00
 -1.27255932e+00  0.00000000e+00  0.00000000e+00  2.54402682e+00]
[ 0.00000000e+00  0.00000000e+00 -2.38366120e+00  4.41089566e-17
 -1.44070786e+00 -1.26592159e+00 -4.41089566e-17  1.44070786e+00
 -1.26592159e+00  0.00000000e+00  0.00000000e+00  2.54319034e+00]
Could not open output file for singlepoint: 1
Tried to open /scratch/smg13363/workDir/0_oh_dimer/h2o_o/c2v_p/opts/ccsd_t/atz/STEP01/1/output.dat
Could not open output file for singlepoint: 2
Tried to open /scratch/smg13363/workDir/0_oh_dimer/h2o_o/c2v_p/opts/ccsd_t/atz/STEP01/2/output.dat
Could not open output file for singlepoint: 3
Tried to open /scratch/smg13363/workDir/0_oh_dimer/h2o_o/c2v_p/opts/ccsd_t/atz/STEP01/3/output.dat
Could not open output file for singlepoint: 4
Tried to open /scratch/smg13363/workDir/0_oh_dimer/h2o_o/c2v_p/opts/ccsd_t/atz/STEP01/4/output.dat
Could not open output file for singlepoint: 5
Tried to open /scratch/smg13363/workDir/0_oh_dimer/h2o_o/c2v_p/opts/ccsd_t/atz/STEP01/5/output.dat
Could not open output file for singlepoint: 6
Tried to open /scratch/smg13363/workDir/0_oh_dimer/h2o_o/c2v_p/opts/ccsd_t/atz/STEP01/6/output.dat
Could not open output file for singlepoint: 7
Tried to open /scratch/smg13363/workDir/0_oh_dimer/h2o_o/c2v_p/opts/ccsd_t/atz/STEP01/7/output.dat
state: False
output:        JobID                                                      JobName      State 
------------        ----------------------------------------------------- ---------- 
1997292                                                       h2o_o--01-1    RUNNING 

state: False
output:        JobID                                                      JobName      State 
------------        ----------------------------------------------------- ---------- 
1997293                                                       h2o_o--01-2    RUNNING 

state: False
output:        JobID                                                      JobName      State 
------------        ----------------------------------------------------- ---------- 
1997294                                                       h2o_o--01-3    RUNNING 

state: True
output:        JobID                                                      JobName      State 
------------        ----------------------------------------------------- ---------- 
1997295                                                       h2o_o--01-4  COMPLETED 

state: True
output:        JobID                                                      JobName      State 
------------        ----------------------------------------------------- ---------- 
1997296                                                       h2o_o--01-5  COMPLETED 

state: True
output:        JobID                                                      JobName      State 
------------        ----------------------------------------------------- ---------- 
1997297                                                       h2o_o--01-6  COMPLETED 

state: True
output:        JobID                                                      JobName      State 
------------        ----------------------------------------------------- ---------- 
1997298                                                       h2o_o--01-7  COMPLETED 


====================Beginning new step 2======================

Creating correct gradient class
[ 0.00000000e+00  0.00000000e+00 -2.52264206e+00  4.42032634e-17
 -1.44378815e+00 -1.41397335e+00 -4.42032634e-17  1.44378815e+00
 -1.41397335e+00  0.00000000e+00  0.00000000e+00  2.70082841e+00]
[ 0.00000000e+00  0.00000000e+00 -2.52082236e+00  4.42032634e-17
 -1.44378815e+00 -1.41558939e+00 -4.42032634e-17  1.44378815e+00
 -1.41558939e+00  0.00000000e+00  0.00000000e+00  2.69921237e+00]
[ 0.00000000e+00  0.00000000e+00 -2.52173221e+00  4.42032634e-17
 -1.44730993e+00 -1.41478137e+00 -4.42032634e-17  1.44730993e+00
 -1.41478137e+00  0.00000000e+00  0.00000000e+00  2.70002039e+00]
[ 0.00000000e+00  0.00000000e+00 -2.52173221e+00  4.42032634e-17
 -1.44026637e+00 -1.41478137e+00 -4.42032634e-17  1.44026637e+00
 -1.41478137e+00  0.00000000e+00  0.00000000e+00  2.70002039e+00]
[ 0.00000000e+00  0.00000000e+00 -2.52173221e+00  4.42032634e-17
 -1.44378815e+00 -1.41810024e+00 -4.42032634e-17  1.44378815e+00
 -1.41810024e+00  0.00000000e+00  0.00000000e+00  2.70043863e+00]
[ 0.00000000e+00  0.00000000e+00 -2.52173221e+00  4.42032634e-17
 -1.44378815e+00 -1.41146251e+00 -4.42032634e-17  1.44378815e+00
 -1.41146251e+00  0.00000000e+00  0.00000000e+00  2.69960215e+00]
Could not open output file for singlepoint: 1
Tried to open /scratch/smg13363/workDir/0_oh_dimer/h2o_o/c2v_p/opts/ccsd_t/atz/STEP02/1/output.dat
Could not open output file for singlepoint: 2
Tried to open /scratch/smg13363/workDir/0_oh_dimer/h2o_o/c2v_p/opts/ccsd_t/atz/STEP02/2/output.dat
Could not open output file for singlepoint: 3
Tried to open /scratch/smg13363/workDir/0_oh_dimer/h2o_o/c2v_p/opts/ccsd_t/atz/STEP02/3/output.dat
Could not open output file for singlepoint: 4
Tried to open /scratch/smg13363/workDir/0_oh_dimer/h2o_o/c2v_p/opts/ccsd_t/atz/STEP02/4/output.dat
Could not open output file for singlepoint: 5
Tried to open /scratch/smg13363/workDir/0_oh_dimer/h2o_o/c2v_p/opts/ccsd_t/atz/STEP02/5/output.dat
Could not open output file for singlepoint: 6
Tried to open /scratch/smg13363/workDir/0_oh_dimer/h2o_o/c2v_p/opts/ccsd_t/atz/STEP02/6/output.dat
Could not open output file for singlepoint: 7
Tried to open /scratch/smg13363/workDir/0_oh_dimer/h2o_o/c2v_p/opts/ccsd_t/atz/STEP02/7/output.dat
state: False
output:        JobID                                                      JobName      State 
------------        ----------------------------------------------------- ---------- 
1997303                                                       h2o_o--02-1    RUNNING 

state: False
output:        JobID                                                      JobName      State 
------------        ----------------------------------------------------- ---------- 
1997304                                                       h2o_o--02-2    RUNNING 

state: False
output:        JobID                                                      JobName      State 
------------        ----------------------------------------------------- ---------- 
1997305                                                       h2o_o--02-3    RUNNING 

state: True
output:        JobID                                                      JobName      State 
------------        ----------------------------------------------------- ---------- 
1997306                                                       h2o_o--02-4  COMPLETED 

state: True
output:        JobID                                                      JobName      State 
------------        ----------------------------------------------------- ---------- 
1997307                                                       h2o_o--02-5  COMPLETED 

state: True
output:        JobID                                                      JobName      State 
------------        ----------------------------------------------------- ---------- 
1997308                                                       h2o_o--02-6  COMPLETED 

state: True
output:        JobID                                                      JobName      State 
------------        ----------------------------------------------------- ---------- 
1997309                                                       h2o_o--02-7  COMPLETED 


====================Beginning new step 3======================

Creating correct gradient class
[ 0.00000000e+00  0.00000000e+00 -2.72764985e+00  4.22324058e-17
 -1.37941505e+00 -1.56037610e+00 -4.22324058e-17  1.37941505e+00
 -1.56037610e+00  0.00000000e+00  0.00000000e+00  2.92428561e+00]
[ 0.00000000e+00  0.00000000e+00 -2.72583016e+00  4.22324058e-17
 -1.37941505e+00 -1.56199214e+00 -4.22324058e-17  1.37941505e+00
 -1.56199214e+00  0.00000000e+00  0.00000000e+00  2.92266957e+00]
[ 0.00000000e+00  0.00000000e+00 -2.72674000e+00  4.22324058e-17
 -1.38293684e+00 -1.56118412e+00 -4.22324058e-17  1.38293684e+00
 -1.56118412e+00  0.00000000e+00  0.00000000e+00  2.92347759e+00]
[ 0.00000000e+00  0.00000000e+00 -2.72674000e+00  4.22324058e-17
 -1.37589327e+00 -1.56118412e+00 -4.22324058e-17  1.37589327e+00
 -1.56118412e+00  0.00000000e+00  0.00000000e+00  2.92347759e+00]
[ 0.00000000e+00  0.00000000e+00 -2.72674000e+00  4.22324058e-17
 -1.37941505e+00 -1.56450299e+00 -4.22324058e-17  1.37941505e+00
 -1.56450299e+00  0.00000000e+00  0.00000000e+00  2.92389583e+00]
[ 0.00000000e+00  0.00000000e+00 -2.72674000e+00  4.22324058e-17
 -1.37941505e+00 -1.55786525e+00 -4.22324058e-17  1.37941505e+00
 -1.55786525e+00  0.00000000e+00  0.00000000e+00  2.92305935e+00]
Could not open output file for singlepoint: 1
Tried to open /scratch/smg13363/workDir/0_oh_dimer/h2o_o/c2v_p/opts/ccsd_t/atz/STEP03/1/output.dat
Could not open output file for singlepoint: 2
Tried to open /scratch/smg13363/workDir/0_oh_dimer/h2o_o/c2v_p/opts/ccsd_t/atz/STEP03/2/output.dat
Could not open output file for singlepoint: 3
Tried to open /scratch/smg13363/workDir/0_oh_dimer/h2o_o/c2v_p/opts/ccsd_t/atz/STEP03/3/output.dat
Could not open output file for singlepoint: 4
Tried to open /scratch/smg13363/workDir/0_oh_dimer/h2o_o/c2v_p/opts/ccsd_t/atz/STEP03/4/output.dat
Could not open output file for singlepoint: 5
Tried to open /scratch/smg13363/workDir/0_oh_dimer/h2o_o/c2v_p/opts/ccsd_t/atz/STEP03/5/output.dat
Could not open output file for singlepoint: 6
Tried to open /scratch/smg13363/workDir/0_oh_dimer/h2o_o/c2v_p/opts/ccsd_t/atz/STEP03/6/output.dat
Could not open output file for singlepoint: 7
Tried to open /scratch/smg13363/workDir/0_oh_dimer/h2o_o/c2v_p/opts/ccsd_t/atz/STEP03/7/output.dat
state: False
output:        JobID                                                      JobName      State 
------------        ----------------------------------------------------- ---------- 
1997412                                                       h2o_o--03-1    RUNNING 

state: False
output:        JobID                                                      JobName      State 
------------        ----------------------------------------------------- ---------- 
1997413                                                       h2o_o--03-2    RUNNING 

state: False
output:        JobID                                                      JobName      State 
------------        ----------------------------------------------------- ---------- 
1997414                                                       h2o_o--03-3    RUNNING 

state: True
output:        JobID                                                      JobName      State 
------------        ----------------------------------------------------- ---------- 
1997415                                                       h2o_o--03-4  COMPLETED 

state: True
output:        JobID                                                      JobName      State 
------------        ----------------------------------------------------- ---------- 
1997416                                                       h2o_o--03-5  COMPLETED 

state: True
output:        JobID                                                      JobName      State 
------------        ----------------------------------------------------- ---------- 
1997417                                                       h2o_o--03-6  COMPLETED 

state: True
output:        JobID                                                      JobName      State 
------------        ----------------------------------------------------- ---------- 
1997418                                                       h2o_o--03-7  COMPLETED 


====================Beginning new step 4======================

Creating correct gradient class
[ 0.00000000e+00  0.00000000e+00 -2.76837047e+00  4.24961816e-17
 -1.38803063e+00 -1.59711407e+00 -4.24961816e-17  1.38803063e+00
 -1.59711407e+00  0.00000000e+00  0.00000000e+00  2.96963588e+00]
[ 0.00000000e+00  0.00000000e+00 -2.76655078e+00  4.24961816e-17
 -1.38803063e+00 -1.59873011e+00 -4.24961816e-17  1.38803063e+00
 -1.59873011e+00  0.00000000e+00  0.00000000e+00  2.96801984e+00]
[ 0.00000000e+00  0.00000000e+00 -2.76746063e+00  4.24961816e-17
 -1.39155241e+00 -1.59792209e+00 -4.24961816e-17  1.39155241e+00
 -1.59792209e+00  0.00000000e+00  0.00000000e+00  2.96882786e+00]
[ 0.00000000e+00  0.00000000e+00 -2.76746063e+00  4.24961816e-17
 -1.38450885e+00 -1.59792209e+00 -4.24961816e-17  1.38450885e+00
 -1.59792209e+00  0.00000000e+00  0.00000000e+00  2.96882786e+00]
[ 0.00000000e+00  0.00000000e+00 -2.76746063e+00  4.24961816e-17
 -1.38803063e+00 -1.60124096e+00 -4.24961816e-17  1.38803063e+00
 -1.60124096e+00  0.00000000e+00  0.00000000e+00  2.96924610e+00]
[ 0.00000000e+00  0.00000000e+00 -2.76746063e+00  4.24961816e-17
 -1.38803063e+00 -1.59460322e+00 -4.24961816e-17  1.38803063e+00
 -1.59460322e+00  0.00000000e+00  0.00000000e+00  2.96840962e+00]
Could not open output file for singlepoint: 1
Tried to open /scratch/smg13363/workDir/0_oh_dimer/h2o_o/c2v_p/opts/ccsd_t/atz/STEP04/1/output.dat
Could not open output file for singlepoint: 2
Tried to open /scratch/smg13363/workDir/0_oh_dimer/h2o_o/c2v_p/opts/ccsd_t/atz/STEP04/2/output.dat
Could not open output file for singlepoint: 3
Tried to open /scratch/smg13363/workDir/0_oh_dimer/h2o_o/c2v_p/opts/ccsd_t/atz/STEP04/3/output.dat
Could not open output file for singlepoint: 4
Tried to open /scratch/smg13363/workDir/0_oh_dimer/h2o_o/c2v_p/opts/ccsd_t/atz/STEP04/4/output.dat
Could not open output file for singlepoint: 5
Tried to open /scratch/smg13363/workDir/0_oh_dimer/h2o_o/c2v_p/opts/ccsd_t/atz/STEP04/5/output.dat
Could not open output file for singlepoint: 6
Tried to open /scratch/smg13363/workDir/0_oh_dimer/h2o_o/c2v_p/opts/ccsd_t/atz/STEP04/6/output.dat
Could not open output file for singlepoint: 7
Tried to open /scratch/smg13363/workDir/0_oh_dimer/h2o_o/c2v_p/opts/ccsd_t/atz/STEP04/7/output.dat
state: False
output:        JobID                                                      JobName      State 
------------        ----------------------------------------------------- ---------- 
1997421                                                       h2o_o--04-1    RUNNING 

state: False
output:        JobID                                                      JobName      State 
------------        ----------------------------------------------------- ---------- 
1997422                                                       h2o_o--04-2    RUNNING 

state: False
output:        JobID                                                      JobName      State 
------------        ----------------------------------------------------- ---------- 
1997423                                                       h2o_o--04-3    RUNNING 

state: False
output:        JobID                                                      JobName      State 
------------        ----------------------------------------------------- ---------- 
1997424                                                       h2o_o--04-4    RUNNING 

state: False
output:        JobID                                                      JobName      State 
------------        ----------------------------------------------------- ---------- 
1997425                                                       h2o_o--04-5    RUNNING 

state: True
output:        JobID                                                      JobName      State 
------------        ----------------------------------------------------- ---------- 
1997426                                                       h2o_o--04-6  COMPLETED 

state: True
output:        JobID                                                      JobName      State 
------------        ----------------------------------------------------- ---------- 
1997427                                                       h2o_o--04-7  COMPLETED 


====================Beginning new step 5======================

Creating correct gradient class
[ 0.00000000e+00  0.00000000e+00 -2.84297485e+00  4.33115087e-17
 -1.41466123e+00 -1.68732599e+00 -4.33115087e-17  1.41466123e+00
 -1.68732599e+00  0.00000000e+00  0.00000000e+00  3.05560860e+00]
[ 0.00000000e+00  0.00000000e+00 -2.84115515e+00  4.33115087e-17
 -1.41466123e+00 -1.68894203e+00 -4.33115087e-17  1.41466123e+00
 -1.68894203e+00  0.00000000e+00  0.00000000e+00  3.05399256e+00]
[ 0.00000000e+00  0.00000000e+00 -2.84206500e+00  4.33115087e-17
 -1.41818301e+00 -1.68813401e+00 -4.33115087e-17  1.41818301e+00
 -1.68813401e+00  0.00000000e+00  0.00000000e+00  3.05480058e+00]
[ 0.00000000e+00  0.00000000e+00 -2.84206500e+00  4.33115087e-17
 -1.41113945e+00 -1.68813401e+00 -4.33115087e-17  1.41113945e+00
 -1.68813401e+00  0.00000000e+00  0.00000000e+00  3.05480058e+00]
[ 0.00000000e+00  0.00000000e+00 -2.84206500e+00  4.33115087e-17
 -1.41466123e+00 -1.69145288e+00 -4.33115087e-17  1.41466123e+00
 -1.69145288e+00  0.00000000e+00  0.00000000e+00  3.05521882e+00]
[ 0.00000000e+00  0.00000000e+00 -2.84206500e+00  4.33115087e-17
 -1.41466123e+00 -1.68481515e+00 -4.33115087e-17  1.41466123e+00
 -1.68481515e+00  0.00000000e+00  0.00000000e+00  3.05438234e+00]
Could not open output file for singlepoint: 1
Tried to open /scratch/smg13363/workDir/0_oh_dimer/h2o_o/c2v_p/opts/ccsd_t/atz/STEP05/1/output.dat
Could not open output file for singlepoint: 2
Tried to open /scratch/smg13363/workDir/0_oh_dimer/h2o_o/c2v_p/opts/ccsd_t/atz/STEP05/2/output.dat
Could not open output file for singlepoint: 3
Tried to open /scratch/smg13363/workDir/0_oh_dimer/h2o_o/c2v_p/opts/ccsd_t/atz/STEP05/3/output.dat
Could not open output file for singlepoint: 4
Tried to open /scratch/smg13363/workDir/0_oh_dimer/h2o_o/c2v_p/opts/ccsd_t/atz/STEP05/4/output.dat
Could not open output file for singlepoint: 5
Tried to open /scratch/smg13363/workDir/0_oh_dimer/h2o_o/c2v_p/opts/ccsd_t/atz/STEP05/5/output.dat
Could not open output file for singlepoint: 6
Tried to open /scratch/smg13363/workDir/0_oh_dimer/h2o_o/c2v_p/opts/ccsd_t/atz/STEP05/6/output.dat
Could not open output file for singlepoint: 7
Tried to open /scratch/smg13363/workDir/0_oh_dimer/h2o_o/c2v_p/opts/ccsd_t/atz/STEP05/7/output.dat
state: False
output:        JobID                                                      JobName      State 
------------        ----------------------------------------------------- ---------- 
1997430                                                       h2o_o--05-1    RUNNING 

state: False
output:        JobID                                                      JobName      State 
------------        ----------------------------------------------------- ---------- 
1997431                                                       h2o_o--05-2    RUNNING 

state: True
output:        JobID                                                      JobName      State 
------------        ----------------------------------------------------- ---------- 
1997432                                                       h2o_o--05-3  COMPLETED 

state: True
output:        JobID                                                      JobName      State 
------------        ----------------------------------------------------- ---------- 
1997433                                                       h2o_o--05-4  COMPLETED 

state: True
output:        JobID                                                      JobName      State 
------------        ----------------------------------------------------- ---------- 
1997434                                                       h2o_o--05-5  COMPLETED 

state: True
output:        JobID                                                      JobName      State 
------------        ----------------------------------------------------- ---------- 
1997435                                                       h2o_o--05-6  COMPLETED 

state: True
output:        JobID                                                      JobName      State 
------------        ----------------------------------------------------- ---------- 
1997436                                                       h2o_o--05-7  COMPLETED 


====================Beginning new step 6======================

Creating correct gradient class
[ 0.00000000e+00  0.00000000e+00 -2.92662507e+00  4.35267257e-17
 -1.42169075e+00 -1.78255932e+00 -4.35267257e-17  1.42169075e+00
 -1.78255932e+00  0.00000000e+00  0.00000000e+00  3.15125995e+00]
[ 0.00000000e+00  0.00000000e+00 -2.92480537e+00  4.35267257e-17
 -1.42169075e+00 -1.78417536e+00 -4.35267257e-17  1.42169075e+00
 -1.78417536e+00  0.00000000e+00  0.00000000e+00  3.14964391e+00]
[ 0.00000000e+00  0.00000000e+00 -2.92571522e+00  4.35267257e-17
 -1.42521253e+00 -1.78336734e+00 -4.35267257e-17  1.42521253e+00
 -1.78336734e+00  0.00000000e+00  0.00000000e+00  3.15045193e+00]
[ 0.00000000e+00  0.00000000e+00 -2.92571522e+00  4.35267257e-17
 -1.41816897e+00 -1.78336734e+00 -4.35267257e-17  1.41816897e+00
 -1.78336734e+00  0.00000000e+00  0.00000000e+00  3.15045193e+00]
[ 0.00000000e+00  0.00000000e+00 -2.92571522e+00  4.35267257e-17
 -1.42169075e+00 -1.78668621e+00 -4.35267257e-17  1.42169075e+00
 -1.78668621e+00  0.00000000e+00  0.00000000e+00  3.15087017e+00]
[ 0.00000000e+00  0.00000000e+00 -2.92571522e+00  4.35267257e-17
 -1.42169075e+00 -1.78004848e+00 -4.35267257e-17  1.42169075e+00
 -1.78004848e+00  0.00000000e+00  0.00000000e+00  3.15003369e+00]
Could not open output file for singlepoint: 1
Tried to open /scratch/smg13363/workDir/0_oh_dimer/h2o_o/c2v_p/opts/ccsd_t/atz/STEP06/1/output.dat
Could not open output file for singlepoint: 2
Tried to open /scratch/smg13363/workDir/0_oh_dimer/h2o_o/c2v_p/opts/ccsd_t/atz/STEP06/2/output.dat
Could not open output file for singlepoint: 3
Tried to open /scratch/smg13363/workDir/0_oh_dimer/h2o_o/c2v_p/opts/ccsd_t/atz/STEP06/3/output.dat
Could not open output file for singlepoint: 4
Tried to open /scratch/smg13363/workDir/0_oh_dimer/h2o_o/c2v_p/opts/ccsd_t/atz/STEP06/4/output.dat
Could not open output file for singlepoint: 5
Tried to open /scratch/smg13363/workDir/0_oh_dimer/h2o_o/c2v_p/opts/ccsd_t/atz/STEP06/5/output.dat
Could not open output file for singlepoint: 6
Tried to open /scratch/smg13363/workDir/0_oh_dimer/h2o_o/c2v_p/opts/ccsd_t/atz/STEP06/6/output.dat
Could not open output file for singlepoint: 7
Tried to open /scratch/smg13363/workDir/0_oh_dimer/h2o_o/c2v_p/opts/ccsd_t/atz/STEP06/7/output.dat
state: False
output:        JobID                                                      JobName      State 
------------        ----------------------------------------------------- ---------- 
1997439                                                       h2o_o--06-1    RUNNING 

state: False
output:        JobID                                                      JobName      State 
------------        ----------------------------------------------------- ---------- 
1997440                                                       h2o_o--06-2    RUNNING 

state: True
output:        JobID                                                      JobName      State 
------------        ----------------------------------------------------- ---------- 
1997441                                                       h2o_o--06-3  COMPLETED 

state: True
output:        JobID                                                      JobName      State 
------------        ----------------------------------------------------- ---------- 
1997442                                                       h2o_o--06-4  COMPLETED 

state: True
output:        JobID                                                      JobName      State 
------------        ----------------------------------------------------- ---------- 
1997443                                                       h2o_o--06-5  COMPLETED 

state: True
output:        JobID                                                      JobName      State 
------------        ----------------------------------------------------- ---------- 
1997444                                                       h2o_o--06-6  COMPLETED 

state: True
output:        JobID                                                      JobName      State 
------------        ----------------------------------------------------- ---------- 
1997445                                                       h2o_o--06-7  COMPLETED 


====================Beginning new step 7======================

Creating correct gradient class
[ 0.00000000e+00  0.00000000e+00 -3.00320944e+00  4.35653371e-17
 -1.42295189e+00 -1.86957801e+00 -4.35653371e-17  1.42295189e+00
 -1.86957801e+00  0.00000000e+00  0.00000000e+00  3.23881027e+00]
[ 0.00000000e+00  0.00000000e+00 -3.00138975e+00  4.35653371e-17
 -1.42295189e+00 -1.87119405e+00 -4.35653371e-17  1.42295189e+00
 -1.87119405e+00  0.00000000e+00  0.00000000e+00  3.23719422e+00]
[ 0.00000000e+00  0.00000000e+00 -3.00229960e+00  4.35653371e-17
 -1.42647368e+00 -1.87038603e+00 -4.35653371e-17  1.42647368e+00
 -1.87038603e+00  0.00000000e+00  0.00000000e+00  3.23800224e+00]
[ 0.00000000e+00  0.00000000e+00 -3.00229960e+00  4.35653371e-17
 -1.41943011e+00 -1.87038603e+00 -4.35653371e-17  1.41943011e+00
 -1.87038603e+00  0.00000000e+00  0.00000000e+00  3.23800224e+00]
[ 0.00000000e+00  0.00000000e+00 -3.00229960e+00  4.35653371e-17
 -1.42295189e+00 -1.87370490e+00 -4.35653371e-17  1.42295189e+00
 -1.87370490e+00  0.00000000e+00  0.00000000e+00  3.23842048e+00]
[ 0.00000000e+00  0.00000000e+00 -3.00229960e+00  4.35653371e-17
 -1.42295189e+00 -1.86706716e+00 -4.35653371e-17  1.42295189e+00
 -1.86706716e+00  0.00000000e+00  0.00000000e+00  3.23758401e+00]
Could not open output file for singlepoint: 1
Tried to open /scratch/smg13363/workDir/0_oh_dimer/h2o_o/c2v_p/opts/ccsd_t/atz/STEP07/1/output.dat
Could not open output file for singlepoint: 2
Tried to open /scratch/smg13363/workDir/0_oh_dimer/h2o_o/c2v_p/opts/ccsd_t/atz/STEP07/2/output.dat
Could not open output file for singlepoint: 3
Tried to open /scratch/smg13363/workDir/0_oh_dimer/h2o_o/c2v_p/opts/ccsd_t/atz/STEP07/3/output.dat
Could not open output file for singlepoint: 4
Tried to open /scratch/smg13363/workDir/0_oh_dimer/h2o_o/c2v_p/opts/ccsd_t/atz/STEP07/4/output.dat
Could not open output file for singlepoint: 5
Tried to open /scratch/smg13363/workDir/0_oh_dimer/h2o_o/c2v_p/opts/ccsd_t/atz/STEP07/5/output.dat
Could not open output file for singlepoint: 6
Tried to open /scratch/smg13363/workDir/0_oh_dimer/h2o_o/c2v_p/opts/ccsd_t/atz/STEP07/6/output.dat
Could not open output file for singlepoint: 7
Tried to open /scratch/smg13363/workDir/0_oh_dimer/h2o_o/c2v_p/opts/ccsd_t/atz/STEP07/7/output.dat
state: False
output:        JobID                                                      JobName      State 
------------        ----------------------------------------------------- ---------- 
1997589                                                       h2o_o--07-1    RUNNING 

state: False
output:        JobID                                                      JobName      State 
------------        ----------------------------------------------------- ---------- 
1997590                                                       h2o_o--07-2    RUNNING 

state: True
output:        JobID                                                      JobName      State 
------------        ----------------------------------------------------- ---------- 
1997591                                                       h2o_o--07-3  COMPLETED 

state: True
output:        JobID                                                      JobName      State 
------------        ----------------------------------------------------- ---------- 
1997592                                                       h2o_o--07-4  COMPLETED 

state: True
output:        JobID                                                      JobName      State 
------------        ----------------------------------------------------- ---------- 
1997593                                                       h2o_o--07-5  COMPLETED 

state: True
output:        JobID                                                      JobName      State 
------------        ----------------------------------------------------- ---------- 
1997594                                                       h2o_o--07-6  COMPLETED 

state: True
output:        JobID                                                      JobName      State 
------------        ----------------------------------------------------- ---------- 
1997595                                                       h2o_o--07-7  COMPLETED 


====================Beginning new step 8======================

Creating correct gradient class
[ 0.00000000e+00  0.00000000e+00 -3.05537759e+00  4.36153715e-17
 -1.42458614e+00 -1.92663645e+00 -4.36153715e-17  1.42458614e+00
 -1.92663645e+00  0.00000000e+00  0.00000000e+00  3.29816882e+00]
[ 0.00000000e+00  0.00000000e+00 -3.05355790e+00  4.36153715e-17
 -1.42458614e+00 -1.92825249e+00 -4.36153715e-17  1.42458614e+00
 -1.92825249e+00  0.00000000e+00  0.00000000e+00  3.29655277e+00]
[ 0.00000000e+00  0.00000000e+00 -3.05446775e+00  4.36153715e-17
 -1.42810793e+00 -1.92744447e+00 -4.36153715e-17  1.42810793e+00
 -1.92744447e+00  0.00000000e+00  0.00000000e+00  3.29736079e+00]
[ 0.00000000e+00  0.00000000e+00 -3.05446775e+00  4.36153715e-17
 -1.42106436e+00 -1.92744447e+00 -4.36153715e-17  1.42106436e+00
 -1.92744447e+00  0.00000000e+00  0.00000000e+00  3.29736079e+00]
[ 0.00000000e+00  0.00000000e+00 -3.05446775e+00  4.36153715e-17
 -1.42458614e+00 -1.93076334e+00 -4.36153715e-17  1.42458614e+00
 -1.93076334e+00  0.00000000e+00  0.00000000e+00  3.29777903e+00]
[ 0.00000000e+00  0.00000000e+00 -3.05446775e+00  4.36153715e-17
 -1.42458614e+00 -1.92412560e+00 -4.36153715e-17  1.42458614e+00
 -1.92412560e+00  0.00000000e+00  0.00000000e+00  3.29694256e+00]
Could not open output file for singlepoint: 1
Tried to open /scratch/smg13363/workDir/0_oh_dimer/h2o_o/c2v_p/opts/ccsd_t/atz/STEP08/1/output.dat
Could not open output file for singlepoint: 2
Tried to open /scratch/smg13363/workDir/0_oh_dimer/h2o_o/c2v_p/opts/ccsd_t/atz/STEP08/2/output.dat
Could not open output file for singlepoint: 3
Tried to open /scratch/smg13363/workDir/0_oh_dimer/h2o_o/c2v_p/opts/ccsd_t/atz/STEP08/3/output.dat
Could not open output file for singlepoint: 4
Tried to open /scratch/smg13363/workDir/0_oh_dimer/h2o_o/c2v_p/opts/ccsd_t/atz/STEP08/4/output.dat
Could not open output file for singlepoint: 5
Tried to open /scratch/smg13363/workDir/0_oh_dimer/h2o_o/c2v_p/opts/ccsd_t/atz/STEP08/5/output.dat
Could not open output file for singlepoint: 6
Tried to open /scratch/smg13363/workDir/0_oh_dimer/h2o_o/c2v_p/opts/ccsd_t/atz/STEP08/6/output.dat
Could not open output file for singlepoint: 7
Tried to open /scratch/smg13363/workDir/0_oh_dimer/h2o_o/c2v_p/opts/ccsd_t/atz/STEP08/7/output.dat
state: False
output:        JobID                                                      JobName      State 
------------        ----------------------------------------------------- ---------- 
1997600                                                       h2o_o--08-1    RUNNING 

state: False
output:        JobID                                                      JobName      State 
------------        ----------------------------------------------------- ---------- 
1997601                                                       h2o_o--08-2    RUNNING 

state: True
output:        JobID                                                      JobName      State 
------------        ----------------------------------------------------- ---------- 
1997602                                                       h2o_o--08-3  COMPLETED 

state: True
output:        JobID                                                      JobName      State 
------------        ----------------------------------------------------- ---------- 
1997603                                                       h2o_o--08-4  COMPLETED 

state: True
output:        JobID                                                      JobName      State 
------------        ----------------------------------------------------- ---------- 
1997604                                                       h2o_o--08-5  COMPLETED 

state: True
output:        JobID                                                      JobName      State 
------------        ----------------------------------------------------- ---------- 
1997605                                                       h2o_o--08-6  COMPLETED 

state: True
output:        JobID                                                      JobName      State 
------------        ----------------------------------------------------- ---------- 
1997606                                                       h2o_o--08-7  COMPLETED 


====================Beginning new step 9======================

Creating correct gradient class
[ 0.00000000e+00  0.00000000e+00 -3.08665886e+00  4.36393617e-17
 -1.42536972e+00 -1.95897715e+00 -4.36393617e-17  1.42536972e+00
 -1.95897715e+00  0.00000000e+00  0.00000000e+00  3.33352560e+00]
[ 0.00000000e+00  0.00000000e+00 -3.08483917e+00  4.36393617e-17
 -1.42536972e+00 -1.96059319e+00 -4.36393617e-17  1.42536972e+00
 -1.96059319e+00  0.00000000e+00  0.00000000e+00  3.33190956e+00]
[ 0.00000000e+00  0.00000000e+00 -3.08574902e+00  4.36393617e-17
 -1.42889150e+00 -1.95978517e+00 -4.36393617e-17  1.42889150e+00
 -1.95978517e+00  0.00000000e+00  0.00000000e+00  3.33271758e+00]
[ 0.00000000e+00  0.00000000e+00 -3.08574902e+00  4.36393617e-17
 -1.42184794e+00 -1.95978517e+00 -4.36393617e-17  1.42184794e+00
 -1.95978517e+00  0.00000000e+00  0.00000000e+00  3.33271758e+00]
[ 0.00000000e+00  0.00000000e+00 -3.08574902e+00  4.36393617e-17
 -1.42536972e+00 -1.96310404e+00 -4.36393617e-17  1.42536972e+00
 -1.96310404e+00  0.00000000e+00  0.00000000e+00  3.33313582e+00]
[ 0.00000000e+00  0.00000000e+00 -3.08574902e+00  4.36393617e-17
 -1.42536972e+00 -1.95646631e+00 -4.36393617e-17  1.42536972e+00
 -1.95646631e+00  0.00000000e+00  0.00000000e+00  3.33229934e+00]
Could not open output file for singlepoint: 1
Tried to open /scratch/smg13363/workDir/0_oh_dimer/h2o_o/c2v_p/opts/ccsd_t/atz/STEP09/1/output.dat
Could not open output file for singlepoint: 2
Tried to open /scratch/smg13363/workDir/0_oh_dimer/h2o_o/c2v_p/opts/ccsd_t/atz/STEP09/2/output.dat
Could not open output file for singlepoint: 3
Tried to open /scratch/smg13363/workDir/0_oh_dimer/h2o_o/c2v_p/opts/ccsd_t/atz/STEP09/3/output.dat
Could not open output file for singlepoint: 4
Tried to open /scratch/smg13363/workDir/0_oh_dimer/h2o_o/c2v_p/opts/ccsd_t/atz/STEP09/4/output.dat
Could not open output file for singlepoint: 5
Tried to open /scratch/smg13363/workDir/0_oh_dimer/h2o_o/c2v_p/opts/ccsd_t/atz/STEP09/5/output.dat
Could not open output file for singlepoint: 6
Tried to open /scratch/smg13363/workDir/0_oh_dimer/h2o_o/c2v_p/opts/ccsd_t/atz/STEP09/6/output.dat
Could not open output file for singlepoint: 7
Tried to open /scratch/smg13363/workDir/0_oh_dimer/h2o_o/c2v_p/opts/ccsd_t/atz/STEP09/7/output.dat
state: False
output:        JobID                                                      JobName      State 
------------        ----------------------------------------------------- ---------- 
1997708                                                       h2o_o--09-1    RUNNING 

state: False
output:        JobID                                                      JobName      State 
------------        ----------------------------------------------------- ---------- 
1997709                                                       h2o_o--09-2    RUNNING 

state: True
output:        JobID                                                      JobName      State 
------------        ----------------------------------------------------- ---------- 
1997710                                                       h2o_o--09-3  COMPLETED 

state: True
output:        JobID                                                      JobName      State 
------------        ----------------------------------------------------- ---------- 
1997711                                                       h2o_o--09-4  COMPLETED 

state: True
output:        JobID                                                      JobName      State 
------------        ----------------------------------------------------- ---------- 
1997712                                                       h2o_o--09-5  COMPLETED 

state: True
output:        JobID                                                      JobName      State 
------------        ----------------------------------------------------- ---------- 
1997713                                                       h2o_o--09-6  COMPLETED 

state: True
output:        JobID                                                      JobName      State 
------------        ----------------------------------------------------- ---------- 
1997714                                                       h2o_o--09-7  COMPLETED 


====================Beginning new step 10======================

Creating correct gradient class
[ 0.00000000e+00  0.00000000e+00 -3.10556720e+00  4.36438131e-17
 -1.42551512e+00 -1.97740601e+00 -4.36438131e-17  1.42551512e+00
 -1.97740601e+00  0.00000000e+00  0.00000000e+00  3.35475631e+00]
[ 0.00000000e+00  0.00000000e+00 -3.10374751e+00  4.36438131e-17
 -1.42551512e+00 -1.97902205e+00 -4.36438131e-17  1.42551512e+00
 -1.97902205e+00  0.00000000e+00  0.00000000e+00  3.35314027e+00]
[ 0.00000000e+00  0.00000000e+00 -3.10465736e+00  4.36438131e-17
 -1.42903690e+00 -1.97821403e+00 -4.36438131e-17  1.42903690e+00
 -1.97821403e+00  0.00000000e+00  0.00000000e+00  3.35394829e+00]
[ 0.00000000e+00  0.00000000e+00 -3.10465736e+00  4.36438131e-17
 -1.42199334e+00 -1.97821403e+00 -4.36438131e-17  1.42199334e+00
 -1.97821403e+00  0.00000000e+00  0.00000000e+00  3.35394829e+00]
[ 0.00000000e+00  0.00000000e+00 -3.10465736e+00  4.36438131e-17
 -1.42551512e+00 -1.98153290e+00 -4.36438131e-17  1.42551512e+00
 -1.98153290e+00  0.00000000e+00  0.00000000e+00  3.35436653e+00]
[ 0.00000000e+00  0.00000000e+00 -3.10465736e+00  4.36438131e-17
 -1.42551512e+00 -1.97489517e+00 -4.36438131e-17  1.42551512e+00
 -1.97489517e+00  0.00000000e+00  0.00000000e+00  3.35353005e+00]
Could not open output file for singlepoint: 1
Tried to open /scratch/smg13363/workDir/0_oh_dimer/h2o_o/c2v_p/opts/ccsd_t/atz/STEP10/1/output.dat
Could not open output file for singlepoint: 2
Tried to open /scratch/smg13363/workDir/0_oh_dimer/h2o_o/c2v_p/opts/ccsd_t/atz/STEP10/2/output.dat
Could not open output file for singlepoint: 3
Tried to open /scratch/smg13363/workDir/0_oh_dimer/h2o_o/c2v_p/opts/ccsd_t/atz/STEP10/3/output.dat
Could not open output file for singlepoint: 4
Tried to open /scratch/smg13363/workDir/0_oh_dimer/h2o_o/c2v_p/opts/ccsd_t/atz/STEP10/4/output.dat
Could not open output file for singlepoint: 5
Tried to open /scratch/smg13363/workDir/0_oh_dimer/h2o_o/c2v_p/opts/ccsd_t/atz/STEP10/5/output.dat
Could not open output file for singlepoint: 6
Tried to open /scratch/smg13363/workDir/0_oh_dimer/h2o_o/c2v_p/opts/ccsd_t/atz/STEP10/6/output.dat
Could not open output file for singlepoint: 7
Tried to open /scratch/smg13363/workDir/0_oh_dimer/h2o_o/c2v_p/opts/ccsd_t/atz/STEP10/7/output.dat
state: False
output:        JobID                                                      JobName      State 
------------        ----------------------------------------------------- ---------- 
1997718                                                       h2o_o--10-1    RUNNING 

state: False
output:        JobID                                                      JobName      State 
------------        ----------------------------------------------------- ---------- 
1997719                                                       h2o_o--10-2    RUNNING 

state: True
output:        JobID                                                      JobName      State 
------------        ----------------------------------------------------- ---------- 
1997720                                                       h2o_o--10-3  COMPLETED 

state: True
output:        JobID                                                      JobName      State 
------------        ----------------------------------------------------- ---------- 
1997721                                                       h2o_o--10-4  COMPLETED 

state: True
output:        JobID                                                      JobName      State 
------------        ----------------------------------------------------- ---------- 
1997722                                                       h2o_o--10-5  COMPLETED 

state: True
output:        JobID                                                      JobName      State 
------------        ----------------------------------------------------- ---------- 
1997723                                                       h2o_o--10-6  COMPLETED 

state: True
output:        JobID                                                      JobName      State 
------------        ----------------------------------------------------- ---------- 
1997724                                                       h2o_o--10-7  COMPLETED 


====================Beginning new step 11======================

Creating correct gradient class
[ 0.00000000e+00  0.00000000e+00 -3.11287017e+00  4.36412374e-17
 -1.42543099e+00 -1.98421446e+00 -4.36412374e-17  1.42543099e+00
 -1.98421446e+00  0.00000000e+00  0.00000000e+00  3.36291727e+00]
[ 0.00000000e+00  0.00000000e+00 -3.11105047e+00  4.36412374e-17
 -1.42543099e+00 -1.98583051e+00 -4.36412374e-17  1.42543099e+00
 -1.98583051e+00  0.00000000e+00  0.00000000e+00  3.36130122e+00]
[ 0.00000000e+00  0.00000000e+00 -3.11196032e+00  4.36412374e-17
 -1.42895277e+00 -1.98502249e+00 -4.36412374e-17  1.42895277e+00
 -1.98502249e+00  0.00000000e+00  0.00000000e+00  3.36210925e+00]
[ 0.00000000e+00  0.00000000e+00 -3.11196032e+00  4.36412374e-17
 -1.42190920e+00 -1.98502249e+00 -4.36412374e-17  1.42190920e+00
 -1.98502249e+00  0.00000000e+00  0.00000000e+00  3.36210925e+00]
[ 0.00000000e+00  0.00000000e+00 -3.11196032e+00  4.36412374e-17
 -1.42543099e+00 -1.98834135e+00 -4.36412374e-17  1.42543099e+00
 -1.98834135e+00  0.00000000e+00  0.00000000e+00  3.36252748e+00]
[ 0.00000000e+00  0.00000000e+00 -3.11196032e+00  4.36412374e-17
 -1.42543099e+00 -1.98170362e+00 -4.36412374e-17  1.42543099e+00
 -1.98170362e+00  0.00000000e+00  0.00000000e+00  3.36169101e+00]
Could not open output file for singlepoint: 1
Tried to open /scratch/smg13363/workDir/0_oh_dimer/h2o_o/c2v_p/opts/ccsd_t/atz/STEP11/1/output.dat
Could not open output file for singlepoint: 2
Tried to open /scratch/smg13363/workDir/0_oh_dimer/h2o_o/c2v_p/opts/ccsd_t/atz/STEP11/2/output.dat
Could not open output file for singlepoint: 3
Tried to open /scratch/smg13363/workDir/0_oh_dimer/h2o_o/c2v_p/opts/ccsd_t/atz/STEP11/3/output.dat
Could not open output file for singlepoint: 4
Tried to open /scratch/smg13363/workDir/0_oh_dimer/h2o_o/c2v_p/opts/ccsd_t/atz/STEP11/4/output.dat
Could not open output file for singlepoint: 5
Tried to open /scratch/smg13363/workDir/0_oh_dimer/h2o_o/c2v_p/opts/ccsd_t/atz/STEP11/5/output.dat
Could not open output file for singlepoint: 6
Tried to open /scratch/smg13363/workDir/0_oh_dimer/h2o_o/c2v_p/opts/ccsd_t/atz/STEP11/6/output.dat
Could not open output file for singlepoint: 7
Tried to open /scratch/smg13363/workDir/0_oh_dimer/h2o_o/c2v_p/opts/ccsd_t/atz/STEP11/7/output.dat
state: False
output:        JobID                                                      JobName      State 
------------        ----------------------------------------------------- ---------- 
1997843                                                       h2o_o--11-1    RUNNING 

state: False
output:        JobID                                                      JobName      State 
------------        ----------------------------------------------------- ---------- 
1997844                                                       h2o_o--11-2    RUNNING 

state: True
output:        JobID                                                      JobName      State 
------------        ----------------------------------------------------- ---------- 
1997845                                                       h2o_o--11-3  COMPLETED 

state: True
output:        JobID                                                      JobName      State 
------------        ----------------------------------------------------- ---------- 
1997846                                                       h2o_o--11-4  COMPLETED 

state: True
output:        JobID                                                      JobName      State 
------------        ----------------------------------------------------- ---------- 
1997847                                                       h2o_o--11-5  COMPLETED 

state: True
output:        JobID                                                      JobName      State 
------------        ----------------------------------------------------- ---------- 
1997848                                                       h2o_o--11-6  COMPLETED 

state: True
output:        JobID                                                      JobName      State 
------------        ----------------------------------------------------- ---------- 
1997849                                                       h2o_o--11-7  COMPLETED 


====================Beginning new step 12======================

Creating correct gradient class
[ 0.00000000e+00  0.00000000e+00 -3.11408791e+00  4.36401069e-17
 -1.42539406e+00 -1.98529573e+00 -4.36401069e-17  1.42539406e+00
 -1.98529573e+00  0.00000000e+00  0.00000000e+00  3.36427127e+00]
[ 0.00000000e+00  0.00000000e+00 -3.11226822e+00  4.36401069e-17
 -1.42539406e+00 -1.98691178e+00 -4.36401069e-17  1.42539406e+00
 -1.98691178e+00  0.00000000e+00  0.00000000e+00  3.36265523e+00]
[ 0.00000000e+00  0.00000000e+00 -3.11317807e+00  4.36401069e-17
 -1.42891584e+00 -1.98610375e+00 -4.36401069e-17  1.42891584e+00
 -1.98610375e+00  0.00000000e+00  0.00000000e+00  3.36346325e+00]
[ 0.00000000e+00  0.00000000e+00 -3.11317807e+00  4.36401069e-17
 -1.42187228e+00 -1.98610375e+00 -4.36401069e-17  1.42187228e+00
 -1.98610375e+00  0.00000000e+00  0.00000000e+00  3.36346325e+00]
[ 0.00000000e+00  0.00000000e+00 -3.11317807e+00  4.36401069e-17
 -1.42539406e+00 -1.98942262e+00 -4.36401069e-17  1.42539406e+00
 -1.98942262e+00  0.00000000e+00  0.00000000e+00  3.36388149e+00]
[ 0.00000000e+00  0.00000000e+00 -3.11317807e+00  4.36401069e-17
 -1.42539406e+00 -1.98278489e+00 -4.36401069e-17  1.42539406e+00
 -1.98278489e+00  0.00000000e+00  0.00000000e+00  3.36304501e+00]
Could not open output file for singlepoint: 1
Tried to open /scratch/smg13363/workDir/0_oh_dimer/h2o_o/c2v_p/opts/ccsd_t/atz/STEP12/1/output.dat
Could not open output file for singlepoint: 2
Tried to open /scratch/smg13363/workDir/0_oh_dimer/h2o_o/c2v_p/opts/ccsd_t/atz/STEP12/2/output.dat
Could not open output file for singlepoint: 3
Tried to open /scratch/smg13363/workDir/0_oh_dimer/h2o_o/c2v_p/opts/ccsd_t/atz/STEP12/3/output.dat
Could not open output file for singlepoint: 4
Tried to open /scratch/smg13363/workDir/0_oh_dimer/h2o_o/c2v_p/opts/ccsd_t/atz/STEP12/4/output.dat
Could not open output file for singlepoint: 5
Tried to open /scratch/smg13363/workDir/0_oh_dimer/h2o_o/c2v_p/opts/ccsd_t/atz/STEP12/5/output.dat
Could not open output file for singlepoint: 6
Tried to open /scratch/smg13363/workDir/0_oh_dimer/h2o_o/c2v_p/opts/ccsd_t/atz/STEP12/6/output.dat
Could not open output file for singlepoint: 7
Tried to open /scratch/smg13363/workDir/0_oh_dimer/h2o_o/c2v_p/opts/ccsd_t/atz/STEP12/7/output.dat
state: False
output:        JobID                                                      JobName      State 
------------        ----------------------------------------------------- ---------- 
1997852                                                       h2o_o--12-1    RUNNING 

state: False
output:        JobID                                                      JobName      State 
------------        ----------------------------------------------------- ---------- 
1997853                                                       h2o_o--12-2    RUNNING 

state: True
output:        JobID                                                      JobName      State 
------------        ----------------------------------------------------- ---------- 
1997854                                                       h2o_o--12-3  COMPLETED 

state: True
output:        JobID                                                      JobName      State 
------------        ----------------------------------------------------- ---------- 
1997855                                                       h2o_o--12-4  COMPLETED 

state: True
output:        JobID                                                      JobName      State 
------------        ----------------------------------------------------- ---------- 
1997856                                                       h2o_o--12-5  COMPLETED 

state: True
output:        JobID                                                      JobName      State 
------------        ----------------------------------------------------- ---------- 
1997857                                                       h2o_o--12-6  COMPLETED 

state: True
output:        JobID                                                      JobName      State 
------------        ----------------------------------------------------- ---------- 
1997858                                                       h2o_o--12-7  COMPLETED 


====================Beginning new step 13======================

Creating correct gradient class
[ 0.00000000e+00  0.00000000e+00 -3.11414145e+00  4.36399198e-17
 -1.42538795e+00 -1.98533165e+00 -4.36399198e-17  1.42538795e+00
 -1.98533165e+00  0.00000000e+00  0.00000000e+00  3.36432934e+00]
[ 0.00000000e+00  0.00000000e+00 -3.11232176e+00  4.36399198e-17
 -1.42538795e+00 -1.98694770e+00 -4.36399198e-17  1.42538795e+00
 -1.98694770e+00  0.00000000e+00  0.00000000e+00  3.36271330e+00]
[ 0.00000000e+00  0.00000000e+00 -3.11323161e+00  4.36399198e-17
 -1.42890973e+00 -1.98613967e+00 -4.36399198e-17  1.42890973e+00
 -1.98613967e+00  0.00000000e+00  0.00000000e+00  3.36352132e+00]
[ 0.00000000e+00  0.00000000e+00 -3.11323161e+00  4.36399198e-17
 -1.42186617e+00 -1.98613967e+00 -4.36399198e-17  1.42186617e+00
 -1.98613967e+00  0.00000000e+00  0.00000000e+00  3.36352132e+00]
[ 0.00000000e+00  0.00000000e+00 -3.11323161e+00  4.36399198e-17
 -1.42538795e+00 -1.98945854e+00 -4.36399198e-17  1.42538795e+00
 -1.98945854e+00  0.00000000e+00  0.00000000e+00  3.36393956e+00]
[ 0.00000000e+00  0.00000000e+00 -3.11323161e+00  4.36399198e-17
 -1.42538795e+00 -1.98282081e+00 -4.36399198e-17  1.42538795e+00
 -1.98282081e+00  0.00000000e+00  0.00000000e+00  3.36310308e+00]
Could not open output file for singlepoint: 1
Tried to open /scratch/smg13363/workDir/0_oh_dimer/h2o_o/c2v_p/opts/ccsd_t/atz/STEP13/1/output.dat
Could not open output file for singlepoint: 2
Tried to open /scratch/smg13363/workDir/0_oh_dimer/h2o_o/c2v_p/opts/ccsd_t/atz/STEP13/2/output.dat
Could not open output file for singlepoint: 3
Tried to open /scratch/smg13363/workDir/0_oh_dimer/h2o_o/c2v_p/opts/ccsd_t/atz/STEP13/3/output.dat
Could not open output file for singlepoint: 4
Tried to open /scratch/smg13363/workDir/0_oh_dimer/h2o_o/c2v_p/opts/ccsd_t/atz/STEP13/4/output.dat
Could not open output file for singlepoint: 5
Tried to open /scratch/smg13363/workDir/0_oh_dimer/h2o_o/c2v_p/opts/ccsd_t/atz/STEP13/5/output.dat
Could not open output file for singlepoint: 6
Tried to open /scratch/smg13363/workDir/0_oh_dimer/h2o_o/c2v_p/opts/ccsd_t/atz/STEP13/6/output.dat
Could not open output file for singlepoint: 7
Tried to open /scratch/smg13363/workDir/0_oh_dimer/h2o_o/c2v_p/opts/ccsd_t/atz/STEP13/7/output.dat
state: False
output:        JobID                                                      JobName      State 
------------        ----------------------------------------------------- ---------- 
1997908                                                       h2o_o--13-1    RUNNING 

state: False
output:        JobID                                                      JobName      State 
------------        ----------------------------------------------------- ---------- 
1997909                                                       h2o_o--13-2    RUNNING 

state: True
output:        JobID                                                      JobName      State 
------------        ----------------------------------------------------- ---------- 
1997910                                                       h2o_o--13-3  COMPLETED 

state: True
output:        JobID                                                      JobName      State 
------------        ----------------------------------------------------- ---------- 
1997911                                                       h2o_o--13-4  COMPLETED 

state: True
output:        JobID                                                      JobName      State 
------------        ----------------------------------------------------- ---------- 
1997912                                                       h2o_o--13-5  COMPLETED 

state: True
output:        JobID                                                      JobName      State 
------------        ----------------------------------------------------- ---------- 
1997913                                                       h2o_o--13-6  COMPLETED 

state: True
output:        JobID                                                      JobName      State 
------------        ----------------------------------------------------- ---------- 
1997914                                                       h2o_o--13-7  COMPLETED 


====================Beginning new step 14======================

Creating correct gradient class
[ 0.00000000e+00  0.00000000e+00 -3.11413927e+00  4.36398846e-17
 -1.42538680e+00 -1.98532652e+00 -4.36398846e-17  1.42538680e+00
 -1.98532652e+00  0.00000000e+00  0.00000000e+00  3.36432651e+00]
[ 0.00000000e+00  0.00000000e+00 -3.11231958e+00  4.36398846e-17
 -1.42538680e+00 -1.98694257e+00 -4.36398846e-17  1.42538680e+00
 -1.98694257e+00  0.00000000e+00  0.00000000e+00  3.36271047e+00]
[ 0.00000000e+00  0.00000000e+00 -3.11322942e+00  4.36398846e-17
 -1.42890858e+00 -1.98613454e+00 -4.36398846e-17  1.42890858e+00
 -1.98613454e+00  0.00000000e+00  0.00000000e+00  3.36351849e+00]
[ 0.00000000e+00  0.00000000e+00 -3.11322942e+00  4.36398846e-17
 -1.42186502e+00 -1.98613454e+00 -4.36398846e-17  1.42186502e+00
 -1.98613454e+00  0.00000000e+00  0.00000000e+00  3.36351849e+00]
[ 0.00000000e+00  0.00000000e+00 -3.11322942e+00  4.36398846e-17
 -1.42538680e+00 -1.98945341e+00 -4.36398846e-17  1.42538680e+00
 -1.98945341e+00  0.00000000e+00  0.00000000e+00  3.36393672e+00]
[ 0.00000000e+00  0.00000000e+00 -3.11322942e+00  4.36398846e-17
 -1.42538680e+00 -1.98281568e+00 -4.36398846e-17  1.42538680e+00
 -1.98281568e+00  0.00000000e+00  0.00000000e+00  3.36310025e+00]
Could not open output file for singlepoint: 1
Tried to open /scratch/smg13363/workDir/0_oh_dimer/h2o_o/c2v_p/opts/ccsd_t/atz/STEP14/1/output.dat
Could not open output file for singlepoint: 2
Tried to open /scratch/smg13363/workDir/0_oh_dimer/h2o_o/c2v_p/opts/ccsd_t/atz/STEP14/2/output.dat
Could not open output file for singlepoint: 3
Tried to open /scratch/smg13363/workDir/0_oh_dimer/h2o_o/c2v_p/opts/ccsd_t/atz/STEP14/3/output.dat
Could not open output file for singlepoint: 4
Tried to open /scratch/smg13363/workDir/0_oh_dimer/h2o_o/c2v_p/opts/ccsd_t/atz/STEP14/4/output.dat
Could not open output file for singlepoint: 5
Tried to open /scratch/smg13363/workDir/0_oh_dimer/h2o_o/c2v_p/opts/ccsd_t/atz/STEP14/5/output.dat
Could not open output file for singlepoint: 6
Tried to open /scratch/smg13363/workDir/0_oh_dimer/h2o_o/c2v_p/opts/ccsd_t/atz/STEP14/6/output.dat
Could not open output file for singlepoint: 7
Tried to open /scratch/smg13363/workDir/0_oh_dimer/h2o_o/c2v_p/opts/ccsd_t/atz/STEP14/7/output.dat
state: False
output:        JobID                                                      JobName      State 
------------        ----------------------------------------------------- ---------- 
1997931                                                       h2o_o--14-1    RUNNING 

state: False
output:        JobID                                                      JobName      State 
------------        ----------------------------------------------------- ---------- 
1997932                                                       h2o_o--14-2    RUNNING 

state: True
output:        JobID                                                      JobName      State 
------------        ----------------------------------------------------- ---------- 
1997933                                                       h2o_o--14-3  COMPLETED 

state: True
output:        JobID                                                      JobName      State 
------------        ----------------------------------------------------- ---------- 
1997934                                                       h2o_o--14-4  COMPLETED 

state: True
output:        JobID                                                      JobName      State 
------------        ----------------------------------------------------- ---------- 
1997935                                                       h2o_o--14-5  COMPLETED 

state: True
output:        JobID                                                      JobName      State 
------------        ----------------------------------------------------- ---------- 
1997936                                                       h2o_o--14-6  COMPLETED 

state: True
output:        JobID                                                      JobName      State 
------------        ----------------------------------------------------- ---------- 
1997937                                                       h2o_o--14-7  COMPLETED 



 OPTIMIZATION HAS FINISHED!


