[ 0.00000000e+00  0.00000000e+00  2.39936674e+00  4.39608422e-17
 -1.43587007e+00  3.51484964e+00 -4.39608422e-17  1.43587007e+00
  3.51484964e+00  0.00000000e+00  0.00000000e+00 -2.84230170e+00]
[ 0.00000000e+00  0.00000000e+00  2.40118644e+00  4.39608422e-17
 -1.43587007e+00  3.51323360e+00 -4.39608422e-17  1.43587007e+00
  3.51323360e+00  0.00000000e+00  0.00000000e+00 -2.84391775e+00]
[ 0.00000000e+00  0.00000000e+00  2.40027659e+00  4.39608422e-17
 -1.43939185e+00  3.51404162e+00 -4.39608422e-17  1.43939185e+00
  3.51404162e+00  0.00000000e+00  0.00000000e+00 -2.84310973e+00]
[ 0.00000000e+00  0.00000000e+00  2.40027659e+00  4.39608422e-17
 -1.43234829e+00  3.51404162e+00 -4.39608422e-17  1.43234829e+00
  3.51404162e+00  0.00000000e+00  0.00000000e+00 -2.84310973e+00]
[ 0.00000000e+00  0.00000000e+00  2.40027659e+00  4.39608422e-17
 -1.43587007e+00  3.51072276e+00 -4.39608422e-17  1.43587007e+00
  3.51072276e+00  0.00000000e+00  0.00000000e+00 -2.84269149e+00]
[ 0.00000000e+00  0.00000000e+00  2.40027659e+00  4.39608422e-17
 -1.43587007e+00  3.51736049e+00 -4.39608422e-17  1.43587007e+00
  3.51736049e+00  0.00000000e+00  0.00000000e+00 -2.84352796e+00]
[ 0.00000000e+00  0.00000000e+00  2.40118644e+00  4.39608422e-17
 -1.43234829e+00  3.51323360e+00 -4.39608422e-17  1.43234829e+00
  3.51323360e+00  0.00000000e+00  0.00000000e+00 -2.84391775e+00]
[ 0.00000000e+00  0.00000000e+00  2.39936674e+00  4.39608422e-17
 -1.43939185e+00  3.51484964e+00 -4.39608422e-17  1.43939185e+00
  3.51484964e+00  0.00000000e+00  0.00000000e+00 -2.84230170e+00]
[ 0.00000000e+00  0.00000000e+00  2.40118644e+00  4.39608422e-17
 -1.43587007e+00  3.51655247e+00 -4.39608422e-17  1.43587007e+00
  3.51655247e+00  0.00000000e+00  0.00000000e+00 -2.84433598e+00]
[ 0.00000000e+00  0.00000000e+00  2.39936674e+00  4.39608422e-17
 -1.43587007e+00  3.51153078e+00 -4.39608422e-17  1.43587007e+00
  3.51153078e+00  0.00000000e+00  0.00000000e+00 -2.84188347e+00]
[ 0.00000000e+00  0.00000000e+00  2.40027659e+00  4.39608422e-17
 -1.43234829e+00  3.51736049e+00 -4.39608422e-17  1.43234829e+00
  3.51736049e+00  0.00000000e+00  0.00000000e+00 -2.84352796e+00]
[ 0.00000000e+00  0.00000000e+00  2.40027659e+00  4.39608422e-17
 -1.43939185e+00  3.51072276e+00 -4.39608422e-17  1.43939185e+00
  3.51072276e+00  0.00000000e+00  0.00000000e+00 -2.84269149e+00]
[-4.93064790e-04  0.00000000e+00  2.40027659e+00  3.22715693e-03
 -1.43587007e+00  3.51404162e+00  3.22715693e-03  1.43587007e+00
  3.51404162e+00  8.63843399e-05  0.00000000e+00 -2.84310973e+00]
[ 0.00000000e+00 -5.02805552e-04  2.40027659e+00  4.39608422e-17
 -1.43273368e+00  3.51472574e+00 -4.39608422e-17  1.43900646e+00
  3.51335751e+00  0.00000000e+00  1.07563031e-04 -2.84310973e+00]
[ 0.00000000e+00  0.00000000e+00  2.40027659e+00  4.39608422e-17
 -1.43664362e+00  3.51746641e+00 -4.39608422e-17  1.43509653e+00
  3.51061684e+00  0.00000000e+00  9.74808684e-05 -2.84310973e+00]
[ 0.00000000e+00  5.02805552e-04  2.40027659e+00  4.39608422e-17
 -1.43823292e+00  3.50993272e+00 -4.39608422e-17  1.43350722e+00
  3.51815052e+00  0.00000000e+00 -2.05043899e-04 -2.84310973e+00]
[ 0.00000000e+00 -5.02805552e-04  2.40027659e+00  4.39608422e-17
 -1.43350722e+00  3.51815052e+00 -4.39608422e-17  1.43823292e+00
  3.50993272e+00  0.00000000e+00  2.05043899e-04 -2.84310973e+00]
Could not open output file for singlepoint: 1
Tried to open /scratch/smg13363/workDir/0_oh_dimer/h2o_o/c2v/opts/ccsd_t/atz/freq/HESS/1/output.dat
Could not open output file for singlepoint: 2
Tried to open /scratch/smg13363/workDir/0_oh_dimer/h2o_o/c2v/opts/ccsd_t/atz/freq/HESS/2/output.dat
Could not open output file for singlepoint: 3
Tried to open /scratch/smg13363/workDir/0_oh_dimer/h2o_o/c2v/opts/ccsd_t/atz/freq/HESS/3/output.dat
Could not open output file for singlepoint: 4
Tried to open /scratch/smg13363/workDir/0_oh_dimer/h2o_o/c2v/opts/ccsd_t/atz/freq/HESS/4/output.dat
Could not open output file for singlepoint: 5
Tried to open /scratch/smg13363/workDir/0_oh_dimer/h2o_o/c2v/opts/ccsd_t/atz/freq/HESS/5/output.dat
Could not open output file for singlepoint: 6
Tried to open /scratch/smg13363/workDir/0_oh_dimer/h2o_o/c2v/opts/ccsd_t/atz/freq/HESS/6/output.dat
Could not open output file for singlepoint: 7
Tried to open /scratch/smg13363/workDir/0_oh_dimer/h2o_o/c2v/opts/ccsd_t/atz/freq/HESS/7/output.dat
Could not open output file for singlepoint: 8
Tried to open /scratch/smg13363/workDir/0_oh_dimer/h2o_o/c2v/opts/ccsd_t/atz/freq/HESS/8/output.dat
Could not open output file for singlepoint: 9
Tried to open /scratch/smg13363/workDir/0_oh_dimer/h2o_o/c2v/opts/ccsd_t/atz/freq/HESS/9/output.dat
Could not open output file for singlepoint: 10
Tried to open /scratch/smg13363/workDir/0_oh_dimer/h2o_o/c2v/opts/ccsd_t/atz/freq/HESS/10/output.dat
Could not open output file for singlepoint: 11
Tried to open /scratch/smg13363/workDir/0_oh_dimer/h2o_o/c2v/opts/ccsd_t/atz/freq/HESS/11/output.dat
Could not open output file for singlepoint: 12
Tried to open /scratch/smg13363/workDir/0_oh_dimer/h2o_o/c2v/opts/ccsd_t/atz/freq/HESS/12/output.dat
Could not open output file for singlepoint: 13
Tried to open /scratch/smg13363/workDir/0_oh_dimer/h2o_o/c2v/opts/ccsd_t/atz/freq/HESS/13/output.dat
Could not open output file for singlepoint: 14
Tried to open /scratch/smg13363/workDir/0_oh_dimer/h2o_o/c2v/opts/ccsd_t/atz/freq/HESS/14/output.dat
Could not open output file for singlepoint: 15
Tried to open /scratch/smg13363/workDir/0_oh_dimer/h2o_o/c2v/opts/ccsd_t/atz/freq/HESS/15/output.dat
Could not open output file for singlepoint: 16
Tried to open /scratch/smg13363/workDir/0_oh_dimer/h2o_o/c2v/opts/ccsd_t/atz/freq/HESS/16/output.dat
Could not open output file for singlepoint: 17
Tried to open /scratch/smg13363/workDir/0_oh_dimer/h2o_o/c2v/opts/ccsd_t/atz/freq/HESS/17/output.dat
Could not open output file for singlepoint: 18
Tried to open /scratch/smg13363/workDir/0_oh_dimer/h2o_o/c2v/opts/ccsd_t/atz/freq/HESS/18/output.dat
state: False
output:        JobID                                                      JobName      State 
------------        ----------------------------------------------------- ---------- 
1998098                                                             c2v-1    RUNNING 

state: False
output:        JobID                                                      JobName      State 
------------        ----------------------------------------------------- ---------- 
1998099                                                             c2v-2    RUNNING 

state: True
output:        JobID                                                      JobName      State 
------------        ----------------------------------------------------- ---------- 
1998100                                                             c2v-3  COMPLETED 

state: False
output:        JobID                                                      JobName      State 
------------        ----------------------------------------------------- ---------- 
1998101                                                             c2v-4    RUNNING 

state: True
output:        JobID                                                      JobName      State 
------------        ----------------------------------------------------- ---------- 
1998102                                                             c2v-5  COMPLETED 

state: True
output:        JobID                                                      JobName      State 
------------        ----------------------------------------------------- ---------- 
1998103                                                             c2v-6  COMPLETED 

state: True
output:        JobID                                                      JobName      State 
------------        ----------------------------------------------------- ---------- 
1998104                                                             c2v-7  COMPLETED 

state: True
output:        JobID                                                      JobName      State 
------------        ----------------------------------------------------- ---------- 
1998105                                                             c2v-8  COMPLETED 

state: True
output:        JobID                                                      JobName      State 
------------        ----------------------------------------------------- ---------- 
1998106                                                             c2v-9  COMPLETED 

state: True
output:        JobID                                                      JobName      State 
------------        ----------------------------------------------------- ---------- 
1998107                                                            c2v-10  COMPLETED 

state: True
output:        JobID                                                      JobName      State 
------------        ----------------------------------------------------- ---------- 
1998108                                                            c2v-11  COMPLETED 

state: True
output:        JobID                                                      JobName      State 
------------        ----------------------------------------------------- ---------- 
1998109                                                            c2v-12  COMPLETED 

state: True
output:        JobID                                                      JobName      State 
------------        ----------------------------------------------------- ---------- 
1998110                                                            c2v-13  COMPLETED 

state: False
output:        JobID                                                      JobName      State 
------------        ----------------------------------------------------- ---------- 
1998111                                                            c2v-14    RUNNING 

state: True
output:        JobID                                                      JobName      State 
------------        ----------------------------------------------------- ---------- 
1998112                                                            c2v-15  COMPLETED 

state: True
output:        JobID                                                      JobName      State 
------------        ----------------------------------------------------- ---------- 
1998113                                                            c2v-16  COMPLETED 

state: True
output:        JobID                                                      JobName      State 
------------        ----------------------------------------------------- ---------- 
1998114                                                            c2v-17  COMPLETED 

state: False
output:        JobID                                                      JobName      State 
------------        ----------------------------------------------------- ---------- 
1998115                                                            c2v-18    RUNNING 

energy
key reference result -151.32301732770048
key 0: -1 result -151.32301665273744
key 0: 1 result -151.32301665268116
key 1: -1 result -151.3230123560428
key 1: 1 result -151.3230123558962
key 2: -1 result -151.32301482381024
key 2: 1 result -151.32301482392052
key 0: 1, 1: 1 result -151.3230092278395
key 0: -1, 1: -1 result -151.32300927482223
key 0: 1, 2: 1 result -151.32301673739886
key 0: -1, 2: -1 result -151.3230167408953
key 1: 1, 2: 1 result -151.32301456684215
key 1: -1, 2: -1 result -151.32301454362033
key 3: -1 result -151.32301732807056
key 4: -1 result -151.32301405068037
key 5: -1 result -151.32301333534878
key 4: 1, 5: 1 result -151.32301729389192
key 4: -1, 5: -1 result -151.3230172938921
Warning: thermodynamics relations excluded imaginary frequencies: ['39.3583i' '27.9703i']
Warning: used thermodynamics relations inappropriate for low-frequency modes: ['91.8757']
