 Running cfour on c5-6.compute.lan
 Running calculation...
 @GETMEM-I,  Allocated   38146 MB of main memory.
 ENERGY    MP2         -151.233754388888     
 ENERGY    CCSDT       -151.282444977384     
 ENERGY    CCSDT       -151.282444977384     
  -151.282444977384     
 -1.115065214758848E-002  1.597560801621770E-002  0.000000000000000E+000
  1.115065214758848E-002 -1.597560801621770E-002  0.000000000000000E+000
  2.529562623550363E-002  7.510717458927008E-004  0.000000000000000E+000
 -2.529562623550363E-002 -7.510717458927008E-004  0.000000000000000E+000
 @CHECKOUT-I, Total execution time (CPU/WALL):        0.00/       0.04 seconds.
 Saving data and cleaning up...
OPTARC
JOBARC
JAINDX
FJOBARC
MOLDEN
NEWMOS
den.dat
 Job complete on c5-6.compute.lan.
