 Running cfour on c1-1.compute.lan
 Running calculation...
 @GETMEM-I,  Allocated   38146 MB of main memory.
 ENERGY    MP2         -151.216101870776     
 ENERGY    CCSDT       -151.255800380631     
 ENERGY    CCSDT       -151.255800380631     
  -151.255800380631     
  8.481818674879413E-002 -1.992218672710253E-002  0.000000000000000E+000
 -8.481818674879413E-002  1.992218672710253E-002  0.000000000000000E+000
 -4.712801785080573E-003  1.948148905585900E-002  0.000000000000000E+000
  4.712801785080573E-003 -1.948148905585900E-002  0.000000000000000E+000
 @CHECKOUT-I, Total execution time (CPU/WALL):        0.00/       0.02 seconds.
 Saving data and cleaning up...
OPTARC
JOBARC
JAINDX
FJOBARC
MOLDEN
NEWMOS
den.dat
 Job complete on c1-1.compute.lan.
