 Running cfour on c1-1.compute.lan
 Running calculation...
 @GETMEM-I,  Allocated   38146 MB of main memory.
 ENERGY    MP2         -151.256062794443     
 ENERGY    CCSDT       -151.298031193916     
 ENERGY    CCSDT       -151.298031193916     
  -151.298031193916     
  1.547591690158412E-002 -6.244057237092204E-003  0.000000000000000E+000
 -1.547591690158412E-002  6.244057237092204E-003  0.000000000000000E+000
  1.035741911189957E-003  6.480862983708535E-003  0.000000000000000E+000
 -1.035741911189957E-003 -6.480862983708535E-003  0.000000000000000E+000
 @CHECKOUT-I, Total execution time (CPU/WALL):        0.00/       0.01 seconds.
 Saving data and cleaning up...
OPTARC
JOBARC
JAINDX
FJOBARC
MOLDEN
NEWMOS
den.dat
 Job complete on c1-1.compute.lan.
