 Running cfour on c5-3.compute.lan
 Running calculation...
 @GETMEM-I,  Allocated   38146 MB of main memory.
 ENERGY    MP2         -151.240118072716     
 ENERGY    CCSDT       -151.280996009139     
 ENERGY    CCSDT       -151.280996009139     
  -151.280996009139     
 -4.940942453505848E-003  2.759677819171194E-002  0.000000000000000E+000
  4.940942453505848E-003 -2.759677819171194E-002  0.000000000000000E+000
  2.505298684795218E-002 -2.344832625021986E-002  0.000000000000000E+000
 -2.505298684795218E-002  2.344832625021986E-002  0.000000000000000E+000
 @CHECKOUT-I, Total execution time (CPU/WALL):        0.00/       0.01 seconds.
 Saving data and cleaning up...
OPTARC
JOBARC
JAINDX
FJOBARC
MOLDEN
NEWMOS
den.dat
 Job complete on c5-3.compute.lan.
