 Running cfour on c1-1.compute.lan
 Running calculation...
 @GETMEM-I,  Allocated   38146 MB of main memory.
 ENERGY    MP2         -151.256230673322     
 ENERGY    CCSDT       -151.298271938996     
 ENERGY    CCSDT       -151.298271938996     
  -151.298271938996     
  1.300589772501149E-002 -3.835732498956856E-004  0.000000000000000E+000
 -1.300589772501149E-002  3.835732498956856E-004  0.000000000000000E+000
  2.663491964330748E-003  2.419578339581785E-003  0.000000000000000E+000
 -2.663491964330748E-003 -2.419578339581785E-003  0.000000000000000E+000
 @CHECKOUT-I, Total execution time (CPU/WALL):        0.00/       0.02 seconds.
 Saving data and cleaning up...
OPTARC
JOBARC
JAINDX
FJOBARC
MOLDEN
NEWMOS
den.dat
 Job complete on c1-1.compute.lan.
