 Running cfour on c2-23.compute.lan
 Running calculation...
 @GETMEM-I,  Allocated   38146 MB of main memory.
 ENERGY    MP2         -151.222578202913     
 ENERGY    CCSDT       -151.263403798419     
 ENERGY    CCSDT       -151.263403798419     
  -151.263403798419     
  4.111804738011465E-002 -1.379895722703814E-002  0.000000000000000E+000
 -4.111804738011465E-002  1.379895722703814E-002  0.000000000000000E+000
  3.724500808185038E-003  5.356247355267302E-002  0.000000000000000E+000
 -3.724500808185038E-003 -5.356247355267302E-002  0.000000000000000E+000
 @CHECKOUT-I, Total execution time (CPU/WALL):        0.00/       0.03 seconds.
 Saving data and cleaning up...
OPTARC
JOBARC
JAINDX
FJOBARC
MOLDEN
NEWMOS
den.dat
 Job complete on c2-23.compute.lan.
