 Running cfour on c2-15.compute.lan
 Running calculation...
 @GETMEM-I,  Allocated   38146 MB of main memory.
 ENERGY    MP2         -151.242926583621     
 ENERGY    CCSDT       -151.283489717249     
 ENERGY    CCSDT       -151.283489717249     
  -151.283489717249     
 -7.536591340677745E-004  1.823392295173581E-002  0.000000000000000E+000
  7.536591340677745E-004 -1.823392295173581E-002  0.000000000000000E+000
  1.905774223061740E-002 -1.338953882168126E-002  0.000000000000000E+000
 -1.905774223061740E-002  1.338953882168126E-002  0.000000000000000E+000
 @CHECKOUT-I, Total execution time (CPU/WALL):        0.00/       0.02 seconds.
 Saving data and cleaning up...
OPTARC
JOBARC
JAINDX
FJOBARC
MOLDEN
NEWMOS
den.dat
 Job complete on c2-15.compute.lan.
