 Running cfour on b1-8.compute.lan
 Running calculation...
 @GETMEM-I,  Allocated   38146 MB of main memory.
 ENERGY    MP2         -151.227868338402     
 ENERGY    CCSDT       -151.270463544782     
 ENERGY    CCSDT       -151.270463544782     
  -151.270463544782     
  2.240647904335671E-002 -4.306876577505309E-003  0.000000000000000E+000
 -2.240647904335671E-002  4.306876577505309E-003  0.000000000000000E+000
  1.180832070664026E-002  3.670381275371373E-002  0.000000000000000E+000
 -1.180832070664026E-002 -3.670381275371373E-002  0.000000000000000E+000
 @CHECKOUT-I, Total execution time (CPU/WALL):        0.00/       0.02 seconds.
 Saving data and cleaning up...
OPTARC
JOBARC
JAINDX
FJOBARC
MOLDEN
NEWMOS
den.dat
 Job complete on b1-8.compute.lan.
