 Running cfour on c1-1.compute.lan
 Running calculation...
 @GETMEM-I,  Allocated   38146 MB of main memory.
 ENERGY    MP2         -151.216096189123     
 ENERGY    CCSDT       -151.255869650707     
 ENERGY    CCSDT       -151.255869650707     
  -151.255869650707     
  7.983968568184088E-002 -5.082954938595313E-003  0.000000000000000E+000
 -7.983968568184088E-002  5.082954938595313E-003  0.000000000000000E+000
  2.315997499985900E-003  4.918879255311259E-003  0.000000000000000E+000
 -2.315997499985900E-003 -4.918879255311259E-003  0.000000000000000E+000
 @CHECKOUT-I, Total execution time (CPU/WALL):        0.00/       0.04 seconds.
 Saving data and cleaning up...
OPTARC
JOBARC
JAINDX
FJOBARC
MOLDEN
NEWMOS
den.dat
 Job complete on c1-1.compute.lan.
