/home/smg13363/pkg/optavc/optimize.py:46: FutureWarning: Using `psi4.core.set_gradient` (only used internally for C++ optking; deprecated silently in 1.2) is deprecated, and in 1.4 (or whenever Py optking is adopted) it will stop working

  psi4.core.set_gradient(grad)
/home/smg13363/pkg/optavc/optimize.py:46: FutureWarning: Using `psi4.core.set_gradient` (only used internally for C++ optking; deprecated silently in 1.2) is deprecated, and in 1.4 (or whenever Py optking is adopted) it will stop working

  psi4.core.set_gradient(grad)
/home/smg13363/pkg/optavc/optimize.py:46: FutureWarning: Using `psi4.core.set_gradient` (only used internally for C++ optking; deprecated silently in 1.2) is deprecated, and in 1.4 (or whenever Py optking is adopted) it will stop working

  psi4.core.set_gradient(grad)
/home/smg13363/pkg/optavc/optimize.py:46: FutureWarning: Using `psi4.core.set_gradient` (only used internally for C++ optking; deprecated silently in 1.2) is deprecated, and in 1.4 (or whenever Py optking is adopted) it will stop working

  psi4.core.set_gradient(grad)
/home/smg13363/pkg/optavc/optimize.py:46: FutureWarning: Using `psi4.core.set_gradient` (only used internally for C++ optking; deprecated silently in 1.2) is deprecated, and in 1.4 (or whenever Py optking is adopted) it will stop working

  psi4.core.set_gradient(grad)
/home/smg13363/pkg/optavc/optimize.py:46: FutureWarning: Using `psi4.core.set_gradient` (only used internally for C++ optking; deprecated silently in 1.2) is deprecated, and in 1.4 (or whenever Py optking is adopted) it will stop working

  psi4.core.set_gradient(grad)
/home/smg13363/pkg/optavc/optimize.py:46: FutureWarning: Using `psi4.core.set_gradient` (only used internally for C++ optking; deprecated silently in 1.2) is deprecated, and in 1.4 (or whenever Py optking is adopted) it will stop working

  psi4.core.set_gradient(grad)
/home/smg13363/pkg/optavc/optimize.py:46: FutureWarning: Using `psi4.core.set_gradient` (only used internally for C++ optking; deprecated silently in 1.2) is deprecated, and in 1.4 (or whenever Py optking is adopted) it will stop working

  psi4.core.set_gradient(grad)
/home/smg13363/pkg/optavc/optimize.py:46: FutureWarning: Using `psi4.core.set_gradient` (only used internally for C++ optking; deprecated silently in 1.2) is deprecated, and in 1.4 (or whenever Py optking is adopted) it will stop working

  psi4.core.set_gradient(grad)

====================Beginning new step 0======================

Creating correct gradient class
[ 0.00000000e+00  0.00000000e+00  2.36604529e+00  4.38934964e-17
 -1.43367039e+00  3.48424492e+00 -4.38934964e-17  1.43367039e+00
  3.48424492e+00  0.00000000e+00  0.00000000e+00 -2.80512350e+00]
[ 0.00000000e+00  0.00000000e+00  2.36786499e+00  4.38934964e-17
 -1.43367039e+00  3.48262888e+00 -4.38934964e-17  1.43367039e+00
  3.48262888e+00  0.00000000e+00  0.00000000e+00 -2.80673955e+00]
[ 0.00000000e+00  0.00000000e+00  2.36695514e+00  4.38934964e-17
 -1.43719217e+00  3.48343690e+00 -4.38934964e-17  1.43719217e+00
  3.48343690e+00  0.00000000e+00  0.00000000e+00 -2.80593153e+00]
[ 0.00000000e+00  0.00000000e+00  2.36695514e+00  4.38934964e-17
 -1.43014861e+00  3.48343690e+00 -4.38934964e-17  1.43014861e+00
  3.48343690e+00  0.00000000e+00  0.00000000e+00 -2.80593153e+00]
[ 0.00000000e+00  0.00000000e+00  2.36695514e+00  4.38934964e-17
 -1.43367039e+00  3.48011803e+00 -4.38934964e-17  1.43367039e+00
  3.48011803e+00  0.00000000e+00  0.00000000e+00 -2.80551329e+00]
[ 0.00000000e+00  0.00000000e+00  2.36695514e+00  4.38934964e-17
 -1.43367039e+00  3.48675577e+00 -4.38934964e-17  1.43367039e+00
  3.48675577e+00  0.00000000e+00  0.00000000e+00 -2.80634976e+00]
Could not open output file for singlepoint: 1
Tried to open /scratch/smg13363/workDir/0_oh_dimer/h2o_o/opts/ccsd_t/atz/STEP00/1/output.dat
Could not open output file for singlepoint: 2
Tried to open /scratch/smg13363/workDir/0_oh_dimer/h2o_o/opts/ccsd_t/atz/STEP00/2/output.dat
Could not open output file for singlepoint: 3
Tried to open /scratch/smg13363/workDir/0_oh_dimer/h2o_o/opts/ccsd_t/atz/STEP00/3/output.dat
Could not open output file for singlepoint: 4
Tried to open /scratch/smg13363/workDir/0_oh_dimer/h2o_o/opts/ccsd_t/atz/STEP00/4/output.dat
Could not open output file for singlepoint: 5
Tried to open /scratch/smg13363/workDir/0_oh_dimer/h2o_o/opts/ccsd_t/atz/STEP00/5/output.dat
Could not open output file for singlepoint: 6
Tried to open /scratch/smg13363/workDir/0_oh_dimer/h2o_o/opts/ccsd_t/atz/STEP00/6/output.dat
Could not open output file for singlepoint: 7
Tried to open /scratch/smg13363/workDir/0_oh_dimer/h2o_o/opts/ccsd_t/atz/STEP00/7/output.dat
state: False
output:        JobID                                                      JobName      State 
------------        ----------------------------------------------------- ---------- 
1927665                                                       h2o_o--00-1    PENDING 

state: False
output:        JobID                                                      JobName      State 
------------        ----------------------------------------------------- ---------- 
1927667                                                       h2o_o--00-2    PENDING 

state: False
output:        JobID                                                      JobName      State 
------------        ----------------------------------------------------- ---------- 
1927668                                                       h2o_o--00-3    PENDING 

state: False
output:        JobID                                                      JobName      State 
------------        ----------------------------------------------------- ---------- 
1927670                                                       h2o_o--00-4    PENDING 

state: False
output:        JobID                                                      JobName      State 
------------        ----------------------------------------------------- ---------- 
1927672                                                       h2o_o--00-5    PENDING 

state: False
output:        JobID                                                      JobName      State 
------------        ----------------------------------------------------- ---------- 
1927674                                                       h2o_o--00-6    PENDING 

state: False
output:        JobID                                                      JobName      State 
------------        ----------------------------------------------------- ---------- 
1927676                                                       h2o_o--00-7    PENDING 

Could not open output file for singlepoint: 1
Tried to open /scratch/smg13363/workDir/0_oh_dimer/h2o_o/opts/ccsd_t/atz/STEP00/1/output.dat
Could not open output file for singlepoint: 2
Tried to open /scratch/smg13363/workDir/0_oh_dimer/h2o_o/opts/ccsd_t/atz/STEP00/2/output.dat
Could not open output file for singlepoint: 3
Tried to open /scratch/smg13363/workDir/0_oh_dimer/h2o_o/opts/ccsd_t/atz/STEP00/3/output.dat
Could not open output file for singlepoint: 4
Tried to open /scratch/smg13363/workDir/0_oh_dimer/h2o_o/opts/ccsd_t/atz/STEP00/4/output.dat
Could not open output file for singlepoint: 5
Tried to open /scratch/smg13363/workDir/0_oh_dimer/h2o_o/opts/ccsd_t/atz/STEP00/5/output.dat
Could not open output file for singlepoint: 6
Tried to open /scratch/smg13363/workDir/0_oh_dimer/h2o_o/opts/ccsd_t/atz/STEP00/6/output.dat
Could not open output file for singlepoint: 7
Tried to open /scratch/smg13363/workDir/0_oh_dimer/h2o_o/opts/ccsd_t/atz/STEP00/7/output.dat
state: False
output:        JobID                                                      JobName      State 
------------        ----------------------------------------------------- ---------- 
1927665                                                       h2o_o--00-1    PENDING 

state: False
output:        JobID                                                      JobName      State 
------------        ----------------------------------------------------- ---------- 
1927667                                                       h2o_o--00-2    PENDING 

state: False
output:        JobID                                                      JobName      State 
------------        ----------------------------------------------------- ---------- 
1927668                                                       h2o_o--00-3    PENDING 

state: False
output:        JobID                                                      JobName      State 
------------        ----------------------------------------------------- ---------- 
1927670                                                       h2o_o--00-4    PENDING 

state: False
output:        JobID                                                      JobName      State 
------------        ----------------------------------------------------- ---------- 
1927672                                                       h2o_o--00-5    PENDING 

state: False
output:        JobID                                                      JobName      State 
------------        ----------------------------------------------------- ---------- 
1927674                                                       h2o_o--00-6    PENDING 

state: False
output:        JobID                                                      JobName      State 
------------        ----------------------------------------------------- ---------- 
1927676                                                       h2o_o--00-7    PENDING 

Could not open output file for singlepoint: 1
Tried to open /scratch/smg13363/workDir/0_oh_dimer/h2o_o/opts/ccsd_t/atz/STEP00/1/output.dat
Could not open output file for singlepoint: 2
Tried to open /scratch/smg13363/workDir/0_oh_dimer/h2o_o/opts/ccsd_t/atz/STEP00/2/output.dat
Could not open output file for singlepoint: 3
Tried to open /scratch/smg13363/workDir/0_oh_dimer/h2o_o/opts/ccsd_t/atz/STEP00/3/output.dat
Could not open output file for singlepoint: 4
Tried to open /scratch/smg13363/workDir/0_oh_dimer/h2o_o/opts/ccsd_t/atz/STEP00/4/output.dat
Could not open output file for singlepoint: 5
Tried to open /scratch/smg13363/workDir/0_oh_dimer/h2o_o/opts/ccsd_t/atz/STEP00/5/output.dat
Could not open output file for singlepoint: 6
Tried to open /scratch/smg13363/workDir/0_oh_dimer/h2o_o/opts/ccsd_t/atz/STEP00/6/output.dat
Could not open output file for singlepoint: 7
Tried to open /scratch/smg13363/workDir/0_oh_dimer/h2o_o/opts/ccsd_t/atz/STEP00/7/output.dat
state: False
output:        JobID                                                      JobName      State 
------------        ----------------------------------------------------- ---------- 
1927665                                                       h2o_o--00-1    PENDING 

state: False
output:        JobID                                                      JobName      State 
------------        ----------------------------------------------------- ---------- 
1927667                                                       h2o_o--00-2    PENDING 

state: False
output:        JobID                                                      JobName      State 
------------        ----------------------------------------------------- ---------- 
1927668                                                       h2o_o--00-3    PENDING 

state: False
output:        JobID                                                      JobName      State 
------------        ----------------------------------------------------- ---------- 
1927670                                                       h2o_o--00-4    PENDING 

state: False
output:        JobID                                                      JobName      State 
------------        ----------------------------------------------------- ---------- 
1927672                                                       h2o_o--00-5    PENDING 

state: False
output:        JobID                                                      JobName      State 
------------        ----------------------------------------------------- ---------- 
1927674                                                       h2o_o--00-6    PENDING 

state: False
output:        JobID                                                      JobName      State 
------------        ----------------------------------------------------- ---------- 
1927676                                                       h2o_o--00-7    PENDING 

Could not open output file for singlepoint: 1
Tried to open /scratch/smg13363/workDir/0_oh_dimer/h2o_o/opts/ccsd_t/atz/STEP00/1/output.dat
Could not open output file for singlepoint: 2
Tried to open /scratch/smg13363/workDir/0_oh_dimer/h2o_o/opts/ccsd_t/atz/STEP00/2/output.dat
Could not open output file for singlepoint: 3
Tried to open /scratch/smg13363/workDir/0_oh_dimer/h2o_o/opts/ccsd_t/atz/STEP00/3/output.dat
Could not open output file for singlepoint: 4
Tried to open /scratch/smg13363/workDir/0_oh_dimer/h2o_o/opts/ccsd_t/atz/STEP00/4/output.dat
Could not open output file for singlepoint: 5
Tried to open /scratch/smg13363/workDir/0_oh_dimer/h2o_o/opts/ccsd_t/atz/STEP00/5/output.dat
Could not open output file for singlepoint: 6
Tried to open /scratch/smg13363/workDir/0_oh_dimer/h2o_o/opts/ccsd_t/atz/STEP00/6/output.dat
Could not open output file for singlepoint: 7
Tried to open /scratch/smg13363/workDir/0_oh_dimer/h2o_o/opts/ccsd_t/atz/STEP00/7/output.dat
state: False
output:        JobID                                                      JobName      State 
------------        ----------------------------------------------------- ---------- 
1927665                                                       h2o_o--00-1    PENDING 

state: False
output:        JobID                                                      JobName      State 
------------        ----------------------------------------------------- ---------- 
1927667                                                       h2o_o--00-2    PENDING 

state: False
output:        JobID                                                      JobName      State 
------------        ----------------------------------------------------- ---------- 
1927668                                                       h2o_o--00-3    PENDING 

state: False
output:        JobID                                                      JobName      State 
------------        ----------------------------------------------------- ---------- 
1927670                                                       h2o_o--00-4    PENDING 

state: False
output:        JobID                                                      JobName      State 
------------        ----------------------------------------------------- ---------- 
1927672                                                       h2o_o--00-5    PENDING 

state: False
output:        JobID                                                      JobName      State 
------------        ----------------------------------------------------- ---------- 
1927674                                                       h2o_o--00-6    PENDING 

state: False
output:        JobID                                                      JobName      State 
------------        ----------------------------------------------------- ---------- 
1927676                                                       h2o_o--00-7    PENDING 

Could not open output file for singlepoint: 1
Tried to open /scratch/smg13363/workDir/0_oh_dimer/h2o_o/opts/ccsd_t/atz/STEP00/1/output.dat
Could not open output file for singlepoint: 2
Tried to open /scratch/smg13363/workDir/0_oh_dimer/h2o_o/opts/ccsd_t/atz/STEP00/2/output.dat
Could not open output file for singlepoint: 3
Tried to open /scratch/smg13363/workDir/0_oh_dimer/h2o_o/opts/ccsd_t/atz/STEP00/3/output.dat
Could not open output file for singlepoint: 4
Tried to open /scratch/smg13363/workDir/0_oh_dimer/h2o_o/opts/ccsd_t/atz/STEP00/4/output.dat
Could not open output file for singlepoint: 5
Tried to open /scratch/smg13363/workDir/0_oh_dimer/h2o_o/opts/ccsd_t/atz/STEP00/5/output.dat
Could not open output file for singlepoint: 6
Tried to open /scratch/smg13363/workDir/0_oh_dimer/h2o_o/opts/ccsd_t/atz/STEP00/6/output.dat
Could not open output file for singlepoint: 7
Tried to open /scratch/smg13363/workDir/0_oh_dimer/h2o_o/opts/ccsd_t/atz/STEP00/7/output.dat
state: False
output:        JobID                                                      JobName      State 
------------        ----------------------------------------------------- ---------- 
1927665                                                       h2o_o--00-1    PENDING 

state: False
output:        JobID                                                      JobName      State 
------------        ----------------------------------------------------- ---------- 
1927667                                                       h2o_o--00-2    PENDING 

state: False
output:        JobID                                                      JobName      State 
------------        ----------------------------------------------------- ---------- 
1927668                                                       h2o_o--00-3    PENDING 

state: False
output:        JobID                                                      JobName      State 
------------        ----------------------------------------------------- ---------- 
1927670                                                       h2o_o--00-4    PENDING 

state: False
output:        JobID                                                      JobName      State 
------------        ----------------------------------------------------- ---------- 
1927672                                                       h2o_o--00-5    PENDING 

state: False
output:        JobID                                                      JobName      State 
------------        ----------------------------------------------------- ---------- 
1927674                                                       h2o_o--00-6    PENDING 

state: False
output:        JobID                                                      JobName      State 
------------        ----------------------------------------------------- ---------- 
1927676                                                       h2o_o--00-7    PENDING 

Could not open output file for singlepoint: 1
Tried to open /scratch/smg13363/workDir/0_oh_dimer/h2o_o/opts/ccsd_t/atz/STEP00/1/output.dat
Could not open output file for singlepoint: 2
Tried to open /scratch/smg13363/workDir/0_oh_dimer/h2o_o/opts/ccsd_t/atz/STEP00/2/output.dat
Could not open output file for singlepoint: 3
Tried to open /scratch/smg13363/workDir/0_oh_dimer/h2o_o/opts/ccsd_t/atz/STEP00/3/output.dat
Could not open output file for singlepoint: 4
Tried to open /scratch/smg13363/workDir/0_oh_dimer/h2o_o/opts/ccsd_t/atz/STEP00/4/output.dat
Could not open output file for singlepoint: 5
Tried to open /scratch/smg13363/workDir/0_oh_dimer/h2o_o/opts/ccsd_t/atz/STEP00/5/output.dat
Could not open output file for singlepoint: 6
Tried to open /scratch/smg13363/workDir/0_oh_dimer/h2o_o/opts/ccsd_t/atz/STEP00/6/output.dat
Could not open output file for singlepoint: 7
Tried to open /scratch/smg13363/workDir/0_oh_dimer/h2o_o/opts/ccsd_t/atz/STEP00/7/output.dat
state: False
output:        JobID                                                      JobName      State 
------------        ----------------------------------------------------- ---------- 
1927665                                                       h2o_o--00-1    PENDING 

state: False
output:        JobID                                                      JobName      State 
------------        ----------------------------------------------------- ---------- 
1927667                                                       h2o_o--00-2    PENDING 

state: False
output:        JobID                                                      JobName      State 
------------        ----------------------------------------------------- ---------- 
1927668                                                       h2o_o--00-3    PENDING 

state: False
output:        JobID                                                      JobName      State 
------------        ----------------------------------------------------- ---------- 
1927670                                                       h2o_o--00-4    PENDING 

state: False
output:        JobID                                                      JobName      State 
------------        ----------------------------------------------------- ---------- 
1927672                                                       h2o_o--00-5    PENDING 

state: False
output:        JobID                                                      JobName      State 
------------        ----------------------------------------------------- ---------- 
1927674                                                       h2o_o--00-6    PENDING 

state: False
output:        JobID                                                      JobName      State 
------------        ----------------------------------------------------- ---------- 
1927676                                                       h2o_o--00-7    PENDING 

Could not open output file for singlepoint: 1
Tried to open /scratch/smg13363/workDir/0_oh_dimer/h2o_o/opts/ccsd_t/atz/STEP00/1/output.dat
Could not open output file for singlepoint: 2
Tried to open /scratch/smg13363/workDir/0_oh_dimer/h2o_o/opts/ccsd_t/atz/STEP00/2/output.dat
Could not open output file for singlepoint: 3
Tried to open /scratch/smg13363/workDir/0_oh_dimer/h2o_o/opts/ccsd_t/atz/STEP00/3/output.dat
Could not open output file for singlepoint: 4
Tried to open /scratch/smg13363/workDir/0_oh_dimer/h2o_o/opts/ccsd_t/atz/STEP00/4/output.dat
Could not open output file for singlepoint: 5
Tried to open /scratch/smg13363/workDir/0_oh_dimer/h2o_o/opts/ccsd_t/atz/STEP00/5/output.dat
Could not open output file for singlepoint: 6
Tried to open /scratch/smg13363/workDir/0_oh_dimer/h2o_o/opts/ccsd_t/atz/STEP00/6/output.dat
Could not open output file for singlepoint: 7
Tried to open /scratch/smg13363/workDir/0_oh_dimer/h2o_o/opts/ccsd_t/atz/STEP00/7/output.dat
state: False
output:        JobID                                                      JobName      State 
------------        ----------------------------------------------------- ---------- 
1927665                                                       h2o_o--00-1    PENDING 

state: False
output:        JobID                                                      JobName      State 
------------        ----------------------------------------------------- ---------- 
1927667                                                       h2o_o--00-2    PENDING 

state: False
output:        JobID                                                      JobName      State 
------------        ----------------------------------------------------- ---------- 
1927668                                                       h2o_o--00-3    PENDING 

state: False
output:        JobID                                                      JobName      State 
------------        ----------------------------------------------------- ---------- 
1927670                                                       h2o_o--00-4    PENDING 

state: False
output:        JobID                                                      JobName      State 
------------        ----------------------------------------------------- ---------- 
1927672                                                       h2o_o--00-5    PENDING 

state: False
output:        JobID                                                      JobName      State 
------------        ----------------------------------------------------- ---------- 
1927674                                                       h2o_o--00-6    PENDING 

state: False
output:        JobID                                                      JobName      State 
------------        ----------------------------------------------------- ---------- 
1927676                                                       h2o_o--00-7    PENDING 

Could not open output file for singlepoint: 1
Tried to open /scratch/smg13363/workDir/0_oh_dimer/h2o_o/opts/ccsd_t/atz/STEP00/1/output.dat
Could not open output file for singlepoint: 2
Tried to open /scratch/smg13363/workDir/0_oh_dimer/h2o_o/opts/ccsd_t/atz/STEP00/2/output.dat
Could not open output file for singlepoint: 3
Tried to open /scratch/smg13363/workDir/0_oh_dimer/h2o_o/opts/ccsd_t/atz/STEP00/3/output.dat
Could not open output file for singlepoint: 4
Tried to open /scratch/smg13363/workDir/0_oh_dimer/h2o_o/opts/ccsd_t/atz/STEP00/4/output.dat
Could not open output file for singlepoint: 5
Tried to open /scratch/smg13363/workDir/0_oh_dimer/h2o_o/opts/ccsd_t/atz/STEP00/5/output.dat
Could not open output file for singlepoint: 6
Tried to open /scratch/smg13363/workDir/0_oh_dimer/h2o_o/opts/ccsd_t/atz/STEP00/6/output.dat
Could not open output file for singlepoint: 7
Tried to open /scratch/smg13363/workDir/0_oh_dimer/h2o_o/opts/ccsd_t/atz/STEP00/7/output.dat
state: False
output:        JobID                                                      JobName      State 
------------        ----------------------------------------------------- ---------- 
1927665                                                       h2o_o--00-1    PENDING 

state: False
output:        JobID                                                      JobName      State 
------------        ----------------------------------------------------- ---------- 
1927667                                                       h2o_o--00-2    PENDING 

state: False
output:        JobID                                                      JobName      State 
------------        ----------------------------------------------------- ---------- 
1927668                                                       h2o_o--00-3    PENDING 

state: False
output:        JobID                                                      JobName      State 
------------        ----------------------------------------------------- ---------- 
1927670                                                       h2o_o--00-4    PENDING 

state: False
output:        JobID                                                      JobName      State 
------------        ----------------------------------------------------- ---------- 
1927672                                                       h2o_o--00-5    PENDING 

state: False
output:        JobID                                                      JobName      State 
------------        ----------------------------------------------------- ---------- 
1927674                                                       h2o_o--00-6    PENDING 

state: False
output:        JobID                                                      JobName      State 
------------        ----------------------------------------------------- ---------- 
1927676                                                       h2o_o--00-7    PENDING 

Could not open output file for singlepoint: 1
Tried to open /scratch/smg13363/workDir/0_oh_dimer/h2o_o/opts/ccsd_t/atz/STEP00/1/output.dat
Could not open output file for singlepoint: 2
Tried to open /scratch/smg13363/workDir/0_oh_dimer/h2o_o/opts/ccsd_t/atz/STEP00/2/output.dat
Could not open output file for singlepoint: 3
Tried to open /scratch/smg13363/workDir/0_oh_dimer/h2o_o/opts/ccsd_t/atz/STEP00/3/output.dat
Could not open output file for singlepoint: 4
Tried to open /scratch/smg13363/workDir/0_oh_dimer/h2o_o/opts/ccsd_t/atz/STEP00/4/output.dat
Could not open output file for singlepoint: 5
Tried to open /scratch/smg13363/workDir/0_oh_dimer/h2o_o/opts/ccsd_t/atz/STEP00/5/output.dat
Could not open output file for singlepoint: 6
Tried to open /scratch/smg13363/workDir/0_oh_dimer/h2o_o/opts/ccsd_t/atz/STEP00/6/output.dat
Could not open output file for singlepoint: 7
Tried to open /scratch/smg13363/workDir/0_oh_dimer/h2o_o/opts/ccsd_t/atz/STEP00/7/output.dat
state: False
output:        JobID                                                      JobName      State 
------------        ----------------------------------------------------- ---------- 
1927665                                                       h2o_o--00-1    PENDING 

state: False
output:        JobID                                                      JobName      State 
------------        ----------------------------------------------------- ---------- 
1927667                                                       h2o_o--00-2    PENDING 

state: False
output:        JobID                                                      JobName      State 
------------        ----------------------------------------------------- ---------- 
1927668                                                       h2o_o--00-3    PENDING 

state: False
output:        JobID                                                      JobName      State 
------------        ----------------------------------------------------- ---------- 
1927670                                                       h2o_o--00-4    PENDING 

state: False
output:        JobID                                                      JobName      State 
------------        ----------------------------------------------------- ---------- 
1927672                                                       h2o_o--00-5    PENDING 

state: False
output:        JobID                                                      JobName      State 
------------        ----------------------------------------------------- ---------- 
1927674                                                       h2o_o--00-6    PENDING 

state: False
output:        JobID                                                      JobName      State 
------------        ----------------------------------------------------- ---------- 
1927676                                                       h2o_o--00-7    PENDING 

Could not open output file for singlepoint: 1
Tried to open /scratch/smg13363/workDir/0_oh_dimer/h2o_o/opts/ccsd_t/atz/STEP00/1/output.dat
Could not open output file for singlepoint: 2
Tried to open /scratch/smg13363/workDir/0_oh_dimer/h2o_o/opts/ccsd_t/atz/STEP00/2/output.dat
Could not open output file for singlepoint: 3
Tried to open /scratch/smg13363/workDir/0_oh_dimer/h2o_o/opts/ccsd_t/atz/STEP00/3/output.dat
Could not open output file for singlepoint: 4
Tried to open /scratch/smg13363/workDir/0_oh_dimer/h2o_o/opts/ccsd_t/atz/STEP00/4/output.dat
Could not open output file for singlepoint: 5
Tried to open /scratch/smg13363/workDir/0_oh_dimer/h2o_o/opts/ccsd_t/atz/STEP00/5/output.dat
Could not open output file for singlepoint: 6
Tried to open /scratch/smg13363/workDir/0_oh_dimer/h2o_o/opts/ccsd_t/atz/STEP00/6/output.dat
Could not open output file for singlepoint: 7
Tried to open /scratch/smg13363/workDir/0_oh_dimer/h2o_o/opts/ccsd_t/atz/STEP00/7/output.dat
state: False
output:        JobID                                                      JobName      State 
------------        ----------------------------------------------------- ---------- 
1927665                                                       h2o_o--00-1    PENDING 

state: False
output:        JobID                                                      JobName      State 
------------        ----------------------------------------------------- ---------- 
1927667                                                       h2o_o--00-2    PENDING 

state: False
output:        JobID                                                      JobName      State 
------------        ----------------------------------------------------- ---------- 
1927668                                                       h2o_o--00-3    PENDING 

state: False
output:        JobID                                                      JobName      State 
------------        ----------------------------------------------------- ---------- 
1927670                                                       h2o_o--00-4    PENDING 

state: False
output:        JobID                                                      JobName      State 
------------        ----------------------------------------------------- ---------- 
1927672                                                       h2o_o--00-5    RUNNING 

state: False
output:        JobID                                                      JobName      State 
------------        ----------------------------------------------------- ---------- 
1927674                                                       h2o_o--00-6    RUNNING 

state: False
output:        JobID                                                      JobName      State 
------------        ----------------------------------------------------- ---------- 
1927676                                                       h2o_o--00-7    RUNNING 

state: True
output:        JobID                                                      JobName      State 
------------        ----------------------------------------------------- ---------- 
1927665                                                       h2o_o--00-1  COMPLETED 

state: True
output:        JobID                                                      JobName      State 
------------        ----------------------------------------------------- ---------- 
1927667                                                       h2o_o--00-2  COMPLETED 

state: True
output:        JobID                                                      JobName      State 
------------        ----------------------------------------------------- ---------- 
1927668                                                       h2o_o--00-3  COMPLETED 

state: True
output:        JobID                                                      JobName      State 
------------        ----------------------------------------------------- ---------- 
1927670                                                       h2o_o--00-4  COMPLETED 

state: True
output:        JobID                                                      JobName      State 
------------        ----------------------------------------------------- ---------- 
1927672                                                       h2o_o--00-5  COMPLETED 

state: True
output:        JobID                                                      JobName      State 
------------        ----------------------------------------------------- ---------- 
1927674                                                       h2o_o--00-6  COMPLETED 

state: True
output:        JobID                                                      JobName      State 
------------        ----------------------------------------------------- ---------- 
1927676                                                       h2o_o--00-7  COMPLETED 


====================Beginning new step 1======================

Creating correct gradient class
[ 0.00000000e+00  0.00000000e+00  2.37008033e+00  4.39480209e-17
 -1.43545130e+00  3.48650811e+00 -4.39480209e-17  1.43545130e+00
  3.48650811e+00  0.00000000e+00  0.00000000e+00 -2.80944375e+00]
[ 0.00000000e+00  0.00000000e+00  2.37190003e+00  4.39480209e-17
 -1.43545130e+00  3.48489207e+00 -4.39480209e-17  1.43545130e+00
  3.48489207e+00  0.00000000e+00  0.00000000e+00 -2.81105979e+00]
[ 0.00000000e+00  0.00000000e+00  2.37099018e+00  4.39480209e-17
 -1.43897308e+00  3.48570009e+00 -4.39480209e-17  1.43897308e+00
  3.48570009e+00  0.00000000e+00  0.00000000e+00 -2.81025177e+00]
[ 0.00000000e+00  0.00000000e+00  2.37099018e+00  4.39480209e-17
 -1.43192951e+00  3.48570009e+00 -4.39480209e-17  1.43192951e+00
  3.48570009e+00  0.00000000e+00  0.00000000e+00 -2.81025177e+00]
[ 0.00000000e+00  0.00000000e+00  2.37099018e+00  4.39480209e-17
 -1.43545130e+00  3.48238122e+00 -4.39480209e-17  1.43545130e+00
  3.48238122e+00  0.00000000e+00  0.00000000e+00 -2.80983353e+00]
[ 0.00000000e+00  0.00000000e+00  2.37099018e+00  4.39480209e-17
 -1.43545130e+00  3.48901896e+00 -4.39480209e-17  1.43545130e+00
  3.48901896e+00  0.00000000e+00  0.00000000e+00 -2.81067001e+00]
Could not open output file for singlepoint: 1
Tried to open /scratch/smg13363/workDir/0_oh_dimer/h2o_o/opts/ccsd_t/atz/STEP01/1/output.dat
Could not open output file for singlepoint: 2
Tried to open /scratch/smg13363/workDir/0_oh_dimer/h2o_o/opts/ccsd_t/atz/STEP01/2/output.dat
Could not open output file for singlepoint: 3
Tried to open /scratch/smg13363/workDir/0_oh_dimer/h2o_o/opts/ccsd_t/atz/STEP01/3/output.dat
Could not open output file for singlepoint: 4
Tried to open /scratch/smg13363/workDir/0_oh_dimer/h2o_o/opts/ccsd_t/atz/STEP01/4/output.dat
Could not open output file for singlepoint: 5
Tried to open /scratch/smg13363/workDir/0_oh_dimer/h2o_o/opts/ccsd_t/atz/STEP01/5/output.dat
Could not open output file for singlepoint: 6
Tried to open /scratch/smg13363/workDir/0_oh_dimer/h2o_o/opts/ccsd_t/atz/STEP01/6/output.dat
Could not open output file for singlepoint: 7
Tried to open /scratch/smg13363/workDir/0_oh_dimer/h2o_o/opts/ccsd_t/atz/STEP01/7/output.dat
state: False
output:        JobID                                                      JobName      State 
------------        ----------------------------------------------------- ---------- 
1944464                                                       h2o_o--01-1    RUNNING 

state: False
output:        JobID                                                      JobName      State 
------------        ----------------------------------------------------- ---------- 
1944465                                                       h2o_o--01-2    RUNNING 

state: False
output:        JobID                                                      JobName      State 
------------        ----------------------------------------------------- ---------- 
1944466                                                       h2o_o--01-3    RUNNING 

state: False
output:        JobID                                                      JobName      State 
------------        ----------------------------------------------------- ---------- 
1944467                                                       h2o_o--01-4    PENDING 

state: False
output:        JobID                                                      JobName      State 
------------        ----------------------------------------------------- ---------- 
1944468                                                       h2o_o--01-5    PENDING 

state: False
output:        JobID                                                      JobName      State 
------------        ----------------------------------------------------- ---------- 
1944469                                                       h2o_o--01-6    PENDING 

state: False
output:        JobID                                                      JobName      State 
------------        ----------------------------------------------------- ---------- 
1944470                                                       h2o_o--01-7    PENDING 

Could not open output file for singlepoint: 4
Tried to open /scratch/smg13363/workDir/0_oh_dimer/h2o_o/opts/ccsd_t/atz/STEP01/4/output.dat
Could not open output file for singlepoint: 5
Tried to open /scratch/smg13363/workDir/0_oh_dimer/h2o_o/opts/ccsd_t/atz/STEP01/5/output.dat
Could not open output file for singlepoint: 6
Tried to open /scratch/smg13363/workDir/0_oh_dimer/h2o_o/opts/ccsd_t/atz/STEP01/6/output.dat
Could not open output file for singlepoint: 7
Tried to open /scratch/smg13363/workDir/0_oh_dimer/h2o_o/opts/ccsd_t/atz/STEP01/7/output.dat
state: True
output:        JobID                                                      JobName      State 
------------        ----------------------------------------------------- ---------- 
1944464                                                       h2o_o--01-1  COMPLETED 

state: True
output:        JobID                                                      JobName      State 
------------        ----------------------------------------------------- ---------- 
1944465                                                       h2o_o--01-2  COMPLETED 

state: True
output:        JobID                                                      JobName      State 
------------        ----------------------------------------------------- ---------- 
1944466                                                       h2o_o--01-3  COMPLETED 

state: False
output:        JobID                                                      JobName      State 
------------        ----------------------------------------------------- ---------- 
1944467                                                       h2o_o--01-4    PENDING 

state: False
output:        JobID                                                      JobName      State 
------------        ----------------------------------------------------- ---------- 
1944468                                                       h2o_o--01-5    PENDING 

state: False
output:        JobID                                                      JobName      State 
------------        ----------------------------------------------------- ---------- 
1944469                                                       h2o_o--01-6    PENDING 

state: False
output:        JobID                                                      JobName      State 
------------        ----------------------------------------------------- ---------- 
1944470                                                       h2o_o--01-7    PENDING 

state: True
output:        JobID                                                      JobName      State 
------------        ----------------------------------------------------- ---------- 
1944464                                                       h2o_o--01-1  COMPLETED 

state: True
output:        JobID                                                      JobName      State 
------------        ----------------------------------------------------- ---------- 
1944465                                                       h2o_o--01-2  COMPLETED 

state: True
output:        JobID                                                      JobName      State 
------------        ----------------------------------------------------- ---------- 
1944466                                                       h2o_o--01-3  COMPLETED 

state: True
output:        JobID                                                      JobName      State 
------------        ----------------------------------------------------- ---------- 
1944467                                                       h2o_o--01-4  COMPLETED 

state: True
output:        JobID                                                      JobName      State 
------------        ----------------------------------------------------- ---------- 
1944468                                                       h2o_o--01-5  COMPLETED 

state: True
output:        JobID                                                      JobName      State 
------------        ----------------------------------------------------- ---------- 
1944469                                                       h2o_o--01-6  COMPLETED 

state: True
output:        JobID                                                      JobName      State 
------------        ----------------------------------------------------- ---------- 
1944470                                                       h2o_o--01-7  COMPLETED 


====================Beginning new step 2======================

Creating correct gradient class
[ 0.00000000e+00  0.00000000e+00  2.37978971e+00  4.39992574e-17
 -1.43712481e+00  3.49381341e+00 -4.39992574e-17  1.43712481e+00
  3.49381341e+00  0.00000000e+00  0.00000000e+00 -2.82007372e+00]
[ 0.00000000e+00  0.00000000e+00  2.38160940e+00  4.39992574e-17
 -1.43712481e+00  3.49219737e+00 -4.39992574e-17  1.43712481e+00
  3.49219737e+00  0.00000000e+00  0.00000000e+00 -2.82168976e+00]
[ 0.00000000e+00  0.00000000e+00  2.38069955e+00  4.39992574e-17
 -1.44064659e+00  3.49300539e+00 -4.39992574e-17  1.44064659e+00
  3.49300539e+00  0.00000000e+00  0.00000000e+00 -2.82088174e+00]
[ 0.00000000e+00  0.00000000e+00  2.38069955e+00  4.39992574e-17
 -1.43360303e+00  3.49300539e+00 -4.39992574e-17  1.43360303e+00
  3.49300539e+00  0.00000000e+00  0.00000000e+00 -2.82088174e+00]
[ 0.00000000e+00  0.00000000e+00  2.38069955e+00  4.39992574e-17
 -1.43712481e+00  3.48968652e+00 -4.39992574e-17  1.43712481e+00
  3.48968652e+00  0.00000000e+00  0.00000000e+00 -2.82046350e+00]
[ 0.00000000e+00  0.00000000e+00  2.38069955e+00  4.39992574e-17
 -1.43712481e+00  3.49632425e+00 -4.39992574e-17  1.43712481e+00
  3.49632425e+00  0.00000000e+00  0.00000000e+00 -2.82129998e+00]
Could not open output file for singlepoint: 1
Tried to open /scratch/smg13363/workDir/0_oh_dimer/h2o_o/opts/ccsd_t/atz/STEP02/1/output.dat
Could not open output file for singlepoint: 2
Tried to open /scratch/smg13363/workDir/0_oh_dimer/h2o_o/opts/ccsd_t/atz/STEP02/2/output.dat
Could not open output file for singlepoint: 3
Tried to open /scratch/smg13363/workDir/0_oh_dimer/h2o_o/opts/ccsd_t/atz/STEP02/3/output.dat
Could not open output file for singlepoint: 4
Tried to open /scratch/smg13363/workDir/0_oh_dimer/h2o_o/opts/ccsd_t/atz/STEP02/4/output.dat
Could not open output file for singlepoint: 5
Tried to open /scratch/smg13363/workDir/0_oh_dimer/h2o_o/opts/ccsd_t/atz/STEP02/5/output.dat
Could not open output file for singlepoint: 6
Tried to open /scratch/smg13363/workDir/0_oh_dimer/h2o_o/opts/ccsd_t/atz/STEP02/6/output.dat
Could not open output file for singlepoint: 7
Tried to open /scratch/smg13363/workDir/0_oh_dimer/h2o_o/opts/ccsd_t/atz/STEP02/7/output.dat
state: False
output:        JobID                                                      JobName      State 
------------        ----------------------------------------------------- ---------- 
1944480                                                       h2o_o--02-1    RUNNING 

state: False
output:        JobID                                                      JobName      State 
------------        ----------------------------------------------------- ---------- 
1944481                                                       h2o_o--02-2    RUNNING 

state: False
output:        JobID                                                      JobName      State 
------------        ----------------------------------------------------- ---------- 
1944482                                                       h2o_o--02-3    RUNNING 

state: True
output:        JobID                                                      JobName      State 
------------        ----------------------------------------------------- ---------- 
1944483                                                       h2o_o--02-4  COMPLETED 

state: False
output:        JobID                                                      JobName      State 
------------        ----------------------------------------------------- ---------- 
1944484                                                       h2o_o--02-5    RUNNING 

state: False
output:        JobID                                                      JobName      State 
------------        ----------------------------------------------------- ---------- 
1944485                                                       h2o_o--02-6    RUNNING 

state: True
output:        JobID                                                      JobName      State 
------------        ----------------------------------------------------- ---------- 
1944486                                                       h2o_o--02-7  COMPLETED 


====================Beginning new step 3======================

Creating correct gradient class
[ 0.00000000e+00  0.00000000e+00  2.38685360e+00  4.39972150e-17
 -1.43705810e+00  3.50069423e+00 -4.39972150e-17  1.43705810e+00
  3.50069423e+00  0.00000000e+00  0.00000000e+00 -2.82800473e+00]
[ 0.00000000e+00  0.00000000e+00  2.38867330e+00  4.39972150e-17
 -1.43705810e+00  3.49907819e+00 -4.39972150e-17  1.43705810e+00
  3.49907819e+00  0.00000000e+00  0.00000000e+00 -2.82962077e+00]
[ 0.00000000e+00  0.00000000e+00  2.38776345e+00  4.39972150e-17
 -1.44057988e+00  3.49988621e+00 -4.39972150e-17  1.44057988e+00
  3.49988621e+00  0.00000000e+00  0.00000000e+00 -2.82881275e+00]
[ 0.00000000e+00  0.00000000e+00  2.38776345e+00  4.39972150e-17
 -1.43353632e+00  3.49988621e+00 -4.39972150e-17  1.43353632e+00
  3.49988621e+00  0.00000000e+00  0.00000000e+00 -2.82881275e+00]
[ 0.00000000e+00  0.00000000e+00  2.38776345e+00  4.39972150e-17
 -1.43705810e+00  3.49656735e+00 -4.39972150e-17  1.43705810e+00
  3.49656735e+00  0.00000000e+00  0.00000000e+00 -2.82839451e+00]
[ 0.00000000e+00  0.00000000e+00  2.38776345e+00  4.39972150e-17
 -1.43705810e+00  3.50320508e+00 -4.39972150e-17  1.43705810e+00
  3.50320508e+00  0.00000000e+00  0.00000000e+00 -2.82923099e+00]
Could not open output file for singlepoint: 1
Tried to open /scratch/smg13363/workDir/0_oh_dimer/h2o_o/opts/ccsd_t/atz/STEP03/1/output.dat
Could not open output file for singlepoint: 2
Tried to open /scratch/smg13363/workDir/0_oh_dimer/h2o_o/opts/ccsd_t/atz/STEP03/2/output.dat
Could not open output file for singlepoint: 3
Tried to open /scratch/smg13363/workDir/0_oh_dimer/h2o_o/opts/ccsd_t/atz/STEP03/3/output.dat
Could not open output file for singlepoint: 4
Tried to open /scratch/smg13363/workDir/0_oh_dimer/h2o_o/opts/ccsd_t/atz/STEP03/4/output.dat
Could not open output file for singlepoint: 5
Tried to open /scratch/smg13363/workDir/0_oh_dimer/h2o_o/opts/ccsd_t/atz/STEP03/5/output.dat
Could not open output file for singlepoint: 6
Tried to open /scratch/smg13363/workDir/0_oh_dimer/h2o_o/opts/ccsd_t/atz/STEP03/6/output.dat
Could not open output file for singlepoint: 7
Tried to open /scratch/smg13363/workDir/0_oh_dimer/h2o_o/opts/ccsd_t/atz/STEP03/7/output.dat
state: False
output:        JobID                                                      JobName      State 
------------        ----------------------------------------------------- ---------- 
1944491                                                       h2o_o--03-1    RUNNING 

state: False
output:        JobID                                                      JobName      State 
------------        ----------------------------------------------------- ---------- 
1944492                                                       h2o_o--03-2    RUNNING 

state: True
output:        JobID                                                      JobName      State 
------------        ----------------------------------------------------- ---------- 
1944493                                                       h2o_o--03-3  COMPLETED 

state: True
output:        JobID                                                      JobName      State 
------------        ----------------------------------------------------- ---------- 
1944494                                                       h2o_o--03-4  COMPLETED 

state: False
output:        JobID                                                      JobName      State 
------------        ----------------------------------------------------- ---------- 
1944495                                                       h2o_o--03-5    RUNNING 

state: False
output:        JobID                                                      JobName      State 
------------        ----------------------------------------------------- ---------- 
1944496                                                       h2o_o--03-6    RUNNING 

state: True
output:        JobID                                                      JobName      State 
------------        ----------------------------------------------------- ---------- 
1944497                                                       h2o_o--03-7  COMPLETED 


====================Beginning new step 4======================

Creating correct gradient class
[ 0.00000000e+00  0.00000000e+00  2.39689035e+00  4.39683551e-17
 -1.43611546e+00  3.51184219e+00 -4.39683551e-17  1.43611546e+00
  3.51184219e+00  0.00000000e+00  0.00000000e+00 -2.83944632e+00]
[ 0.00000000e+00  0.00000000e+00  2.39871004e+00  4.39683551e-17
 -1.43611546e+00  3.51022614e+00 -4.39683551e-17  1.43611546e+00
  3.51022614e+00  0.00000000e+00  0.00000000e+00 -2.84106236e+00]
[ 0.00000000e+00  0.00000000e+00  2.39780019e+00  4.39683551e-17
 -1.43963724e+00  3.51103416e+00 -4.39683551e-17  1.43963724e+00
  3.51103416e+00  0.00000000e+00  0.00000000e+00 -2.84025434e+00]
[ 0.00000000e+00  0.00000000e+00  2.39780019e+00  4.39683551e-17
 -1.43259368e+00  3.51103416e+00 -4.39683551e-17  1.43259368e+00
  3.51103416e+00  0.00000000e+00  0.00000000e+00 -2.84025434e+00]
[ 0.00000000e+00  0.00000000e+00  2.39780019e+00  4.39683551e-17
 -1.43611546e+00  3.50771530e+00 -4.39683551e-17  1.43611546e+00
  3.50771530e+00  0.00000000e+00  0.00000000e+00 -2.83983610e+00]
[ 0.00000000e+00  0.00000000e+00  2.39780019e+00  4.39683551e-17
 -1.43611546e+00  3.51435303e+00 -4.39683551e-17  1.43611546e+00
  3.51435303e+00  0.00000000e+00  0.00000000e+00 -2.84067258e+00]
Could not open output file for singlepoint: 1
Tried to open /scratch/smg13363/workDir/0_oh_dimer/h2o_o/opts/ccsd_t/atz/STEP04/1/output.dat
Could not open output file for singlepoint: 2
Tried to open /scratch/smg13363/workDir/0_oh_dimer/h2o_o/opts/ccsd_t/atz/STEP04/2/output.dat
Could not open output file for singlepoint: 3
Tried to open /scratch/smg13363/workDir/0_oh_dimer/h2o_o/opts/ccsd_t/atz/STEP04/3/output.dat
Could not open output file for singlepoint: 4
Tried to open /scratch/smg13363/workDir/0_oh_dimer/h2o_o/opts/ccsd_t/atz/STEP04/4/output.dat
Could not open output file for singlepoint: 5
Tried to open /scratch/smg13363/workDir/0_oh_dimer/h2o_o/opts/ccsd_t/atz/STEP04/5/output.dat
Could not open output file for singlepoint: 6
Tried to open /scratch/smg13363/workDir/0_oh_dimer/h2o_o/opts/ccsd_t/atz/STEP04/6/output.dat
Could not open output file for singlepoint: 7
Tried to open /scratch/smg13363/workDir/0_oh_dimer/h2o_o/opts/ccsd_t/atz/STEP04/7/output.dat
state: False
output:        JobID                                                      JobName      State 
------------        ----------------------------------------------------- ---------- 
1944506                                                       h2o_o--04-1    RUNNING 

state: False
output:        JobID                                                      JobName      State 
------------        ----------------------------------------------------- ---------- 
1944507                                                       h2o_o--04-2    RUNNING 

state: False
output:        JobID                                                      JobName      State 
------------        ----------------------------------------------------- ---------- 
1944508                                                       h2o_o--04-3    RUNNING 

state: True
output:        JobID                                                      JobName      State 
------------        ----------------------------------------------------- ---------- 
1944509                                                       h2o_o--04-4  COMPLETED 

state: True
output:        JobID                                                      JobName      State 
------------        ----------------------------------------------------- ---------- 
1944510                                                       h2o_o--04-5  COMPLETED 

state: True
output:        JobID                                                      JobName      State 
------------        ----------------------------------------------------- ---------- 
1944511                                                       h2o_o--04-6  COMPLETED 

state: True
output:        JobID                                                      JobName      State 
------------        ----------------------------------------------------- ---------- 
1944512                                                       h2o_o--04-7  COMPLETED 


====================Beginning new step 5======================

Creating correct gradient class
[ 0.00000000e+00  0.00000000e+00  2.39923330e+00  4.39608332e-17
 -1.43586978e+00  3.51467384e+00 -4.39608332e-17  1.43586978e+00
  3.51467384e+00  0.00000000e+00  0.00000000e+00 -2.84214610e+00]
[ 0.00000000e+00  0.00000000e+00  2.40105299e+00  4.39608332e-17
 -1.43586978e+00  3.51305780e+00 -4.39608332e-17  1.43586978e+00
  3.51305780e+00  0.00000000e+00  0.00000000e+00 -2.84376215e+00]
[ 0.00000000e+00  0.00000000e+00  2.40014314e+00  4.39608332e-17
 -1.43939156e+00  3.51386582e+00 -4.39608332e-17  1.43939156e+00
  3.51386582e+00  0.00000000e+00  0.00000000e+00 -2.84295413e+00]
[ 0.00000000e+00  0.00000000e+00  2.40014314e+00  4.39608332e-17
 -1.43234800e+00  3.51386582e+00 -4.39608332e-17  1.43234800e+00
  3.51386582e+00  0.00000000e+00  0.00000000e+00 -2.84295413e+00]
[ 0.00000000e+00  0.00000000e+00  2.40014314e+00  4.39608332e-17
 -1.43586978e+00  3.51054696e+00 -4.39608332e-17  1.43586978e+00
  3.51054696e+00  0.00000000e+00  0.00000000e+00 -2.84253589e+00]
[ 0.00000000e+00  0.00000000e+00  2.40014314e+00  4.39608332e-17
 -1.43586978e+00  3.51718469e+00 -4.39608332e-17  1.43586978e+00
  3.51718469e+00  0.00000000e+00  0.00000000e+00 -2.84337236e+00]
Could not open output file for singlepoint: 1
Tried to open /scratch/smg13363/workDir/0_oh_dimer/h2o_o/opts/ccsd_t/atz/STEP05/1/output.dat
Could not open output file for singlepoint: 2
Tried to open /scratch/smg13363/workDir/0_oh_dimer/h2o_o/opts/ccsd_t/atz/STEP05/2/output.dat
Could not open output file for singlepoint: 3
Tried to open /scratch/smg13363/workDir/0_oh_dimer/h2o_o/opts/ccsd_t/atz/STEP05/3/output.dat
Could not open output file for singlepoint: 4
Tried to open /scratch/smg13363/workDir/0_oh_dimer/h2o_o/opts/ccsd_t/atz/STEP05/4/output.dat
Could not open output file for singlepoint: 5
Tried to open /scratch/smg13363/workDir/0_oh_dimer/h2o_o/opts/ccsd_t/atz/STEP05/5/output.dat
Could not open output file for singlepoint: 6
Tried to open /scratch/smg13363/workDir/0_oh_dimer/h2o_o/opts/ccsd_t/atz/STEP05/6/output.dat
Could not open output file for singlepoint: 7
Tried to open /scratch/smg13363/workDir/0_oh_dimer/h2o_o/opts/ccsd_t/atz/STEP05/7/output.dat
state: False
output:        JobID                                                      JobName      State 
------------        ----------------------------------------------------- ---------- 
1944518                                                       h2o_o--05-1    RUNNING 

state: False
output:        JobID                                                      JobName      State 
------------        ----------------------------------------------------- ---------- 
1944519                                                       h2o_o--05-2    RUNNING 

state: True
output:        JobID                                                      JobName      State 
------------        ----------------------------------------------------- ---------- 
1944520                                                       h2o_o--05-3  COMPLETED 

state: True
output:        JobID                                                      JobName      State 
------------        ----------------------------------------------------- ---------- 
1944521                                                       h2o_o--05-4  COMPLETED 

state: False
output:        JobID                                                      JobName      State 
------------        ----------------------------------------------------- ---------- 
1944522                                                       h2o_o--05-5    RUNNING 

state: True
output:        JobID                                                      JobName      State 
------------        ----------------------------------------------------- ---------- 
1944523                                                       h2o_o--05-6  COMPLETED 

state: False
output:        JobID                                                      JobName      State 
------------        ----------------------------------------------------- ---------- 
1944524                                                       h2o_o--05-7    RUNNING 


====================Beginning new step 6======================

Creating correct gradient class
[ 0.00000000e+00  0.00000000e+00  2.39936430e+00  4.39608037e-17
 -1.43586881e+00  3.51484429e+00 -4.39608037e-17  1.43586881e+00
  3.51484429e+00  0.00000000e+00  0.00000000e+00 -2.84229858e+00]
[ 0.00000000e+00  0.00000000e+00  2.40118399e+00  4.39608037e-17
 -1.43586881e+00  3.51322825e+00 -4.39608037e-17  1.43586881e+00
  3.51322825e+00  0.00000000e+00  0.00000000e+00 -2.84391463e+00]
[ 0.00000000e+00  0.00000000e+00  2.40027414e+00  4.39608037e-17
 -1.43939060e+00  3.51403627e+00 -4.39608037e-17  1.43939060e+00
  3.51403627e+00  0.00000000e+00  0.00000000e+00 -2.84310661e+00]
[ 0.00000000e+00  0.00000000e+00  2.40027414e+00  4.39608037e-17
 -1.43234703e+00  3.51403627e+00 -4.39608037e-17  1.43234703e+00
  3.51403627e+00  0.00000000e+00  0.00000000e+00 -2.84310661e+00]
[ 0.00000000e+00  0.00000000e+00  2.40027414e+00  4.39608037e-17
 -1.43586881e+00  3.51071740e+00 -4.39608037e-17  1.43586881e+00
  3.51071740e+00  0.00000000e+00  0.00000000e+00 -2.84268837e+00]
[ 0.00000000e+00  0.00000000e+00  2.40027414e+00  4.39608037e-17
 -1.43586881e+00  3.51735513e+00 -4.39608037e-17  1.43586881e+00
  3.51735513e+00  0.00000000e+00  0.00000000e+00 -2.84352484e+00]
Could not open output file for singlepoint: 1
Tried to open /scratch/smg13363/workDir/0_oh_dimer/h2o_o/opts/ccsd_t/atz/STEP06/1/output.dat
Could not open output file for singlepoint: 2
Tried to open /scratch/smg13363/workDir/0_oh_dimer/h2o_o/opts/ccsd_t/atz/STEP06/2/output.dat
Could not open output file for singlepoint: 3
Tried to open /scratch/smg13363/workDir/0_oh_dimer/h2o_o/opts/ccsd_t/atz/STEP06/3/output.dat
Could not open output file for singlepoint: 4
Tried to open /scratch/smg13363/workDir/0_oh_dimer/h2o_o/opts/ccsd_t/atz/STEP06/4/output.dat
Could not open output file for singlepoint: 5
Tried to open /scratch/smg13363/workDir/0_oh_dimer/h2o_o/opts/ccsd_t/atz/STEP06/5/output.dat
Could not open output file for singlepoint: 6
Tried to open /scratch/smg13363/workDir/0_oh_dimer/h2o_o/opts/ccsd_t/atz/STEP06/6/output.dat
Could not open output file for singlepoint: 7
Tried to open /scratch/smg13363/workDir/0_oh_dimer/h2o_o/opts/ccsd_t/atz/STEP06/7/output.dat
state: False
output:        JobID                                                      JobName      State 
------------        ----------------------------------------------------- ---------- 
1944543                                                       h2o_o--06-1    RUNNING 

state: False
output:        JobID                                                      JobName      State 
------------        ----------------------------------------------------- ---------- 
1944544                                                       h2o_o--06-2    RUNNING 

state: False
output:        JobID                                                      JobName      State 
------------        ----------------------------------------------------- ---------- 
1944545                                                       h2o_o--06-3    RUNNING 

state: True
output:        JobID                                                      JobName      State 
------------        ----------------------------------------------------- ---------- 
1944546                                                       h2o_o--06-4  COMPLETED 

state: True
output:        JobID                                                      JobName      State 
------------        ----------------------------------------------------- ---------- 
1944547                                                       h2o_o--06-5  COMPLETED 

state: True
output:        JobID                                                      JobName      State 
------------        ----------------------------------------------------- ---------- 
1944548                                                       h2o_o--06-6  COMPLETED 

state: True
output:        JobID                                                      JobName      State 
------------        ----------------------------------------------------- ---------- 
1944549                                                       h2o_o--06-7  COMPLETED 


====================Beginning new step 7======================

Creating correct gradient class
[ 0.00000000e+00  0.00000000e+00  2.39936685e+00  4.39608389e-17
 -1.43586996e+00  3.51484953e+00 -4.39608389e-17  1.43586996e+00
  3.51484953e+00  0.00000000e+00  0.00000000e+00 -2.84230180e+00]
[ 0.00000000e+00  0.00000000e+00  2.40118654e+00  4.39608389e-17
 -1.43586996e+00  3.51323348e+00 -4.39608389e-17  1.43586996e+00
  3.51323348e+00  0.00000000e+00  0.00000000e+00 -2.84391784e+00]
[ 0.00000000e+00  0.00000000e+00  2.40027670e+00  4.39608389e-17
 -1.43939175e+00  3.51404151e+00 -4.39608389e-17  1.43939175e+00
  3.51404151e+00  0.00000000e+00  0.00000000e+00 -2.84310982e+00]
[ 0.00000000e+00  0.00000000e+00  2.40027670e+00  4.39608389e-17
 -1.43234818e+00  3.51404151e+00 -4.39608389e-17  1.43234818e+00
  3.51404151e+00  0.00000000e+00  0.00000000e+00 -2.84310982e+00]
[ 0.00000000e+00  0.00000000e+00  2.40027670e+00  4.39608389e-17
 -1.43586996e+00  3.51072264e+00 -4.39608389e-17  1.43586996e+00
  3.51072264e+00  0.00000000e+00  0.00000000e+00 -2.84269158e+00]
[ 0.00000000e+00  0.00000000e+00  2.40027670e+00  4.39608389e-17
 -1.43586996e+00  3.51736037e+00 -4.39608389e-17  1.43586996e+00
  3.51736037e+00  0.00000000e+00  0.00000000e+00 -2.84352806e+00]
Could not open output file for singlepoint: 1
Tried to open /scratch/smg13363/workDir/0_oh_dimer/h2o_o/opts/ccsd_t/atz/STEP07/1/output.dat
Could not open output file for singlepoint: 2
Tried to open /scratch/smg13363/workDir/0_oh_dimer/h2o_o/opts/ccsd_t/atz/STEP07/2/output.dat
Could not open output file for singlepoint: 3
Tried to open /scratch/smg13363/workDir/0_oh_dimer/h2o_o/opts/ccsd_t/atz/STEP07/3/output.dat
Could not open output file for singlepoint: 4
Tried to open /scratch/smg13363/workDir/0_oh_dimer/h2o_o/opts/ccsd_t/atz/STEP07/4/output.dat
Could not open output file for singlepoint: 5
Tried to open /scratch/smg13363/workDir/0_oh_dimer/h2o_o/opts/ccsd_t/atz/STEP07/5/output.dat
Could not open output file for singlepoint: 6
Tried to open /scratch/smg13363/workDir/0_oh_dimer/h2o_o/opts/ccsd_t/atz/STEP07/6/output.dat
Could not open output file for singlepoint: 7
Tried to open /scratch/smg13363/workDir/0_oh_dimer/h2o_o/opts/ccsd_t/atz/STEP07/7/output.dat
state: False
output:        JobID                                                      JobName      State 
------------        ----------------------------------------------------- ---------- 
1944552                                                       h2o_o--07-1    RUNNING 

state: False
output:        JobID                                                      JobName      State 
------------        ----------------------------------------------------- ---------- 
1944553                                                       h2o_o--07-2    RUNNING 

state: True
output:        JobID                                                      JobName      State 
------------        ----------------------------------------------------- ---------- 
1944554                                                       h2o_o--07-3  COMPLETED 

state: True
output:        JobID                                                      JobName      State 
------------        ----------------------------------------------------- ---------- 
1944555                                                       h2o_o--07-4  COMPLETED 

state: False
output:        JobID                                                      JobName      State 
------------        ----------------------------------------------------- ---------- 
1944556                                                       h2o_o--07-5    RUNNING 

state: False
output:        JobID                                                      JobName      State 
------------        ----------------------------------------------------- ---------- 
1944557                                                       h2o_o--07-6    RUNNING 

state: True
output:        JobID                                                      JobName      State 
------------        ----------------------------------------------------- ---------- 
1944558                                                       h2o_o--07-7  COMPLETED 


====================Beginning new step 8======================

Creating correct gradient class
[ 0.00000000e+00  0.00000000e+00  2.39936675e+00  4.39608423e-17
 -1.43587008e+00  3.51484966e+00 -4.39608423e-17  1.43587008e+00
  3.51484966e+00  0.00000000e+00  0.00000000e+00 -2.84230172e+00]
[ 0.00000000e+00  0.00000000e+00  2.40118644e+00  4.39608423e-17
 -1.43587008e+00  3.51323362e+00 -4.39608423e-17  1.43587008e+00
  3.51323362e+00  0.00000000e+00  0.00000000e+00 -2.84391776e+00]
[ 0.00000000e+00  0.00000000e+00  2.40027660e+00  4.39608423e-17
 -1.43939186e+00  3.51404164e+00 -4.39608423e-17  1.43939186e+00
  3.51404164e+00  0.00000000e+00  0.00000000e+00 -2.84310974e+00]
[ 0.00000000e+00  0.00000000e+00  2.40027660e+00  4.39608423e-17
 -1.43234830e+00  3.51404164e+00 -4.39608423e-17  1.43234830e+00
  3.51404164e+00  0.00000000e+00  0.00000000e+00 -2.84310974e+00]
[ 0.00000000e+00  0.00000000e+00  2.40027660e+00  4.39608423e-17
 -1.43587008e+00  3.51072277e+00 -4.39608423e-17  1.43587008e+00
  3.51072277e+00  0.00000000e+00  0.00000000e+00 -2.84269150e+00]
[ 0.00000000e+00  0.00000000e+00  2.40027660e+00  4.39608423e-17
 -1.43587008e+00  3.51736050e+00 -4.39608423e-17  1.43587008e+00
  3.51736050e+00  0.00000000e+00  0.00000000e+00 -2.84352797e+00]
Could not open output file for singlepoint: 1
Tried to open /scratch/smg13363/workDir/0_oh_dimer/h2o_o/opts/ccsd_t/atz/STEP08/1/output.dat
Could not open output file for singlepoint: 2
Tried to open /scratch/smg13363/workDir/0_oh_dimer/h2o_o/opts/ccsd_t/atz/STEP08/2/output.dat
Could not open output file for singlepoint: 3
Tried to open /scratch/smg13363/workDir/0_oh_dimer/h2o_o/opts/ccsd_t/atz/STEP08/3/output.dat
Could not open output file for singlepoint: 4
Tried to open /scratch/smg13363/workDir/0_oh_dimer/h2o_o/opts/ccsd_t/atz/STEP08/4/output.dat
Could not open output file for singlepoint: 5
Tried to open /scratch/smg13363/workDir/0_oh_dimer/h2o_o/opts/ccsd_t/atz/STEP08/5/output.dat
Could not open output file for singlepoint: 6
Tried to open /scratch/smg13363/workDir/0_oh_dimer/h2o_o/opts/ccsd_t/atz/STEP08/6/output.dat
Could not open output file for singlepoint: 7
Tried to open /scratch/smg13363/workDir/0_oh_dimer/h2o_o/opts/ccsd_t/atz/STEP08/7/output.dat
state: False
output:        JobID                                                      JobName      State 
------------        ----------------------------------------------------- ---------- 
1944575                                                       h2o_o--08-1    RUNNING 

state: False
output:        JobID                                                      JobName      State 
------------        ----------------------------------------------------- ---------- 
1944576                                                       h2o_o--08-2    RUNNING 

state: True
output:        JobID                                                      JobName      State 
------------        ----------------------------------------------------- ---------- 
1944577                                                       h2o_o--08-3  COMPLETED 

state: False
output:        JobID                                                      JobName      State 
------------        ----------------------------------------------------- ---------- 
1944578                                                       h2o_o--08-4    RUNNING 

state: True
output:        JobID                                                      JobName      State 
------------        ----------------------------------------------------- ---------- 
1944579                                                       h2o_o--08-5  COMPLETED 

state: True
output:        JobID                                                      JobName      State 
------------        ----------------------------------------------------- ---------- 
1944580                                                       h2o_o--08-6  COMPLETED 

state: True
output:        JobID                                                      JobName      State 
------------        ----------------------------------------------------- ---------- 
1944581                                                       h2o_o--08-7  COMPLETED 



 OPTIMIZATION HAS FINISHED!


