 Running cfour on c1-16.compute.lan
 Running calculation...
 @GETMEM-I,  Allocated   38146 MB of main memory.
 ENERGY    MP2         -151.220942457626     
 ENERGY    CCSDT       -151.261375425813     
 ENERGY    CCSDT       -151.261375425813     
  -151.261375425813     
  4.789036603520672E-002 -1.756797863220128E-002  0.000000000000000E+000
 -4.789036603520672E-002  1.756797863220128E-002  0.000000000000000E+000
  2.017884420085492E-004  5.906463996551495E-002  0.000000000000000E+000
 -2.017884420085492E-004 -5.906463996551495E-002  0.000000000000000E+000
 @CHECKOUT-I, Total execution time (CPU/WALL):        0.01/       0.06 seconds.
 Saving data and cleaning up...
OPTARC
JOBARC
JAINDX
FJOBARC
MOLDEN
NEWMOS
den.dat
 Job complete on c1-16.compute.lan.
